#
# There is insufficient memory for the Java Runtime Environment to continue.
# Native memory allocation (malloc) failed to allocate 2375488 bytes. Error detail: Chunk::new
# Possible reasons:
#   The system is out of physical RAM or swap space
#   This process is running with CompressedOops enabled, and the Java Heap may be blocking the growth of the native heap
# Possible solutions:
#   Reduce memory load on the system
#   Increase physical memory or swap space
#   Check if swap backing store is full
#   Decrease Java heap size (-Xmx/-Xms)
#   Decrease number of Java threads
#   Decrease Java thread stack sizes (-Xss)
#   Set larger code cache with -XX:ReservedCodeCacheSize=
#   JVM is running with Zero Based Compressed Oops mode in which the Java heap is
#     placed in the first 32GB address space. The Java Heap base address is the
#     maximum limit for the native heap growth. Please use -XX:HeapBaseMinAddress
#     to set the Java Heap base and to place the Java Heap above 32GB virtual address.
# This output file may be truncated or incomplete.
#
#  Out of Memory Error (arena.cpp:191), pid=11996, tid=4728
#
# JRE version: OpenJDK Runtime Environment Temurin-17.0.15+6 (17.0.15+6) (build 17.0.15+6)
# Java VM: OpenJDK 64-Bit Server VM Temurin-17.0.15+6 (17.0.15+6, mixed mode, sharing, tiered, compressed oops, compressed class ptrs, g1 gc, windows-amd64)
# No core dump will be written. Minidumps are not enabled by default on client versions of Windows
#

---------------  S U M M A R Y ------------

Command Line: -XX:MaxMetaspaceSize=4G -XX:ReservedCodeCacheSize=512m -XX:+HeapDumpOnOutOfMemoryError --add-opens=java.base/java.util=ALL-UNNAMED --add-opens=java.base/java.lang=ALL-UNNAMED --add-opens=java.base/java.lang.invoke=ALL-UNNAMED --add-opens=java.prefs/java.util.prefs=ALL-UNNAMED --add-exports=jdk.compiler/com.sun.tools.javac.api=ALL-UNNAMED --add-exports=jdk.compiler/com.sun.tools.javac.util=ALL-UNNAMED --add-opens=java.base/java.nio.charset=ALL-UNNAMED --add-opens=java.base/java.net=ALL-UNNAMED --add-opens=java.base/java.util.concurrent.atomic=ALL-UNNAMED -Xmx8G -Dfile.encoding=utf8 -Duser.country=US -Duser.language=en -Duser.variant -javaagent:C:\Users\hlchy\.gradle\wrapper\dists\gradle-8.10.2-all\7iv73wktx1xtkvlq19urqw1wm\gradle-8.10.2\lib\agents\gradle-instrumentation-agent-8.10.2.jar org.gradle.launcher.daemon.bootstrap.GradleDaemon 8.10.2

Host: AMD Ryzen 7 6800H with Radeon Graphics         , 16 cores, 7G,  Windows 11 , 64 bit Build 26100 (10.0.26100.4202)
Time: Sun Jun  8 22:13:42 2025 SE Asia Standard Time elapsed time: 6.503773 seconds (0d 0h 0m 6s)

---------------  T H R E A D  ---------------

Current thread (0x000001d17f5a9a90):  JavaThread "C2 CompilerThread0" daemon [_thread_in_native, id=4728, stack(0x000000627eb00000,0x000000627ec00000)]


Current CompileTask:
C2:   6506 2589   !   4       java.lang.ClassLoader::loadClass (121 bytes)

Stack: [0x000000627eb00000,0x000000627ec00000]
Native frames: (J=compiled Java code, j=interpreted, Vv=VM code, C=native code)
V  [jvm.dll+0x682fc9]
V  [jvm.dll+0x839878]
V  [jvm.dll+0x83b323]
V  [jvm.dll+0x83b993]
V  [jvm.dll+0x24725f]
V  [jvm.dll+0xacea4]
V  [jvm.dll+0xad53c]
V  [jvm.dll+0x365c6e]
V  [jvm.dll+0x1baac9]
V  [jvm.dll+0x2183a7]
V  [jvm.dll+0x21768f]
V  [jvm.dll+0x1a31b0]
V  [jvm.dll+0x227a9c]
V  [jvm.dll+0x225bfb]
V  [jvm.dll+0x7ef018]
V  [jvm.dll+0x7e94dc]
V  [jvm.dll+0x681ea7]
C  [ucrtbase.dll+0x37b0]
C  [KERNEL32.DLL+0x2e8d7]
C  [ntdll.dll+0x3c34c]


---------------  P R O C E S S  ---------------

Threads class SMR info:
_java_thread_list=0x000001d1c62ee8b0, length=27, elements={
0x000001d140dedde0, 0x000001d17c6a4ea0, 0x000001d17c6a5a60, 0x000001d17f5a1ef0,
0x000001d17f5a27c0, 0x000001d17f5a3380, 0x000001d17f5a65f0, 0x000001d17f5a9a90,
0x000001d17f5aa540, 0x000001d17f5b02a0, 0x000001d17f6713d0, 0x000001d17f712100,
0x000001d17f714470, 0x000001d17f714980, 0x000001d17f713f60, 0x000001d1c61625a0,
0x000001d17f713540, 0x000001d17f713a50, 0x000001d17f714e90, 0x000001d17f7158b0,
0x000001d17f7153a0, 0x000001d17f712610, 0x000001d17f713030, 0x000001d1c756d440,
0x000001d1c756a6b0, 0x000001d1c756a1a0, 0x000001d1c7569c90
}

Java Threads: ( => current thread )
  0x000001d140dedde0 JavaThread "main" [_thread_blocked, id=26968, stack(0x000000627de00000,0x000000627df00000)]
  0x000001d17c6a4ea0 JavaThread "Reference Handler" daemon [_thread_blocked, id=22356, stack(0x000000627e500000,0x000000627e600000)]
  0x000001d17c6a5a60 JavaThread "Finalizer" daemon [_thread_blocked, id=6940, stack(0x000000627e600000,0x000000627e700000)]
  0x000001d17f5a1ef0 JavaThread "Signal Dispatcher" daemon [_thread_blocked, id=17820, stack(0x000000627e700000,0x000000627e800000)]
  0x000001d17f5a27c0 JavaThread "Attach Listener" daemon [_thread_blocked, id=29684, stack(0x000000627e800000,0x000000627e900000)]
  0x000001d17f5a3380 JavaThread "Service Thread" daemon [_thread_blocked, id=3908, stack(0x000000627e900000,0x000000627ea00000)]
  0x000001d17f5a65f0 JavaThread "Monitor Deflation Thread" daemon [_thread_blocked, id=25988, stack(0x000000627ea00000,0x000000627eb00000)]
=>0x000001d17f5a9a90 JavaThread "C2 CompilerThread0" daemon [_thread_in_native, id=4728, stack(0x000000627eb00000,0x000000627ec00000)]
  0x000001d17f5aa540 JavaThread "C1 CompilerThread0" daemon [_thread_blocked, id=18640, stack(0x000000627ec00000,0x000000627ed00000)]
  0x000001d17f5b02a0 JavaThread "Sweeper thread" daemon [_thread_blocked, id=27824, stack(0x000000627ed00000,0x000000627ee00000)]
  0x000001d17f6713d0 JavaThread "C1 CompilerThread1" daemon [_thread_blocked, id=1380, stack(0x000000627ee00000,0x000000627ef00000)]
  0x000001d17f712100 JavaThread "Common-Cleaner" daemon [_thread_blocked, id=32332, stack(0x000000627ef00000,0x000000627f000000)]
  0x000001d17f714470 JavaThread "Notification Thread" daemon [_thread_blocked, id=8972, stack(0x000000627f300000,0x000000627f400000)]
  0x000001d17f714980 JavaThread "Daemon health stats" [_thread_blocked, id=20996, stack(0x000000627fa00000,0x000000627fb00000)]
  0x000001d17f713f60 JavaThread "Incoming local TCP Connector on port 57879" [_thread_in_native, id=8332, stack(0x000000627f600000,0x000000627f700000)]
  0x000001d1c61625a0 JavaThread "C2 CompilerThread1" daemon [_thread_in_native, id=27164, stack(0x000000627fb00000,0x000000627fc00000)]
  0x000001d17f713540 JavaThread "Daemon periodic checks" [_thread_blocked, id=16192, stack(0x000000627fc00000,0x000000627fd00000)]
  0x000001d17f713a50 JavaThread "Daemon" [_thread_blocked, id=31264, stack(0x000000627fd00000,0x000000627fe00000)]
  0x000001d17f714e90 JavaThread "Handler for socket connection from /127.0.0.1:57879 to /127.0.0.1:57881" [_thread_in_native, id=26148, stack(0x000000627fe00000,0x000000627ff00000)]
  0x000001d17f7158b0 JavaThread "Cancel handler" [_thread_blocked, id=26688, stack(0x000000627ff00000,0x0000006280000000)]
  0x000001d17f7153a0 JavaThread "Daemon worker" [_thread_in_native, id=14472, stack(0x0000006200000000,0x0000006200100000)]
  0x000001d17f712610 JavaThread "Asynchronous log dispatcher for DefaultDaemonConnection: socket connection from /127.0.0.1:57879 to /127.0.0.1:57881" [_thread_blocked, id=31380, stack(0x0000006200100000,0x0000006200200000)]
  0x000001d17f713030 JavaThread "Stdin handler" [_thread_blocked, id=8996, stack(0x0000006200200000,0x0000006200300000)]
  0x000001d1c756d440 JavaThread "Daemon client event forwarder" [_thread_blocked, id=17756, stack(0x0000006200300000,0x0000006200400000)]
  0x000001d1c756a6b0 JavaThread "Cache worker for journal cache (C:\Users\hlchy\.gradle\caches\journal-1)" [_thread_blocked, id=23020, stack(0x0000006200400000,0x0000006200500000)]
  0x000001d1c756a1a0 JavaThread "File lock request listener" [_thread_in_native, id=30060, stack(0x0000006200500000,0x0000006200600000)]
  0x000001d1c7569c90 JavaThread "Cache worker for file hash cache (C:\Users\hlchy\.gradle\caches\8.10.2\fileHashes)" [_thread_blocked, id=12060, stack(0x0000006200600000,0x0000006200700000)]

Other Threads:
  0x000001d17c69e200 VMThread "VM Thread" [stack: 0x000000627e400000,0x000000627e500000] [id=8340]
  0x000001d17f7d8d60 WatcherThread [stack: 0x000000627f400000,0x000000627f500000] [id=14536]
  0x000001d17c4b0910 GCTaskThread "GC Thread#0" [stack: 0x000000627df00000,0x000000627e000000] [id=27436]
  0x000001d17f8d4560 GCTaskThread "GC Thread#1" [stack: 0x000000627f700000,0x000000627f800000] [id=24604]
  0x000001d1c5715000 GCTaskThread "GC Thread#2" [stack: 0x000000627f800000,0x000000627f900000] [id=23684]
  0x000001d1c55a5ae0 GCTaskThread "GC Thread#3" [stack: 0x000000627f200000,0x000000627f300000] [id=25444]
  0x000001d1c53e8890 GCTaskThread "GC Thread#4" [stack: 0x000000627f500000,0x000000627f600000] [id=21164]
  0x000001d1c6dbbf80 GCTaskThread "GC Thread#5" [stack: 0x000000627f900000,0x000000627fa00000] [id=31996]
  0x000001d1c75662a0 GCTaskThread "GC Thread#6" [stack: 0x0000006200700000,0x0000006200800000] [id=18596]
  0x000001d1c7603920 GCTaskThread "GC Thread#7" [stack: 0x0000006200800000,0x0000006200900000] [id=28904]
  0x000001d1c6de52c0 GCTaskThread "GC Thread#8" [stack: 0x0000006200900000,0x0000006200a00000] [id=12924]
  0x000001d1c7c40220 GCTaskThread "GC Thread#9" [stack: 0x0000006200a00000,0x0000006200b00000] [id=29924]
  0x000001d1c7c3ff60 GCTaskThread "GC Thread#10" [stack: 0x0000006200b00000,0x0000006200c00000] [id=2424]
  0x000001d1c7c3eee0 GCTaskThread "GC Thread#11" [stack: 0x0000006200c00000,0x0000006200d00000] [id=21384]
  0x000001d1c7c3f460 GCTaskThread "GC Thread#12" [stack: 0x0000006200d00000,0x0000006200e00000] [id=8144]
  0x000001d17c4c1770 ConcurrentGCThread "G1 Main Marker" [stack: 0x000000627e000000,0x000000627e100000] [id=10100]
  0x000001d17c4c2e60 ConcurrentGCThread "G1 Conc#0" [stack: 0x000000627e100000,0x000000627e200000] [id=17952]
  0x000001d17c5527a0 ConcurrentGCThread "G1 Refine#0" [stack: 0x000000627e200000,0x000000627e300000] [id=30412]
  0x000001d17c554080 ConcurrentGCThread "G1 Service" [stack: 0x000000627e300000,0x000000627e400000] [id=23824]

Threads with active compile tasks:
C2 CompilerThread0     6878 2589   !   4       java.lang.ClassLoader::loadClass (121 bytes)
C2 CompilerThread1     6880 2645   !   4       java.net.URLClassLoader::findClass (47 bytes)

VM state: not at safepoint (normal execution)

VM Mutex/Monitor currently owned by a thread: None

Heap address: 0x0000000600000000, size: 8192 MB, Compressed Oops mode: Zero based, Oop shift amount: 3

CDS archive(s) mapped at: [0x000001d180000000-0x000001d180bb0000-0x000001d180bb0000), size 12255232, SharedBaseAddress: 0x000001d180000000, ArchiveRelocationMode: 1.
Compressed class space mapped at: 0x000001d181000000-0x000001d1c1000000, reserved size: 1073741824
Narrow klass base: 0x000001d180000000, Narrow klass shift: 0, Narrow klass range: 0x100000000

GC Precious Log:
 CPUs: 16 total, 16 available
 Memory: 7436M
 Large Page Support: Disabled
 NUMA Support: Disabled
 Compressed Oops: Enabled (Zero based)
 Heap Region Size: 4M
 Heap Min Capacity: 8M
 Heap Initial Capacity: 120M
 Heap Max Capacity: 8G
 Pre-touch: Disabled
 Parallel Workers: 13
 Concurrent Workers: 3
 Concurrent Refinement Workers: 13
 Periodic GC: Disabled

Heap:
 garbage-first heap   total 122880K, used 25432K [0x0000000600000000, 0x0000000800000000)
  region size 4096K, 5 young (20480K), 3 survivors (12288K)
 Metaspace       used 17076K, committed 17408K, reserved 1114112K
  class space    used 2403K, committed 2560K, reserved 1048576K

Heap Regions: E=young(eden), S=young(survivor), O=old, HS=humongous(starts), HC=humongous(continues), CS=collection set, F=free, OA=open archive, CA=closed archive, TAMS=top-at-mark-start (previous, next)
|   0|0x0000000600000000, 0x0000000600400000, 0x0000000600400000|100%|HS|  |TAMS 0x0000000600000000, 0x0000000600000000| Complete 
|   1|0x0000000600400000, 0x0000000600800000, 0x0000000600800000|100%| O|  |TAMS 0x0000000600400000, 0x0000000600400000| Untracked 
|   2|0x0000000600800000, 0x0000000600af8800, 0x0000000600c00000| 74%| O|  |TAMS 0x0000000600800000, 0x0000000600800000| Untracked 
|   3|0x0000000600c00000, 0x0000000600c00000, 0x0000000601000000|  0%| F|  |TAMS 0x0000000600c00000, 0x0000000600c00000| Untracked 
|   4|0x0000000601000000, 0x0000000601000000, 0x0000000601400000|  0%| F|  |TAMS 0x0000000601000000, 0x0000000601000000| Untracked 
|   5|0x0000000601400000, 0x0000000601400000, 0x0000000601800000|  0%| F|  |TAMS 0x0000000601400000, 0x0000000601400000| Untracked 
|   6|0x0000000601800000, 0x0000000601800000, 0x0000000601c00000|  0%| F|  |TAMS 0x0000000601800000, 0x0000000601800000| Untracked 
|   7|0x0000000601c00000, 0x0000000601c00000, 0x0000000602000000|  0%| F|  |TAMS 0x0000000601c00000, 0x0000000601c00000| Untracked 
|   8|0x0000000602000000, 0x0000000602000000, 0x0000000602400000|  0%| F|  |TAMS 0x0000000602000000, 0x0000000602000000| Untracked 
|   9|0x0000000602400000, 0x0000000602400000, 0x0000000602800000|  0%| F|  |TAMS 0x0000000602400000, 0x0000000602400000| Untracked 
|  10|0x0000000602800000, 0x00000006029dd990, 0x0000000602c00000| 46%| S|CS|TAMS 0x0000000602800000, 0x0000000602800000| Complete 
|  11|0x0000000602c00000, 0x0000000603000000, 0x0000000603000000|100%| S|CS|TAMS 0x0000000602c00000, 0x0000000602c00000| Complete 
|  12|0x0000000603000000, 0x0000000603400000, 0x0000000603400000|100%| S|CS|TAMS 0x0000000603000000, 0x0000000603000000| Complete 
|  13|0x0000000603400000, 0x0000000603400000, 0x0000000603800000|  0%| F|  |TAMS 0x0000000603400000, 0x0000000603400000| Untracked 
|  14|0x0000000603800000, 0x0000000603800000, 0x0000000603c00000|  0%| F|  |TAMS 0x0000000603800000, 0x0000000603800000| Untracked 
|  15|0x0000000603c00000, 0x0000000603c00000, 0x0000000604000000|  0%| F|  |TAMS 0x0000000603c00000, 0x0000000603c00000| Untracked 
|  16|0x0000000604000000, 0x0000000604000000, 0x0000000604400000|  0%| F|  |TAMS 0x0000000604000000, 0x0000000604000000| Untracked 
|  17|0x0000000604400000, 0x0000000604400000, 0x0000000604800000|  0%| F|  |TAMS 0x0000000604400000, 0x0000000604400000| Untracked 
|  18|0x0000000604800000, 0x0000000604800000, 0x0000000604c00000|  0%| F|  |TAMS 0x0000000604800000, 0x0000000604800000| Untracked 
|  19|0x0000000604c00000, 0x0000000604c00000, 0x0000000605000000|  0%| F|  |TAMS 0x0000000604c00000, 0x0000000604c00000| Untracked 
|  20|0x0000000605000000, 0x0000000605000000, 0x0000000605400000|  0%| F|  |TAMS 0x0000000605000000, 0x0000000605000000| Untracked 
|  21|0x0000000605400000, 0x0000000605400000, 0x0000000605800000|  0%| F|  |TAMS 0x0000000605400000, 0x0000000605400000| Untracked 
|  22|0x0000000605800000, 0x0000000605800000, 0x0000000605c00000|  0%| F|  |TAMS 0x0000000605800000, 0x0000000605800000| Untracked 
|  23|0x0000000605c00000, 0x0000000605c00000, 0x0000000606000000|  0%| F|  |TAMS 0x0000000605c00000, 0x0000000605c00000| Untracked 
|  24|0x0000000606000000, 0x0000000606000000, 0x0000000606400000|  0%| F|  |TAMS 0x0000000606000000, 0x0000000606000000| Untracked 
|  25|0x0000000606400000, 0x0000000606400000, 0x0000000606800000|  0%| F|  |TAMS 0x0000000606400000, 0x0000000606400000| Untracked 
|  26|0x0000000606800000, 0x0000000606800000, 0x0000000606c00000|  0%| F|  |TAMS 0x0000000606800000, 0x0000000606800000| Untracked 
|  27|0x0000000606c00000, 0x0000000606c00000, 0x0000000607000000|  0%| F|  |TAMS 0x0000000606c00000, 0x0000000606c00000| Untracked 
|  28|0x0000000607000000, 0x00000006070f5118, 0x0000000607400000| 23%| E|  |TAMS 0x0000000607000000, 0x0000000607000000| Complete 
|  29|0x0000000607400000, 0x0000000607800000, 0x0000000607800000|100%| E|CS|TAMS 0x0000000607400000, 0x0000000607400000| Complete 

Card table byte_map: [0x000001d16a3e0000,0x000001d16b3e0000] _byte_map_base: 0x000001d1673e0000

Marking Bits (Prev, Next): (CMBitMap*) 0x000001d17c4b0e40, (CMBitMap*) 0x000001d17c4b0e80
 Prev Bits: [0x000001d16c3e0000, 0x000001d1743e0000)
 Next Bits: [0x000001d1743e0000, 0x000001d17c3e0000)

Polling page: 0x000001d13eec0000

Metaspace:

Usage:
  Non-class:     14.37 MB used.
      Class:      2.35 MB used.
       Both:     16.72 MB used.

Virtual space:
  Non-class space:       64.00 MB reserved,      14.50 MB ( 23%) committed,  1 nodes.
      Class space:        1.00 GB reserved,       2.50 MB ( <1%) committed,  1 nodes.
             Both:        1.06 GB reserved,      17.00 MB (  2%) committed. 

Chunk freelists:
   Non-Class:  1.50 MB
       Class:  13.55 MB
        Both:  15.05 MB

MaxMetaspaceSize: 4.00 GB
CompressedClassSpaceSize: 1.00 GB
Initial GC threshold: 21.00 MB
Current GC threshold: 21.00 MB
CDS: on
MetaspaceReclaimPolicy: balanced
 - commit_granule_bytes: 65536.
 - commit_granule_words: 8192.
 - virtual_space_node_default_size: 8388608.
 - enlarge_chunks_in_place: 1.
 - new_chunks_are_fully_committed: 0.
 - uncommit_free_chunks: 1.
 - use_allocation_guard: 0.
 - handle_deallocations: 1.


Internal statistics:

num_allocs_failed_limit: 0.
num_arena_births: 200.
num_arena_deaths: 0.
num_vsnodes_births: 2.
num_vsnodes_deaths: 0.
num_space_committed: 273.
num_space_uncommitted: 0.
num_chunks_returned_to_freelist: 0.
num_chunks_taken_from_freelist: 767.
num_chunk_merges: 0.
num_chunk_splits: 511.
num_chunks_enlarged: 374.
num_inconsistent_stats: 0.

CodeHeap 'non-profiled nmethods': size=258432Kb used=1383Kb max_used=1383Kb free=257048Kb
 bounds [0x000001d158ce0000, 0x000001d158f50000, 0x000001d168940000]
CodeHeap 'profiled nmethods': size=258368Kb used=5577Kb max_used=5577Kb free=252790Kb
 bounds [0x000001d148940000, 0x000001d148ec0000, 0x000001d158590000]
CodeHeap 'non-nmethods': size=7488Kb used=1796Kb max_used=2958Kb free=5691Kb
 bounds [0x000001d158590000, 0x000001d158880000, 0x000001d158ce0000]
 total_blobs=3243 nmethods=2702 adapters=452
 compilation: enabled
              stopped_count=0, restarted_count=0
 full_count=0

Compilation events (20 events):
Event: 5.325 Thread 0x000001d17f6713d0 nmethod 2672 0x000001d148ea2a90 code [0x000001d148ea2c60, 0x000001d148ea3198]
Event: 5.325 Thread 0x000001d17f5aa540 nmethod 2674 0x000001d148ea3290 code [0x000001d148ea3420, 0x000001d148ea3678]
Event: 5.325 Thread 0x000001d17f6713d0 2675       3       jdk.internal.misc.InnocuousThread::eraseThreadLocals (23 bytes)
Event: 5.326 Thread 0x000001d17f716740 nmethod 2670 0x000001d148ea3790 code [0x000001d148ea3980, 0x000001d148ea4068]
Event: 5.326 Thread 0x000001d17f6713d0 nmethod 2675 0x000001d148ea4210 code [0x000001d148ea43a0, 0x000001d148ea4598]
Event: 5.326 Thread 0x000001d17f718d20 nmethod 2673 0x000001d148ea4610 code [0x000001d148ea4820, 0x000001d148ea4fb8]
Event: 5.326 Thread 0x000001d17f5aa540 2677       3       org.gradle.initialization.MixInLegacyTypesClassLoader::shouldTransform (42 bytes)
Event: 5.326 Thread 0x000001d17f6713d0 2676   !   3       org.gradle.internal.classloader.TransformingClassLoader::findClass (203 bytes)
Event: 5.327 Thread 0x000001d17f5aa540 nmethod 2677 0x000001d148ea5310 code [0x000001d148ea54e0, 0x000001d148ea5918]
Event: 5.328 Thread 0x000001d17f6713d0 nmethod 2676 0x000001d148ea5a90 code [0x000001d148ea5f60, 0x000001d148ea8358]
Event: 5.349 Thread 0x000001d17f6713d0 2680       3       java.util.HashMap::put (13 bytes)
Event: 5.349 Thread 0x000001d17f6713d0 nmethod 2680 0x000001d148ea9310 code [0x000001d148ea94c0, 0x000001d148ea97b8]
Event: 5.354 Thread 0x000001d17f6713d0 2681       3       java.lang.invoke.Invokers$Holder::linkToTargetMethod (11 bytes)
Event: 5.354 Thread 0x000001d17f718d20 2682       3       java.lang.invoke.DirectMethodHandle$Holder::newInvokeSpecial (28 bytes)
Event: 5.354 Thread 0x000001d17f6713d0 nmethod 2681 0x000001d148ea9910 code [0x000001d148ea9ac0, 0x000001d148ea9f38]
Event: 5.354 Thread 0x000001d17f718d20 nmethod 2682 0x000001d148eaa010 code [0x000001d148eaa200, 0x000001d148eaa9e8]
Event: 5.356 Thread 0x000001d17f718d20 2683       3       sun.reflect.annotation.AnnotationParser$$Lambda$31/0x000001d1810534e0::get (16 bytes)
Event: 5.356 Thread 0x000001d17f6713d0 2684       3       sun.reflect.annotation.AnnotationParser::lambda$parseClassArray$0 (7 bytes)
Event: 5.356 Thread 0x000001d17f718d20 nmethod 2683 0x000001d148eaab90 code [0x000001d148eaad40, 0x000001d148eaaee8]
Event: 5.356 Thread 0x000001d17f6713d0 nmethod 2684 0x000001d148eaaf90 code [0x000001d148eab120, 0x000001d148eab228]

GC Heap History (8 events):
Event: 0.432 GC heap before
{Heap before GC invocations=0 (full 0):
 garbage-first heap   total 122880K, used 20480K [0x0000000600000000, 0x0000000800000000)
  region size 4096K, 5 young (20480K), 0 survivors (0K)
 Metaspace       used 932K, committed 1088K, reserved 1114112K
  class space    used 68K, committed 128K, reserved 1048576K
}
Event: 0.434 GC heap after
{Heap after GC invocations=1 (full 0):
 garbage-first heap   total 122880K, used 1786K [0x0000000600000000, 0x0000000800000000)
  region size 4096K, 1 young (4096K), 1 survivors (4096K)
 Metaspace       used 932K, committed 1088K, reserved 1114112K
  class space    used 68K, committed 128K, reserved 1048576K
}
Event: 1.533 GC heap before
{Heap before GC invocations=1 (full 0):
 garbage-first heap   total 122880K, used 46842K [0x0000000600000000, 0x0000000800000000)
  region size 4096K, 11 young (45056K), 1 survivors (4096K)
 Metaspace       used 4452K, committed 4608K, reserved 1114112K
  class space    used 542K, committed 640K, reserved 1048576K
}
Event: 1.538 GC heap after
{Heap after GC invocations=2 (full 0):
 garbage-first heap   total 122880K, used 11331K [0x0000000600000000, 0x0000000800000000)
  region size 4096K, 2 young (8192K), 2 survivors (8192K)
 Metaspace       used 4452K, committed 4608K, reserved 1114112K
  class space    used 542K, committed 640K, reserved 1048576K
}
Event: 2.374 GC heap before
{Heap before GC invocations=2 (full 0):
 garbage-first heap   total 122880K, used 56387K [0x0000000600000000, 0x0000000800000000)
  region size 4096K, 13 young (53248K), 2 survivors (8192K)
 Metaspace       used 5182K, committed 5376K, reserved 1114112K
  class space    used 674K, committed 768K, reserved 1048576K
}
Event: 2.383 GC heap after
{Heap after GC invocations=3 (full 0):
 garbage-first heap   total 122880K, used 16698K [0x0000000600000000, 0x0000000800000000)
  region size 4096K, 2 young (8192K), 2 survivors (8192K)
 Metaspace       used 5182K, committed 5376K, reserved 1114112K
  class space    used 674K, committed 768K, reserved 1048576K
}
Event: 5.319 GC heap before
{Heap before GC invocations=3 (full 0):
 garbage-first heap   total 122880K, used 78138K [0x0000000600000000, 0x0000000800000000)
  region size 4096K, 17 young (69632K), 2 survivors (8192K)
 Metaspace       used 16696K, committed 16960K, reserved 1114112K
  class space    used 2334K, committed 2432K, reserved 1048576K
}
Event: 5.325 GC heap after
{Heap after GC invocations=4 (full 0):
 garbage-first heap   total 122880K, used 21336K [0x0000000600000000, 0x0000000800000000)
  region size 4096K, 3 young (12288K), 3 survivors (12288K)
 Metaspace       used 16696K, committed 16960K, reserved 1114112K
  class space    used 2334K, committed 2432K, reserved 1048576K
}

Dll operation events (15 events):
Event: 0.027 Loaded shared library C:\Program Files\Eclipse Adoptium\jdk-17.0.15.6-hotspot\bin\java.dll
Event: 0.057 Loaded shared library C:\Program Files\Eclipse Adoptium\jdk-17.0.15.6-hotspot\bin\jsvml.dll
Event: 0.098 Loaded shared library C:\Program Files\Eclipse Adoptium\jdk-17.0.15.6-hotspot\bin\zip.dll
Event: 0.100 Loaded shared library C:\Program Files\Eclipse Adoptium\jdk-17.0.15.6-hotspot\bin\instrument.dll
Event: 0.109 Loaded shared library C:\Program Files\Eclipse Adoptium\jdk-17.0.15.6-hotspot\bin\net.dll
Event: 0.114 Loaded shared library C:\Program Files\Eclipse Adoptium\jdk-17.0.15.6-hotspot\bin\nio.dll
Event: 0.117 Loaded shared library C:\Program Files\Eclipse Adoptium\jdk-17.0.15.6-hotspot\bin\zip.dll
Event: 0.403 Loaded shared library C:\Program Files\Eclipse Adoptium\jdk-17.0.15.6-hotspot\bin\jimage.dll
Event: 0.585 Loaded shared library C:\Program Files\Eclipse Adoptium\jdk-17.0.15.6-hotspot\bin\verify.dll
Event: 0.772 Loaded shared library C:\Users\hlchy\.gradle\native\c067742578af261105cb4f569cf0c3c89f3d7b1fecec35dd04571415982c5e48\windows-amd64\native-platform.dll
Event: 0.784 Loaded shared library C:\Users\hlchy\.gradle\native\100fb08df4bc3b14c8652ba06237920a3bd2aa13389f12d3474272988ae205f9\windows-amd64\native-platform-file-events.dll
Event: 2.539 Loaded shared library C:\Program Files\Eclipse Adoptium\jdk-17.0.15.6-hotspot\bin\management.dll
Event: 2.546 Loaded shared library C:\Program Files\Eclipse Adoptium\jdk-17.0.15.6-hotspot\bin\management_ext.dll
Event: 2.936 Loaded shared library C:\Program Files\Eclipse Adoptium\jdk-17.0.15.6-hotspot\bin\extnet.dll
Event: 4.348 Loaded shared library C:\Program Files\Eclipse Adoptium\jdk-17.0.15.6-hotspot\bin\sunmscapi.dll

Deoptimization events (20 events):
Event: 5.037 Thread 0x000001d17f7153a0 DEOPT PACKING pc=0x000001d158dde574 sp=0x00000062000fb030
Event: 5.037 Thread 0x000001d17f7153a0 DEOPT UNPACKING pc=0x000001d1585e69a3 sp=0x00000062000faf38 mode 2
Event: 5.060 Thread 0x000001d17f7153a0 Uncommon trap: trap_request=0xffffff45 fr.pc=0x000001d158d02bb8 relative=0x0000000000000ab8
Event: 5.060 Thread 0x000001d17f7153a0 Uncommon trap: reason=unstable_if action=reinterpret pc=0x000001d158d02bb8 method=java.io.WinNTFileSystem.resolve(Ljava/lang/String;Ljava/lang/String;)Ljava/lang/String; @ 19 c2
Event: 5.060 Thread 0x000001d17f7153a0 DEOPT PACKING pc=0x000001d158d02bb8 sp=0x00000062000fb570
Event: 5.060 Thread 0x000001d17f7153a0 DEOPT UNPACKING pc=0x000001d1585e69a3 sp=0x00000062000fb518 mode 2
Event: 5.062 Thread 0x000001d17f7153a0 Uncommon trap: trap_request=0xffffff45 fr.pc=0x000001d158d879cc relative=0x000000000000060c
Event: 5.062 Thread 0x000001d17f7153a0 Uncommon trap: reason=unstable_if action=reinterpret pc=0x000001d158d879cc method=java.io.File.getName()Ljava/lang/String; @ 16 c2
Event: 5.062 Thread 0x000001d17f7153a0 DEOPT PACKING pc=0x000001d158d879cc sp=0x00000062000fb520
Event: 5.062 Thread 0x000001d17f7153a0 DEOPT UNPACKING pc=0x000001d1585e69a3 sp=0x00000062000fb4f0 mode 2
Event: 5.129 Thread 0x000001d17f7153a0 Uncommon trap: trap_request=0xffffff45 fr.pc=0x000001d158dd7578 relative=0x00000000000000d8
Event: 5.129 Thread 0x000001d17f7153a0 Uncommon trap: reason=unstable_if action=reinterpret pc=0x000001d158dd7578 method=java.util.HashMap.hash(Ljava/lang/Object;)I @ 1 c2
Event: 5.129 Thread 0x000001d17f7153a0 DEOPT PACKING pc=0x000001d158dd7578 sp=0x00000062000fc4d0
Event: 5.129 Thread 0x000001d17f7153a0 DEOPT UNPACKING pc=0x000001d1585e69a3 sp=0x00000062000fc410 mode 2
Event: 5.295 Thread 0x000001d1c756d440 Uncommon trap: trap_request=0xffffff45 fr.pc=0x000001d158de0d78 relative=0x0000000000000ad8
Event: 5.295 Thread 0x000001d1c756d440 Uncommon trap: reason=unstable_if action=reinterpret pc=0x000001d158de0d78 method=sun.security.provider.SHA.implCompress0([BI)V @ 4 c2
Event: 5.295 Thread 0x000001d1c756d440 DEOPT PACKING pc=0x000001d158de0d78 sp=0x00000062003fe830
Event: 5.295 Thread 0x000001d1c756d440 DEOPT UNPACKING pc=0x000001d1585e69a3 sp=0x00000062003fe7a0 mode 2
Event: 5.358 Thread 0x000001d17f7153a0 DEOPT PACKING pc=0x000001d148d9894e sp=0x00000062000fb300
Event: 5.358 Thread 0x000001d17f7153a0 DEOPT UNPACKING pc=0x000001d1585e7143 sp=0x00000062000fa810 mode 0

Classes loaded (20 events):
Event: 5.294 Loading class java/io/ObjectStreamClass$FieldReflector
Event: 5.294 Loading class java/io/ObjectStreamClass$FieldReflector done
Event: 5.295 Loading class java/io/ObjectStreamClass$1
Event: 5.295 Loading class java/io/ObjectStreamClass$1 done
Event: 5.295 Loading class java/io/ObjectStreamClass$MemberSignature
Event: 5.295 Loading class java/io/ObjectStreamClass$MemberSignature done
Event: 5.295 Loading class java/io/ObjectStreamClass$3
Event: 5.295 Loading class java/io/ObjectStreamClass$3 done
Event: 5.295 Loading class java/io/ObjectStreamClass$4
Event: 5.295 Loading class java/io/ObjectStreamClass$4 done
Event: 5.295 Loading class java/io/ObjectStreamClass$5
Event: 5.295 Loading class java/io/ObjectStreamClass$5 done
Event: 5.296 Loading class java/io/ObjectStreamClass$ClassDataSlot
Event: 5.296 Loading class java/io/ObjectStreamClass$ClassDataSlot done
Event: 5.297 Loading class jdk/internal/reflect/UnsafeQualifiedStaticLongFieldAccessorImpl
Event: 5.297 Loading class jdk/internal/reflect/UnsafeQualifiedStaticLongFieldAccessorImpl done
Event: 5.298 Loading class java/io/UnsupportedEncodingException
Event: 5.298 Loading class java/io/UnsupportedEncodingException done
Event: 5.298 Loading class java/nio/charset/CharacterCodingException
Event: 5.298 Loading class java/nio/charset/CharacterCodingException done

Classes unloaded (0 events):
No events

Classes redefined (0 events):
No events

Internal exceptions (20 events):
Event: 4.696 Thread 0x000001d17f7153a0 Exception <a 'java/lang/NoSuchMethodError'{0x00000006055a08c8}: 'java.lang.Object java.lang.invoke.DirectMethodHandle$Holder.newInvokeSpecial(java.lang.Object, java.lang.Object, java.lang.Object, java.lang.Object, java.lang.Object, java.lang.Object)'> (0x00000006055a08c8) 
thrown [s\src\hotspot\share\interpreter\linkResolver.cpp, line 759]
Event: 4.700 Thread 0x000001d17f7153a0 Exception <a 'java/lang/NoSuchMethodError'{0x00000006055bda08}: 'void java.lang.invoke.DirectMethodHandle$Holder.invokeSpecial(java.lang.Object, java.lang.Object, java.lang.Object, java.lang.Object, java.lang.Object)'> (0x00000006055bda08) 
thrown [s\src\hotspot\share\interpreter\linkResolver.cpp, line 759]
Event: 4.702 Thread 0x000001d17f7153a0 Exception <a 'java/lang/NoSuchMethodError'{0x00000006055d1430}: 'void java.lang.invoke.DirectMethodHandle$Holder.invokeStaticInit(java.lang.Object, java.lang.Object)'> (0x00000006055d1430) 
thrown [s\src\hotspot\share\interpreter\linkResolver.cpp, line 759]
Event: 4.763 Thread 0x000001d17f7153a0 Exception <a 'java/lang/NoSuchMethodError'{0x00000006050ab468}: 'void java.lang.invoke.DelegatingMethodHandle$Holder.reinvoke_L(java.lang.Object, java.lang.Object, java.lang.Object, java.lang.Object, java.lang.Object, java.lang.Object, java.lang.Object, java.lang.Object, java.lang.Object, java.lang.Object)'> (0x00000006050ab468) 
thrown [s\src\hotspot\share\interpreter\linkResolver.cpp, line 759]
Event: 4.763 Thread 0x000001d17f7153a0 Exception <a 'java/lang/NoSuchMethodError'{0x00000006050b38d8}: 'java.lang.Object java.lang.invoke.DirectMethodHandle$Holder.invokeSpecial(java.lang.Object, java.lang.Object, java.lang.Object, java.lang.Object, java.lang.Object, java.lang.Object, java.lang.Object, java.lang.Object, java.lang.Object, java.lang.Object)'> (0x00000006050b38d8) 
thrown [s\src\hotspot\share\interpreter\linkResolver.cpp, line 759]
Event: 4.764 Thread 0x000001d17f7153a0 Exception <a 'java/lang/NoSuchMethodError'{0x00000006050b81a8}: 'java.lang.Object java.lang.invoke.Invokers$Holder.invoker(java.lang.Object, java.lang.Object, java.lang.Object, java.lang.Object, java.lang.Object, java.lang.Object, java.lang.Object, java.lang.Object, java.lang.Object, java.lang.Object)'> (0x00000006050b81a8) 
thrown [s\src\hotspot\share\interpreter\linkResolver.cpp, line 759]
Event: 4.764 Thread 0x000001d17f7153a0 Exception <a 'java/lang/NoSuchMethodError'{0x00000006050bddb0}: 'java.lang.Object java.lang.invoke.DirectMethodHandle$Holder.invokeSpecial(java.lang.Object, java.lang.Object, java.lang.Object, java.lang.Object, java.lang.Object, java.lang.Object, java.lang.Object, java.lang.Object, java.lang.Object, java.lang.Object, java.lang.Object)'> (0x00000006050bddb0) 
thrown [s\src\hotspot\share\interpreter\linkResolver.cpp, line 759]
Event: 4.990 Thread 0x000001d17f7153a0 Exception <a 'java/lang/NoSuchMethodError'{0x000000060484e888}: 'java.lang.Object java.lang.invoke.DirectMethodHandle$Holder.newInvokeSpecial(java.lang.Object, java.lang.Object, int)'> (0x000000060484e888) 
thrown [s\src\hotspot\share\interpreter\linkResolver.cpp, line 759]
Event: 5.100 Thread 0x000001d17f7153a0 Exception <a 'java/lang/NoSuchMethodError'{0x00000006045e9380}: 'int java.lang.invoke.DirectMethodHandle$Holder.invokeSpecialIFC(java.lang.Object, java.lang.Object, java.lang.Object, java.lang.Object)'> (0x00000006045e9380) 
thrown [s\src\hotspot\share\interpreter\linkResolver.cpp, line 759]
Event: 5.102 Thread 0x000001d17f7153a0 Exception <a 'java/lang/NoSuchMethodError'{0x00000006045f8468}: 'java.lang.Object java.lang.invoke.DirectMethodHandle$Holder.invokeInterface(java.lang.Object, java.lang.Object, java.lang.Object)'> (0x00000006045f8468) 
thrown [s\src\hotspot\share\interpreter\linkResolver.cpp, line 759]
Event: 5.102 Thread 0x000001d17f7153a0 Exception <a 'java/lang/IncompatibleClassChangeError'{0x00000006045fc328}: Found class java.lang.Object, but interface was expected> (0x00000006045fc328) 
thrown [s\src\hotspot\share\interpreter\linkResolver.cpp, line 826]
Event: 5.129 Thread 0x000001d17f7153a0 Implicit null exception at 0x000001d158dd74d8 to 0x000001d158dd756e
Event: 5.149 Thread 0x000001d17f7153a0 Exception <a 'java/lang/NoSuchMethodError'{0x00000006047ec380}: 'int java.lang.invoke.DirectMethodHandle$Holder.invokeStatic(java.lang.Object, java.lang.Object, java.lang.Object, java.lang.Object)'> (0x00000006047ec380) 
thrown [s\src\hotspot\share\interpreter\linkResolver.cpp, line 759]
Event: 5.150 Thread 0x000001d17f7153a0 Exception <a 'java/lang/NoSuchMethodError'{0x00000006047f0250}: 'java.lang.Object java.lang.invoke.Invokers$Holder.invokeExact_MT(java.lang.Object, java.lang.Object, java.lang.Object, java.lang.Object, java.lang.Object, java.lang.Object)'> (0x00000006047f0250) 
thrown [s\src\hotspot\share\interpreter\linkResolver.cpp, line 759]
Event: 5.218 Thread 0x000001d17f7153a0 Exception <a 'java/lang/IncompatibleClassChangeError'{0x0000000603b0d7e8}: Found class java.lang.Object, but interface was expected> (0x0000000603b0d7e8) 
thrown [s\src\hotspot\share\interpreter\linkResolver.cpp, line 826]
Event: 5.295 Thread 0x000001d1c756d440 Exception <a 'java/lang/NoSuchMethodError'{0x00000006062a0fc8}: static Lorg/gradle/internal/build/event/types/DefaultOperationStartedProgressEvent;.<clinit>()V> (0x00000006062a0fc8) 
thrown [s\src\hotspot\share\prims\jni.cpp, line 1112]
Event: 5.295 Thread 0x000001d1c756d440 Implicit null exception at 0x000001d158de02d3 to 0x000001d158de0d5c
Event: 5.296 Thread 0x000001d1c756d440 Exception <a 'java/lang/NoSuchMethodError'{0x00000006062a3050}: static Lorg/gradle/internal/build/event/types/AbstractProgressEvent;.<clinit>()V> (0x00000006062a3050) 
thrown [s\src\hotspot\share\prims\jni.cpp, line 1112]
Event: 5.296 Thread 0x000001d1c756d440 Exception <a 'java/lang/NoSuchMethodError'{0x00000006062ac0a0}: static Lorg/gradle/internal/build/event/types/DefaultOperationDescriptor;.<clinit>()V> (0x00000006062ac0a0) 
thrown [s\src\hotspot\share\prims\jni.cpp, line 1112]
Event: 5.299 Thread 0x000001d1c756d440 Exception <a 'java/lang/NoSuchMethodError'{0x0000000603717c90}: static Lorg/gradle/internal/operations/OperationIdentifier;.<clinit>()V> (0x0000000603717c90) 
thrown [s\src\hotspot\share\prims\jni.cpp, line 1112]

VM Operations (20 events):
Event: 2.682 Executing VM operation: HandshakeAllThreads
Event: 2.682 Executing VM operation: HandshakeAllThreads done
Event: 2.775 Executing VM operation: HandshakeAllThreads
Event: 2.775 Executing VM operation: HandshakeAllThreads done
Event: 3.781 Executing VM operation: Cleanup
Event: 3.781 Executing VM operation: Cleanup done
Event: 4.234 Executing VM operation: HandshakeAllThreads
Event: 4.235 Executing VM operation: HandshakeAllThreads done
Event: 4.315 Executing VM operation: HandshakeAllThreads
Event: 4.315 Executing VM operation: HandshakeAllThreads done
Event: 5.013 Executing VM operation: ICBufferFull
Event: 5.013 Executing VM operation: ICBufferFull done
Event: 5.200 Executing VM operation: HandshakeAllThreads
Event: 5.200 Executing VM operation: HandshakeAllThreads done
Event: 5.200 Executing VM operation: HandshakeAllThreads
Event: 5.200 Executing VM operation: HandshakeAllThreads done
Event: 5.200 Executing VM operation: HandshakeAllThreads
Event: 5.200 Executing VM operation: HandshakeAllThreads done
Event: 5.318 Executing VM operation: G1CollectForAllocation
Event: 5.325 Executing VM operation: G1CollectForAllocation done

Memory protections (0 events):
No events

Nmethod flushes (0 events):
No events

Events (20 events):
Event: 0.401 Thread 0x000001d17f5a9a90 Thread added: 0x000001d1c5014070
Event: 1.530 Thread 0x000001d1c5014070 Thread exited: 0x000001d1c5014070
Event: 1.530 Thread 0x000001d17f745f30 Thread exited: 0x000001d17f745f30
Event: 1.530 Thread 0x000001d17f8c7f00 Thread exited: 0x000001d17f8c7f00
Event: 2.271 Thread 0x000001d17f5aa540 Thread added: 0x000001d1c6a9e090
Event: 2.580 Thread 0x000001d140dedde0 Thread added: 0x000001d17f714980
Event: 2.775 Thread 0x000001d1c6a9e090 Thread exited: 0x000001d1c6a9e090
Event: 4.188 Thread 0x000001d140dedde0 Thread added: 0x000001d17f713f60
Event: 4.224 Thread 0x000001d17f5a9a90 Thread added: 0x000001d1c61625a0
Event: 4.304 Thread 0x000001d140dedde0 Thread added: 0x000001d17f713540
Event: 4.367 Thread 0x000001d17f713f60 Thread added: 0x000001d17f713a50
Event: 4.370 Thread 0x000001d17f713a50 Thread added: 0x000001d17f714e90
Event: 4.409 Thread 0x000001d17f713a50 Thread added: 0x000001d17f7158b0
Event: 4.435 Thread 0x000001d17f713a50 Thread added: 0x000001d17f7153a0
Event: 4.460 Thread 0x000001d17f7153a0 Thread added: 0x000001d17f712610
Event: 4.467 Thread 0x000001d17f7153a0 Thread added: 0x000001d17f713030
Event: 4.473 Thread 0x000001d17f7153a0 Thread added: 0x000001d1c756d440
Event: 4.989 Thread 0x000001d17f7153a0 Thread added: 0x000001d1c756a6b0
Event: 4.998 Thread 0x000001d17f7153a0 Thread added: 0x000001d1c756a1a0
Event: 5.026 Thread 0x000001d17f7153a0 Thread added: 0x000001d1c7569c90


Dynamic libraries:
0x00007ff7d9dd0000 - 0x00007ff7d9dde000 	C:\Program Files\Eclipse Adoptium\jdk-17.0.15.6-hotspot\bin\java.exe
0x00007ffaa53c0000 - 0x00007ffaa5625000 	C:\WINDOWS\SYSTEM32\ntdll.dll
0x00007ffaa4f50000 - 0x00007ffaa5019000 	C:\WINDOWS\System32\KERNEL32.DLL
0x00007ffaa2510000 - 0x00007ffaa28f8000 	C:\WINDOWS\System32\KERNELBASE.dll
0x00007ffaa3010000 - 0x00007ffaa315b000 	C:\WINDOWS\System32\ucrtbase.dll
0x00007ffa5f380000 - 0x00007ffa5f39e000 	C:\Program Files\Eclipse Adoptium\jdk-17.0.15.6-hotspot\bin\VCRUNTIME140.dll
0x00007ffa5c560000 - 0x00007ffa5c577000 	C:\Program Files\Eclipse Adoptium\jdk-17.0.15.6-hotspot\bin\jli.dll
0x00007ffaa4850000 - 0x00007ffaa4a1a000 	C:\WINDOWS\System32\USER32.dll
0x00007ffaa2f30000 - 0x00007ffaa2f57000 	C:\WINDOWS\System32\win32u.dll
0x00007ffaa3710000 - 0x00007ffaa373b000 	C:\WINDOWS\System32\GDI32.dll
0x00007ffaa2bd0000 - 0x00007ffaa2d07000 	C:\WINDOWS\System32\gdi32full.dll
0x00007ffaa2f60000 - 0x00007ffaa3003000 	C:\WINDOWS\System32\msvcp_win.dll
0x00007ffa872d0000 - 0x00007ffa8756a000 	C:\WINDOWS\WinSxS\amd64_microsoft.windows.common-controls_6595b64144ccf1df_6.0.26100.4202_none_3e0698d4e335f517\COMCTL32.dll
0x00007ffaa3c80000 - 0x00007ffaa3d29000 	C:\WINDOWS\System32\msvcrt.dll
0x00007ffaa50f0000 - 0x00007ffaa5120000 	C:\WINDOWS\System32\IMM32.DLL
0x00007ffa7ac30000 - 0x00007ffa7ac3c000 	C:\Program Files\Eclipse Adoptium\jdk-17.0.15.6-hotspot\bin\vcruntime140_1.dll
0x00007ffa29860000 - 0x00007ffa298ed000 	C:\Program Files\Eclipse Adoptium\jdk-17.0.15.6-hotspot\bin\msvcp140.dll
0x00007ff9d3d50000 - 0x00007ff9d49bb000 	C:\Program Files\Eclipse Adoptium\jdk-17.0.15.6-hotspot\bin\server\jvm.dll
0x00007ffaa5020000 - 0x00007ffaa50d3000 	C:\WINDOWS\System32\ADVAPI32.dll
0x00007ffaa3b50000 - 0x00007ffaa3bf6000 	C:\WINDOWS\System32\sechost.dll
0x00007ffaa3740000 - 0x00007ffaa3855000 	C:\WINDOWS\System32\RPCRT4.dll
0x00007ffaa3c00000 - 0x00007ffaa3c74000 	C:\WINDOWS\System32\WS2_32.dll
0x00007ffa99160000 - 0x00007ffa99195000 	C:\WINDOWS\SYSTEM32\WINMM.dll
0x00007ffa9a630000 - 0x00007ffa9a63b000 	C:\WINDOWS\SYSTEM32\VERSION.dll
0x00007ffaa2360000 - 0x00007ffaa23be000 	C:\WINDOWS\SYSTEM32\POWRPROF.dll
0x00007ffaa2340000 - 0x00007ffaa2354000 	C:\WINDOWS\SYSTEM32\UMPDC.dll
0x00007ffaa1290000 - 0x00007ffaa12ab000 	C:\WINDOWS\SYSTEM32\kernel.appcore.dll
0x00007ffa7ab10000 - 0x00007ffa7ab1a000 	C:\Program Files\Eclipse Adoptium\jdk-17.0.15.6-hotspot\bin\jimage.dll
0x00007ffa9fcc0000 - 0x00007ffa9ff01000 	C:\WINDOWS\SYSTEM32\DBGHELP.DLL
0x00007ffaa4a20000 - 0x00007ffaa4da5000 	C:\WINDOWS\System32\combase.dll
0x00007ffaa4760000 - 0x00007ffaa4841000 	C:\WINDOWS\System32\OLEAUT32.dll
0x00007ffa7a630000 - 0x00007ffa7a669000 	C:\WINDOWS\SYSTEM32\dbgcore.DLL
0x00007ffaa2e90000 - 0x00007ffaa2f29000 	C:\WINDOWS\System32\bcryptPrimitives.dll
0x00007ffa7aa70000 - 0x00007ffa7aa7e000 	C:\Program Files\Eclipse Adoptium\jdk-17.0.15.6-hotspot\bin\instrument.dll
0x00007ffa5c530000 - 0x00007ffa5c555000 	C:\Program Files\Eclipse Adoptium\jdk-17.0.15.6-hotspot\bin\java.dll
0x00007ffa29780000 - 0x00007ffa29857000 	C:\Program Files\Eclipse Adoptium\jdk-17.0.15.6-hotspot\bin\jsvml.dll
0x00007ffaa3d30000 - 0x00007ffaa4472000 	C:\WINDOWS\System32\SHELL32.dll
0x00007ffaa2900000 - 0x00007ffaa2a74000 	C:\WINDOWS\System32\wintypes.dll
0x00007ffaa0130000 - 0x00007ffaa0987000 	C:\WINDOWS\SYSTEM32\windows.storage.dll
0x00007ffaa51b0000 - 0x00007ffaa52a1000 	C:\WINDOWS\System32\SHCORE.dll
0x00007ffaa35f0000 - 0x00007ffaa365a000 	C:\WINDOWS\System32\shlwapi.dll
0x00007ffaa2420000 - 0x00007ffaa244f000 	C:\WINDOWS\SYSTEM32\profapi.dll
0x00007ffa5c510000 - 0x00007ffa5c528000 	C:\Program Files\Eclipse Adoptium\jdk-17.0.15.6-hotspot\bin\zip.dll
0x00007ffa58150000 - 0x00007ffa58169000 	C:\Program Files\Eclipse Adoptium\jdk-17.0.15.6-hotspot\bin\net.dll
0x00007ffa9bba0000 - 0x00007ffa9bcbe000 	C:\WINDOWS\SYSTEM32\WINHTTP.dll
0x00007ffaa17e0000 - 0x00007ffaa184a000 	C:\WINDOWS\system32\mswsock.dll
0x00007ffa560c0000 - 0x00007ffa560d6000 	C:\Program Files\Eclipse Adoptium\jdk-17.0.15.6-hotspot\bin\nio.dll
0x00007ffa6f790000 - 0x00007ffa6f7a0000 	C:\Program Files\Eclipse Adoptium\jdk-17.0.15.6-hotspot\bin\verify.dll
0x00007ffa6f3a0000 - 0x00007ffa6f3c7000 	C:\Users\hlchy\.gradle\native\c067742578af261105cb4f569cf0c3c89f3d7b1fecec35dd04571415982c5e48\windows-amd64\native-platform.dll
0x00007ffa11f10000 - 0x00007ffa12054000 	C:\Users\hlchy\.gradle\native\100fb08df4bc3b14c8652ba06237920a3bd2aa13389f12d3474272988ae205f9\windows-amd64\native-platform-file-events.dll
0x00007ffa6f660000 - 0x00007ffa6f66a000 	C:\Program Files\Eclipse Adoptium\jdk-17.0.15.6-hotspot\bin\management.dll
0x00007ffa6f540000 - 0x00007ffa6f54b000 	C:\Program Files\Eclipse Adoptium\jdk-17.0.15.6-hotspot\bin\management_ext.dll
0x00007ffaa4720000 - 0x00007ffaa4728000 	C:\WINDOWS\System32\PSAPI.DLL
0x00007ffaa1bc0000 - 0x00007ffaa1bdb000 	C:\WINDOWS\SYSTEM32\CRYPTSP.dll
0x00007ffaa11f0000 - 0x00007ffaa122a000 	C:\WINDOWS\system32\rsaenh.dll
0x00007ffaa1880000 - 0x00007ffaa18ab000 	C:\WINDOWS\SYSTEM32\USERENV.dll
0x00007ffaa23f0000 - 0x00007ffaa2416000 	C:\WINDOWS\SYSTEM32\bcrypt.dll
0x00007ffaa1a20000 - 0x00007ffaa1a2c000 	C:\WINDOWS\SYSTEM32\CRYPTBASE.dll
0x00007ffaa0ca0000 - 0x00007ffaa0cd3000 	C:\WINDOWS\SYSTEM32\IPHLPAPI.DLL
0x00007ffaa50e0000 - 0x00007ffaa50ea000 	C:\WINDOWS\System32\NSI.dll
0x00007ffa9bf60000 - 0x00007ffa9bf7f000 	C:\WINDOWS\SYSTEM32\dhcpcsvc6.DLL
0x00007ffa9bd70000 - 0x00007ffa9bd95000 	C:\WINDOWS\SYSTEM32\dhcpcsvc.DLL
0x00007ffaa0ce0000 - 0x00007ffaa0e07000 	C:\WINDOWS\SYSTEM32\DNSAPI.dll
0x00007ffa6f220000 - 0x00007ffa6f229000 	C:\Program Files\Eclipse Adoptium\jdk-17.0.15.6-hotspot\bin\extnet.dll
0x00007ffa5fdf0000 - 0x00007ffa5fdfe000 	C:\Program Files\Eclipse Adoptium\jdk-17.0.15.6-hotspot\bin\sunmscapi.dll
0x00007ffaa2d10000 - 0x00007ffaa2e87000 	C:\WINDOWS\System32\CRYPT32.dll
0x00007ffaa1d10000 - 0x00007ffaa1d40000 	C:\WINDOWS\SYSTEM32\ncrypt.dll
0x00007ffaa1cc0000 - 0x00007ffaa1cff000 	C:\WINDOWS\SYSTEM32\NTASN1.dll
0x00007ffa9f0a0000 - 0x00007ffa9f0a8000 	C:\WINDOWS\system32\wshunix.dll

dbghelp: loaded successfully - version: 4.0.5 - missing functions: none
symbol engine: initialized successfully - sym options: 0x614 - pdb path: .;C:\Program Files\Eclipse Adoptium\jdk-17.0.15.6-hotspot\bin;C:\WINDOWS\SYSTEM32;C:\WINDOWS\WinSxS\amd64_microsoft.windows.common-controls_6595b64144ccf1df_6.0.26100.4202_none_3e0698d4e335f517;C:\Program Files\Eclipse Adoptium\jdk-17.0.15.6-hotspot\bin\server;C:\Users\hlchy\.gradle\native\c067742578af261105cb4f569cf0c3c89f3d7b1fecec35dd04571415982c5e48\windows-amd64;C:\Users\hlchy\.gradle\native\100fb08df4bc3b14c8652ba06237920a3bd2aa13389f12d3474272988ae205f9\windows-amd64

VM Arguments:
jvm_args: -XX:MaxMetaspaceSize=4G -XX:ReservedCodeCacheSize=512m -XX:+HeapDumpOnOutOfMemoryError --add-opens=java.base/java.util=ALL-UNNAMED --add-opens=java.base/java.lang=ALL-UNNAMED --add-opens=java.base/java.lang.invoke=ALL-UNNAMED --add-opens=java.prefs/java.util.prefs=ALL-UNNAMED --add-exports=jdk.compiler/com.sun.tools.javac.api=ALL-UNNAMED --add-exports=jdk.compiler/com.sun.tools.javac.util=ALL-UNNAMED --add-opens=java.base/java.nio.charset=ALL-UNNAMED --add-opens=java.base/java.net=ALL-UNNAMED --add-opens=java.base/java.util.concurrent.atomic=ALL-UNNAMED -Xmx8G -Dfile.encoding=utf8 -Duser.country=US -Duser.language=en -Duser.variant -javaagent:C:\Users\hlchy\.gradle\wrapper\dists\gradle-8.10.2-all\7iv73wktx1xtkvlq19urqw1wm\gradle-8.10.2\lib\agents\gradle-instrumentation-agent-8.10.2.jar 
java_command: org.gradle.launcher.daemon.bootstrap.GradleDaemon 8.10.2
java_class_path (initial): C:\Users\hlchy\.gradle\wrapper\dists\gradle-8.10.2-all\7iv73wktx1xtkvlq19urqw1wm\gradle-8.10.2\lib\gradle-daemon-main-8.10.2.jar
Launcher Type: SUN_STANDARD

[Global flags]
     intx CICompilerCount                          = 12                                        {product} {ergonomic}
     uint ConcGCThreads                            = 3                                         {product} {ergonomic}
     uint G1ConcRefinementThreads                  = 13                                        {product} {ergonomic}
   size_t G1HeapRegionSize                         = 4194304                                   {product} {ergonomic}
    uintx GCDrainStackTargetSize                   = 64                                        {product} {ergonomic}
     bool HeapDumpOnOutOfMemoryError               = true                                   {manageable} {command line}
   size_t InitialHeapSize                          = 125829120                                 {product} {ergonomic}
   size_t MarkStackSize                            = 4194304                                   {product} {ergonomic}
   size_t MaxHeapSize                              = 8589934592                                {product} {command line}
   size_t MaxMetaspaceSize                         = 4294967296                                {product} {command line}
   size_t MaxNewSize                               = 5150605312                                {product} {ergonomic}
   size_t MinHeapDeltaBytes                        = 4194304                                   {product} {ergonomic}
   size_t MinHeapSize                              = 8388608                                   {product} {ergonomic}
    uintx NonNMethodCodeHeapSize                   = 7602480                                {pd product} {ergonomic}
    uintx NonProfiledCodeHeapSize                  = 264634216                              {pd product} {ergonomic}
    uintx ProfiledCodeHeapSize                     = 264634216                              {pd product} {ergonomic}
    uintx ReservedCodeCacheSize                    = 536870912                              {pd product} {command line}
     bool SegmentedCodeCache                       = true                                      {product} {ergonomic}
   size_t SoftMaxHeapSize                          = 8589934592                             {manageable} {ergonomic}
   double SweeperThreshold                         = 0.234375                                  {product} {ergonomic}
     bool UseCompressedClassPointers               = true                           {product lp64_product} {ergonomic}
     bool UseCompressedOops                        = true                           {product lp64_product} {ergonomic}
     bool UseG1GC                                  = true                                      {product} {ergonomic}
     bool UseLargePagesIndividualAllocation        = false                                  {pd product} {ergonomic}

Logging:
Log output configuration:
 #0: stdout all=warning uptime,level,tags
 #1: stderr all=off uptime,level,tags

Environment Variables:
JAVA_HOME=C:\Program Files\Java\jdk-23
PATH=C:\Program Files\Eclipse Adoptium\jdk-17.0.15.6-hotspot\bin;c:\Users\hlchy\AppData\Local\Programs\cursor\resources\app\bin;C:\Program Files\Google\Chrome\Application;C:\Program Files\Common Files\Oracle\Java\javapath;C:\Python312\Scripts\;C:\Python312\;C:\Windows\system32;C:\Windows;C:\Windows\System32\Wbem;C:\Windows\System32\WindowsPowerShell\v1.0\;C:\Windows\System32\OpenSSH\;C:\Program Files (x86)\NVIDIA Corporation\PhysX\Common;C:\Program Files\NVIDIA Corporation\NVIDIA NvDLISR;C:\WINDOWS\system32;C:\WINDOWS;C:\WINDOWS\System32\Wbem;C:\WINDOWS\System32\WindowsPowerShell\v1.0\;C:\WINDOWS\System32\OpenSSH\;C:\Program Files\Cloudflare\Cloudflare WARP\;C:\Program Files\nodejs\;C:\ProgramData\chocolatey\bin;C:\Program Files\Microsoft SQL Server\150\Tools\Binn\;C:\Program Files\Microsoft SQL Server\Client SDK\ODBC\170\Tools\Binn\;C:\Program Files\dotnet\;C:\Program Files\Git\cmd;C:\Program Files (x86)\Microsoft SQL Server\160\Tools\Binn\;C:\Program Files\Microsoft SQL Server\160\Tools\Binn\;C:\Program Files\Microsoft SQL Server\160\DTS\Binn\;C:\Users\hlchy\AppData\Loca;C:\Program Files (x86)\Microsoft SQL Server\160\DTS\Binn\;C:\Program Files\Java\jdk-23\bin;C:\Users\hlchy\Downloads\apache-tomcat-10.1.39-windows-x64\apache-tomcat-10.1.39\bin;C:\Program Files\Kubernetes\Minikube;C:\minikube;C:\Program Files\Docker\Docker\resources\bin;C:\WINDOWS\system32;C:\WINDOWS;C:\WINDOWS\System32\Wbem;C:\WINDOWS\System32\WindowsPowerShell\v1.0\;C:\WINDOWS\System32\OpenSSH\;C:\Users\hlchy\AppData\Local\Android\Sdk\platform-tools;C:\Users\hlchy\AppData\Local\Android\Sdk\tools;C:\Users\hlchy\AppData\Local\Microsoft\WindowsApps;C:\Users\hlchy\AppData\Local\Programs\oh-my-posh\bin;C:\Users\hlchy\AppData\Local\Programs\Microsoft VS Code\bin;C:\Users\hlchy\AppData\Local\Microsoft\WinGet\Packages\Schniz.fnm_Microsoft.Winget.Source_8wekyb3d8bbwe;C:\Users\hlchy\AppData\Roaming\npm;C:\Users\hlchy\.dotnet\tools;C:\Program Files\JetBrains\PyCharm 2024.3\bin;;D:\BaiTap\Cross Platform\flutter\bin;C:\Users\hlchy\AppData\Local\Programs\cursor\resources\app\bin;D:\IntelliJ IDEA 2024.3.4.1\bin;;C:\Users\hlchy\AppData\Local\GitHubDesktop\bin
USERNAME=hlchy
OS=Windows_NT
PROCESSOR_IDENTIFIER=AMD64 Family 25 Model 68 Stepping 1, AuthenticAMD
TMP=C:\Users\hlchy\AppData\Local\Temp
TEMP=C:\Users\hlchy\AppData\Local\Temp



Periodic native trim disabled


---------------  S Y S T E M  ---------------

OS:
 Windows 11 , 64 bit Build 26100 (10.0.26100.4202)
OS uptime: 0 days 6:45 hours
Hyper-V role detected

CPU: total 16 (initial active 16) (16 cores per cpu, 2 threads per core) family 25 model 68 stepping 1 microcode 0xa404102, cx8, cmov, fxsr, ht, mmx, 3dnowpref, sse, sse2, sse3, ssse3, sse4a, sse4.1, sse4.2, popcnt, lzcnt, tsc, tscinvbit, avx, avx2, aes, erms, clmul, bmi1, bmi2, adx, sha, fma, vzeroupper, clflush, clflushopt, hv
Processor Information for all 16 processors :
  Max Mhz: 3201, Current Mhz: 3201, Mhz Limit: 3201

Memory: 4k page, system-wide physical 7436M (738M free)
TotalPageFile size 29964M (AvailPageFile size 51M)
current process WorkingSet (physical memory assigned to process): 210M, peak: 212M
current process commit charge ("private bytes"): 303M, peak: 304M

vm_info: OpenJDK 64-Bit Server VM (17.0.15+6) for windows-amd64 JRE (17.0.15+6), built on Apr 15 2025 21:25:47 by "admin" with MS VC++ 17.7 (VS2022)

END.
