#
# There is insufficient memory for the Java Runtime Environment to continue.
# Native memory allocation (malloc) failed to allocate 1539840 bytes. Error detail: Chunk::new
# Possible reasons:
#   The system is out of physical RAM or swap space
#   This process is running with CompressedOops enabled, and the Java Heap may be blocking the growth of the native heap
# Possible solutions:
#   Reduce memory load on the system
#   Increase physical memory or swap space
#   Check if swap backing store is full
#   Decrease Java heap size (-Xmx/-Xms)
#   Decrease number of Java threads
#   Decrease Java thread stack sizes (-Xss)
#   Set larger code cache with -XX:ReservedCodeCacheSize=
#   JVM is running with Zero Based Compressed Oops mode in which the Java heap is
#     placed in the first 32GB address space. The Java Heap base address is the
#     maximum limit for the native heap growth. Please use -XX:HeapBaseMinAddress
#     to set the Java Heap base and to place the Java Heap above 32GB virtual address.
# This output file may be truncated or incomplete.
#
#  Out of Memory Error (arena.cpp:191), pid=25772, tid=22572
#
# JRE version: OpenJDK Runtime Environment Temurin-17.0.15+6 (17.0.15+6) (build 17.0.15+6)
# Java VM: OpenJDK 64-Bit Server VM Temurin-17.0.15+6 (17.0.15+6, mixed mode, sharing, tiered, compressed oops, compressed class ptrs, g1 gc, windows-amd64)
# No core dump will be written. Minidumps are not enabled by default on client versions of Windows
#

---------------  S U M M A R Y ------------

Command Line: -XX:MaxMetaspaceSize=4G -XX:ReservedCodeCacheSize=512m -XX:+HeapDumpOnOutOfMemoryError --add-opens=java.base/java.util=ALL-UNNAMED --add-opens=java.base/java.lang=ALL-UNNAMED --add-opens=java.base/java.lang.invoke=ALL-UNNAMED --add-opens=java.prefs/java.util.prefs=ALL-UNNAMED --add-exports=jdk.compiler/com.sun.tools.javac.api=ALL-UNNAMED --add-exports=jdk.compiler/com.sun.tools.javac.util=ALL-UNNAMED --add-opens=java.base/java.nio.charset=ALL-UNNAMED --add-opens=java.base/java.net=ALL-UNNAMED --add-opens=java.base/java.util.concurrent.atomic=ALL-UNNAMED -Xmx8G -Dfile.encoding=utf8 -Duser.country=US -Duser.language=en -Duser.variant -javaagent:C:\Users\hlchy\.gradle\wrapper\dists\gradle-8.10.2-all\7iv73wktx1xtkvlq19urqw1wm\gradle-8.10.2\lib\agents\gradle-instrumentation-agent-8.10.2.jar org.gradle.launcher.daemon.bootstrap.GradleDaemon 8.10.2

Host: AMD Ryzen 7 6800H with Radeon Graphics         , 16 cores, 7G,  Windows 11 , 64 bit Build 26100 (10.0.26100.4202)
Time: Sun Jun  8 22:13:56 2025 SE Asia Standard Time elapsed time: 8.920388 seconds (0d 0h 0m 8s)

---------------  T H R E A D  ---------------

Current thread (0x0000027f5185cd80):  JavaThread "C2 CompilerThread0" daemon [_thread_in_native, id=22572, stack(0x000000f066f00000,0x000000f067000000)]


Current CompileTask:
C2:   8946 2656   !   4       java.net.URLClassLoader::findClass (47 bytes)

Stack: [0x000000f066f00000,0x000000f067000000]
Native frames: (J=compiled Java code, j=interpreted, Vv=VM code, C=native code)
V  [jvm.dll+0x682fc9]
V  [jvm.dll+0x839878]
V  [jvm.dll+0x83b323]
V  [jvm.dll+0x83b993]
V  [jvm.dll+0x24725f]
V  [jvm.dll+0xacea4]
V  [jvm.dll+0xad53c]
V  [jvm.dll+0x365c6e]
V  [jvm.dll+0x1ba8d3]
V  [jvm.dll+0x2183a7]
V  [jvm.dll+0x21768f]
V  [jvm.dll+0x1a31b0]
V  [jvm.dll+0x227a9c]
V  [jvm.dll+0x225bfb]
V  [jvm.dll+0x7ef018]
V  [jvm.dll+0x7e94dc]
V  [jvm.dll+0x681ea7]
C  [ucrtbase.dll+0x37b0]
C  [KERNEL32.DLL+0x2e8d7]
C  [ntdll.dll+0x3c34c]


---------------  P R O C E S S  ---------------

Threads class SMR info:
_java_thread_list=0x0000027f993d89d0, length=27, elements={
0x0000027f1289f7c0, 0x0000027f4e934bd0, 0x0000027f4e9356a0, 0x0000027f51851880,
0x0000027f51854160, 0x0000027f518571e0, 0x0000027f51858250, 0x0000027f5185cd80,
0x0000027f518616a0, 0x0000027f5186c790, 0x0000027f5193fcf0, 0x0000027f51975f30,
0x0000027f51940200, 0x0000027f51941130, 0x0000027f51940710, 0x0000027f51940c20,
0x0000027f98b57330, 0x0000027f98b545a0, 0x0000027f98b54ab0, 0x0000027f98b54fc0,
0x0000027f98b554d0, 0x0000027f98b54090, 0x0000027f98d3fc50, 0x0000027f98b56e20,
0x0000027f98b59190, 0x0000027f98b58c80, 0x0000027f9a2107d0
}

Java Threads: ( => current thread )
  0x0000027f1289f7c0 JavaThread "main" [_thread_blocked, id=30384, stack(0x000000f066200000,0x000000f066300000)]
  0x0000027f4e934bd0 JavaThread "Reference Handler" daemon [_thread_blocked, id=26268, stack(0x000000f066900000,0x000000f066a00000)]
  0x0000027f4e9356a0 JavaThread "Finalizer" daemon [_thread_blocked, id=18620, stack(0x000000f066a00000,0x000000f066b00000)]
  0x0000027f51851880 JavaThread "Signal Dispatcher" daemon [_thread_blocked, id=27696, stack(0x000000f066b00000,0x000000f066c00000)]
  0x546c61636f4c2f6e 
[error occurred during error reporting (printing all threads), id 0xc0000005, EXCEPTION_ACCESS_VIOLATION (0xc0000005) at pc=0x00007ff9d453e55a]

VM state: not at safepoint (normal execution)

VM Mutex/Monitor currently owned by a thread: None

Heap address: 0x0000000600000000, size: 8192 MB, Compressed Oops mode: Zero based, Oop shift amount: 3

CDS archive(s) mapped at: [0x0000027f52000000-0x0000027f52bb0000-0x0000027f52bb0000), size 12255232, SharedBaseAddress: 0x0000027f52000000, ArchiveRelocationMode: 1.
Compressed class space mapped at: 0x0000027f53000000-0x0000027f93000000, reserved size: 1073741824
Narrow klass base: 0x0000027f52000000, Narrow klass shift: 0, Narrow klass range: 0x100000000

GC Precious Log:
 CPUs: 16 total, 16 available
 Memory: 7436M
 Large Page Support: Disabled
 NUMA Support: Disabled
 Compressed Oops: Enabled (Zero based)
 Heap Region Size: 4M
 Heap Min Capacity: 8M
 Heap Initial Capacity: 120M
 Heap Max Capacity: 8G
 Pre-touch: Disabled
 Parallel Workers: 13
 Concurrent Workers: 3
 Concurrent Refinement Workers: 13
 Periodic GC: Disabled

Heap:
 garbage-first heap   total 122880K, used 50155K [0x0000000600000000, 0x0000000800000000)
  region size 4096K, 11 young (45056K), 3 survivors (12288K)
 Metaspace       used 19871K, committed 20224K, reserved 1114112K
  class space    used 2861K, committed 3008K, reserved 1048576K

Heap Regions: E=young(eden), S=young(survivor), O=old, HS=humongous(starts), HC=humongous(continues), CS=collection set, F=free, OA=open archive, CA=closed archive, TAMS=top-at-mark-start (previous, next)
|   0|0x0000000600000000, 0x0000000600400000, 0x0000000600400000|100%|HS|  |TAMS 0x0000000600000000, 0x0000000600000000| Complete 
|   1|0x0000000600400000, 0x0000000600800000, 0x0000000600800000|100%| O|  |TAMS 0x0000000600400000, 0x0000000600400000| Untracked 
|   2|0x0000000600800000, 0x0000000600af7a00, 0x0000000600c00000| 74%| O|  |TAMS 0x0000000600800000, 0x0000000600800000| Untracked 
|   3|0x0000000600c00000, 0x0000000600c00000, 0x0000000601000000|  0%| F|  |TAMS 0x0000000600c00000, 0x0000000600c00000| Untracked 
|   4|0x0000000601000000, 0x0000000601000000, 0x0000000601400000|  0%| F|  |TAMS 0x0000000601000000, 0x0000000601000000| Untracked 
|   5|0x0000000601400000, 0x0000000601400000, 0x0000000601800000|  0%| F|  |TAMS 0x0000000601400000, 0x0000000601400000| Untracked 
|   6|0x0000000601800000, 0x0000000601800000, 0x0000000601c00000|  0%| F|  |TAMS 0x0000000601800000, 0x0000000601800000| Untracked 
|   7|0x0000000601c00000, 0x0000000601c00000, 0x0000000602000000|  0%| F|  |TAMS 0x0000000601c00000, 0x0000000601c00000| Untracked 
|   8|0x0000000602000000, 0x0000000602000000, 0x0000000602400000|  0%| F|  |TAMS 0x0000000602000000, 0x0000000602000000| Untracked 
|   9|0x0000000602400000, 0x0000000602400000, 0x0000000602800000|  0%| F|  |TAMS 0x0000000602400000, 0x0000000602400000| Untracked 
|  10|0x0000000602800000, 0x0000000602a03298, 0x0000000602c00000| 50%| S|CS|TAMS 0x0000000602800000, 0x0000000602800000| Complete 
|  11|0x0000000602c00000, 0x0000000603000000, 0x0000000603000000|100%| S|CS|TAMS 0x0000000602c00000, 0x0000000602c00000| Complete 
|  12|0x0000000603000000, 0x0000000603400000, 0x0000000603400000|100%| S|CS|TAMS 0x0000000603000000, 0x0000000603000000| Complete 
|  13|0x0000000603400000, 0x0000000603400000, 0x0000000603800000|  0%| F|  |TAMS 0x0000000603400000, 0x0000000603400000| Untracked 
|  14|0x0000000603800000, 0x0000000603800000, 0x0000000603c00000|  0%| F|  |TAMS 0x0000000603800000, 0x0000000603800000| Untracked 
|  15|0x0000000603c00000, 0x0000000603c00000, 0x0000000604000000|  0%| F|  |TAMS 0x0000000603c00000, 0x0000000603c00000| Untracked 
|  16|0x0000000604000000, 0x0000000604000000, 0x0000000604400000|  0%| F|  |TAMS 0x0000000604000000, 0x0000000604000000| Untracked 
|  17|0x0000000604400000, 0x0000000604400000, 0x0000000604800000|  0%| F|  |TAMS 0x0000000604400000, 0x0000000604400000| Untracked 
|  18|0x0000000604800000, 0x0000000604800000, 0x0000000604c00000|  0%| F|  |TAMS 0x0000000604800000, 0x0000000604800000| Untracked 
|  19|0x0000000604c00000, 0x0000000604c00000, 0x0000000605000000|  0%| F|  |TAMS 0x0000000604c00000, 0x0000000604c00000| Untracked 
|  20|0x0000000605000000, 0x0000000605000000, 0x0000000605400000|  0%| F|  |TAMS 0x0000000605000000, 0x0000000605000000| Untracked 
|  21|0x0000000605400000, 0x00000006057dcd68, 0x0000000605800000| 96%| E|  |TAMS 0x0000000605400000, 0x0000000605400000| Complete 
|  22|0x0000000605800000, 0x0000000605c00000, 0x0000000605c00000|100%| E|CS|TAMS 0x0000000605800000, 0x0000000605800000| Complete 
|  23|0x0000000605c00000, 0x0000000606000000, 0x0000000606000000|100%| E|CS|TAMS 0x0000000605c00000, 0x0000000605c00000| Complete 
|  24|0x0000000606000000, 0x0000000606400000, 0x0000000606400000|100%| E|CS|TAMS 0x0000000606000000, 0x0000000606000000| Complete 
|  25|0x0000000606400000, 0x0000000606800000, 0x0000000606800000|100%| E|CS|TAMS 0x0000000606400000, 0x0000000606400000| Complete 
|  26|0x0000000606800000, 0x0000000606c00000, 0x0000000606c00000|100%| E|CS|TAMS 0x0000000606800000, 0x0000000606800000| Complete 
|  27|0x0000000606c00000, 0x0000000607000000, 0x0000000607000000|100%| E|CS|TAMS 0x0000000606c00000, 0x0000000606c00000| Complete 
|  28|0x0000000607000000, 0x0000000607400000, 0x0000000607400000|100%| E|CS|TAMS 0x0000000607000000, 0x0000000607000000| Complete 
|  29|0x0000000607400000, 0x0000000607800000, 0x0000000607800000|100%| E|CS|TAMS 0x0000000607400000, 0x0000000607400000| Complete 

Card table byte_map: [0x0000027f3c670000,0x0000027f3d670000] _byte_map_base: 0x0000027f39670000

Marking Bits (Prev, Next): (CMBitMap*) 0x0000027f4e740920, (CMBitMap*) 0x0000027f4e740960
 Prev Bits: [0x0000027f3e670000, 0x0000027f46670000)
 Next Bits: [0x0000027f46670000, 0x0000027f4e670000)

Polling page: 0x0000027f10e20000

Metaspace:

Usage:
  Non-class:     17.37 MB used.
      Class:      2.93 MB used.
       Both:     20.31 MB used.

Virtual space:
  Non-class space:       64.00 MB reserved,      17.62 MB ( 28%) committed,  1 nodes.
      Class space:        1.00 GB reserved,       3.12 MB ( <1%) committed,  1 nodes.
             Both:        1.06 GB reserved,      20.75 MB (  2%) committed. 

Chunk freelists:
   Non-Class:  13.70 MB
       Class:  12.70 MB
        Both:  26.37 MB

MaxMetaspaceSize: 4.00 GB
CompressedClassSpaceSize: 1.00 GB
Initial GC threshold: 21.00 MB
Current GC threshold: 21.00 MB
CDS: on
MetaspaceReclaimPolicy: balanced
 - commit_granule_bytes: 65536.
 - commit_granule_words: 8192.
 - virtual_space_node_default_size: 8388608.
 - enlarge_chunks_in_place: 1.
 - new_chunks_are_fully_committed: 0.
 - uncommit_free_chunks: 1.
 - use_allocation_guard: 0.
 - handle_deallocations: 1.


Internal statistics:

num_allocs_failed_limit: 0.
num_arena_births: 322.
num_arena_deaths: 0.
num_vsnodes_births: 2.
num_vsnodes_deaths: 0.
num_space_committed: 336.
num_space_uncommitted: 0.
num_chunks_returned_to_freelist: 3.
num_chunks_taken_from_freelist: 1119.
num_chunk_merges: 3.
num_chunk_splits: 714.
num_chunks_enlarged: 484.
num_inconsistent_stats: 0.

CodeHeap 'non-profiled nmethods': size=258432Kb used=1623Kb max_used=1623Kb free=256808Kb
 bounds [0x0000027f2a810000, 0x0000027f2aa80000, 0x0000027f3a470000]
CodeHeap 'profiled nmethods': size=258368Kb used=6579Kb max_used=6579Kb free=251788Kb
 bounds [0x0000027f1a470000, 0x0000027f1aae0000, 0x0000027f2a0c0000]
CodeHeap 'non-nmethods': size=7488Kb used=2370Kb max_used=2982Kb free=5117Kb
 bounds [0x0000027f2a0c0000, 0x0000027f2a3c0000, 0x0000027f2a810000]
 total_blobs=3656 nmethods=3104 adapters=462
 compilation: enabled
              stopped_count=0, restarted_count=0
 full_count=0

Compilation events (20 events):
Event: 7.719 Thread 0x0000027f51977030 nmethod 2737 0x0000027f1a9ff890 code [0x0000027f1a9ffa60, 0x0000027f1a9ffe78]
Event: 7.719 Thread 0x0000027f518616a0 2743       3       java.util.stream.ReferencePipeline::<init> (8 bytes)
Event: 7.719 Thread 0x0000027f51975f30 2742       3       java.util.stream.ReferencePipeline$Head::<init> (8 bytes)
Event: 7.719 Thread 0x0000027f51977030 2744       3       java.util.stream.ReferencePipeline$3$1::accept (23 bytes)
Event: 7.719 Thread 0x0000027f518616a0 nmethod 2743 0x0000027f1a9fff90 code [0x0000027f1aa00120, 0x0000027f1aa00268]
Event: 7.719 Thread 0x0000027f51976a60 nmethod 2741 0x0000027f1aa00310 code [0x0000027f1aa004e0, 0x0000027f1aa00908]
Event: 7.719 Thread 0x0000027f518616a0 2746       3       jdk.internal.misc.Unsafe::putReferenceOpaque (9 bytes)
Event: 7.719 Thread 0x0000027f51977030 nmethod 2744 0x0000027f1aa00b10 code [0x0000027f1aa00cc0, 0x0000027f1aa00f78]
Event: 7.719 Thread 0x0000027f51975f30 nmethod 2742 0x0000027f1aa01090 code [0x0000027f1aa01240, 0x0000027f1aa013c8]
Event: 7.719 Thread 0x0000027f518616a0 nmethod 2746 0x0000027f1aa01490 code [0x0000027f1aa01620, 0x0000027f1aa01798]
Event: 7.720 Thread 0x0000027f51975f30 2747       3       java.lang.Class::getDeclaredConstructors (27 bytes)
Event: 7.721 Thread 0x0000027f51975f30 nmethod 2747 0x0000027f1aa01810 code [0x0000027f1aa01a00, 0x0000027f1aa01d18]
Event: 7.733 Thread 0x0000027f51975f30 2748       3       java.util.concurrent.locks.AbstractQueuedSynchronizer$ConditionObject::canReacquire (38 bytes)
Event: 7.733 Thread 0x0000027f51975f30 nmethod 2748 0x0000027f1aa01e90 code [0x0000027f1aa02040, 0x0000027f1aa023b8]
Event: 7.764 Thread 0x0000027f51975f30 2749       3       java.util.concurrent.locks.LockSupport::setBlocker (12 bytes)
Event: 7.765 Thread 0x0000027f51975f30 nmethod 2749 0x0000027f1aa02510 code [0x0000027f1aa026c0, 0x0000027f1aa028c8]
Event: 7.873 Thread 0x0000027f51975f30 2752       1       org.gradle.launcher.daemon.server.exec.DaemonConnectionBackedEventConsumer::access$000 (5 bytes)
Event: 7.873 Thread 0x0000027f51975f30 nmethod 2752 0x0000027f2a95e410 code [0x0000027f2a95e5a0, 0x0000027f2a95e658]
Event: 8.186 Thread 0x0000027f51976a60 2753       3       java.util.Collection::stream (11 bytes)
Event: 8.186 Thread 0x0000027f51976a60 nmethod 2753 0x0000027f1aa02990 code [0x0000027f1aa02b40, 0x0000027f1aa02d38]

GC Heap History (8 events):
Event: 0.923 GC heap before
{Heap before GC invocations=0 (full 0):
 garbage-first heap   total 122880K, used 20480K [0x0000000600000000, 0x0000000800000000)
  region size 4096K, 5 young (20480K), 0 survivors (0K)
 Metaspace       used 935K, committed 1088K, reserved 1114112K
  class space    used 68K, committed 128K, reserved 1048576K
}
Event: 0.926 GC heap after
{Heap after GC invocations=1 (full 0):
 garbage-first heap   total 122880K, used 1697K [0x0000000600000000, 0x0000000800000000)
  region size 4096K, 1 young (4096K), 1 survivors (4096K)
 Metaspace       used 935K, committed 1088K, reserved 1114112K
  class space    used 68K, committed 128K, reserved 1048576K
}
Event: 2.274 GC heap before
{Heap before GC invocations=1 (full 0):
 garbage-first heap   total 122880K, used 46753K [0x0000000600000000, 0x0000000800000000)
  region size 4096K, 11 young (45056K), 1 survivors (4096K)
 Metaspace       used 4455K, committed 4608K, reserved 1114112K
  class space    used 542K, committed 640K, reserved 1048576K
}
Event: 2.281 GC heap after
{Heap after GC invocations=2 (full 0):
 garbage-first heap   total 122880K, used 11463K [0x0000000600000000, 0x0000000800000000)
  region size 4096K, 2 young (8192K), 2 survivors (8192K)
 Metaspace       used 4455K, committed 4608K, reserved 1114112K
  class space    used 542K, committed 640K, reserved 1048576K
}
Event: 2.987 GC heap before
{Heap before GC invocations=2 (full 0):
 garbage-first heap   total 122880K, used 56519K [0x0000000600000000, 0x0000000800000000)
  region size 4096K, 13 young (53248K), 2 survivors (8192K)
 Metaspace       used 5121K, committed 5312K, reserved 1114112K
  class space    used 661K, committed 768K, reserved 1048576K
}
Event: 2.995 GC heap after
{Heap after GC invocations=3 (full 0):
 garbage-first heap   total 122880K, used 16704K [0x0000000600000000, 0x0000000800000000)
  region size 4096K, 2 young (8192K), 2 survivors (8192K)
 Metaspace       used 5121K, committed 5312K, reserved 1114112K
  class space    used 661K, committed 768K, reserved 1048576K
}
Event: 5.297 GC heap before
{Heap before GC invocations=3 (full 0):
 garbage-first heap   total 122880K, used 78144K [0x0000000600000000, 0x0000000800000000)
  region size 4096K, 17 young (69632K), 2 survivors (8192K)
 Metaspace       used 16665K, committed 17024K, reserved 1114112K
  class space    used 2330K, committed 2496K, reserved 1048576K
}
Event: 5.304 GC heap after
{Heap after GC invocations=4 (full 0):
 garbage-first heap   total 122880K, used 21483K [0x0000000600000000, 0x0000000800000000)
  region size 4096K, 3 young (12288K), 3 survivors (12288K)
 Metaspace       used 16665K, committed 17024K, reserved 1114112K
  class space    used 2330K, committed 2496K, reserved 1048576K
}

Dll operation events (15 events):
Event: 0.020 Loaded shared library C:\Program Files\Eclipse Adoptium\jdk-17.0.15.6-hotspot\bin\java.dll
Event: 0.059 Loaded shared library C:\Program Files\Eclipse Adoptium\jdk-17.0.15.6-hotspot\bin\jsvml.dll
Event: 0.107 Loaded shared library C:\Program Files\Eclipse Adoptium\jdk-17.0.15.6-hotspot\bin\zip.dll
Event: 0.110 Loaded shared library C:\Program Files\Eclipse Adoptium\jdk-17.0.15.6-hotspot\bin\instrument.dll
Event: 0.118 Loaded shared library C:\Program Files\Eclipse Adoptium\jdk-17.0.15.6-hotspot\bin\net.dll
Event: 0.123 Loaded shared library C:\Program Files\Eclipse Adoptium\jdk-17.0.15.6-hotspot\bin\nio.dll
Event: 0.126 Loaded shared library C:\Program Files\Eclipse Adoptium\jdk-17.0.15.6-hotspot\bin\zip.dll
Event: 0.893 Loaded shared library C:\Program Files\Eclipse Adoptium\jdk-17.0.15.6-hotspot\bin\jimage.dll
Event: 1.071 Loaded shared library C:\Program Files\Eclipse Adoptium\jdk-17.0.15.6-hotspot\bin\verify.dll
Event: 1.254 Loaded shared library C:\Users\hlchy\.gradle\native\c067742578af261105cb4f569cf0c3c89f3d7b1fecec35dd04571415982c5e48\windows-amd64\native-platform.dll
Event: 1.266 Loaded shared library C:\Users\hlchy\.gradle\native\100fb08df4bc3b14c8652ba06237920a3bd2aa13389f12d3474272988ae205f9\windows-amd64\native-platform-file-events.dll
Event: 3.133 Loaded shared library C:\Program Files\Eclipse Adoptium\jdk-17.0.15.6-hotspot\bin\management.dll
Event: 3.140 Loaded shared library C:\Program Files\Eclipse Adoptium\jdk-17.0.15.6-hotspot\bin\management_ext.dll
Event: 3.500 Loaded shared library C:\Program Files\Eclipse Adoptium\jdk-17.0.15.6-hotspot\bin\extnet.dll
Event: 4.261 Loaded shared library C:\Program Files\Eclipse Adoptium\jdk-17.0.15.6-hotspot\bin\sunmscapi.dll

Deoptimization events (20 events):
Event: 5.059 Thread 0x0000027f98b54fc0 DEOPT PACKING pc=0x0000027f2a832bb8 sp=0x000000f0683fb110
Event: 5.059 Thread 0x0000027f98b54fc0 DEOPT UNPACKING pc=0x0000027f2a1169a3 sp=0x000000f0683fb0b8 mode 2
Event: 5.061 Thread 0x0000027f98b54fc0 Uncommon trap: trap_request=0xffffff45 fr.pc=0x0000027f2a8b1c4c relative=0x000000000000060c
Event: 5.061 Thread 0x0000027f98b54fc0 Uncommon trap: reason=unstable_if action=reinterpret pc=0x0000027f2a8b1c4c method=java.io.File.getName()Ljava/lang/String; @ 16 c2
Event: 5.061 Thread 0x0000027f98b54fc0 DEOPT PACKING pc=0x0000027f2a8b1c4c sp=0x000000f0683fb0c0
Event: 5.061 Thread 0x0000027f98b54fc0 DEOPT UNPACKING pc=0x0000027f2a1169a3 sp=0x000000f0683fb090 mode 2
Event: 5.161 Thread 0x0000027f98b54fc0 Uncommon trap: trap_request=0xffffff45 fr.pc=0x0000027f2a8be578 relative=0x00000000000000d8
Event: 5.161 Thread 0x0000027f98b54fc0 Uncommon trap: reason=unstable_if action=reinterpret pc=0x0000027f2a8be578 method=java.util.HashMap.hash(Ljava/lang/Object;)I @ 1 c2
Event: 5.161 Thread 0x0000027f98b54fc0 DEOPT PACKING pc=0x0000027f2a8be578 sp=0x000000f0683fc070
Event: 5.161 Thread 0x0000027f98b54fc0 DEOPT UNPACKING pc=0x0000027f2a1169a3 sp=0x000000f0683fbfb0 mode 2
Event: 5.304 Thread 0x0000027f98b57840 Uncommon trap: trap_request=0xffffff45 fr.pc=0x0000027f2a954110 relative=0x0000000000000270
Event: 5.304 Thread 0x0000027f98b57840 Uncommon trap: reason=unstable_if action=reinterpret pc=0x0000027f2a954110 method=java.util.concurrent.ConcurrentHashMap.get(Ljava/lang/Object;)Ljava/lang/Object; @ 76 c2
Event: 5.304 Thread 0x0000027f98b57840 DEOPT PACKING pc=0x0000027f2a954110 sp=0x000000f0684fe5d0
Event: 5.304 Thread 0x0000027f98b57840 DEOPT UNPACKING pc=0x0000027f2a1169a3 sp=0x000000f0684fe538 mode 2
Event: 5.379 Thread 0x0000027f98b54fc0 DEOPT PACKING pc=0x0000027f1a8ce1ce sp=0x000000f0683faea0
Event: 5.379 Thread 0x0000027f98b54fc0 DEOPT UNPACKING pc=0x0000027f2a117143 sp=0x000000f0683fa3b0 mode 0
Event: 5.423 Thread 0x0000027f98b54fc0 DEOPT PACKING pc=0x0000027f1a8ce1ce sp=0x000000f0683fbc80
Event: 5.423 Thread 0x0000027f98b54fc0 DEOPT UNPACKING pc=0x0000027f2a117143 sp=0x000000f0683fb190 mode 0
Event: 5.440 Thread 0x0000027f98b54fc0 DEOPT PACKING pc=0x0000027f1a8ce1ce sp=0x000000f0683f87b0
Event: 5.440 Thread 0x0000027f98b54fc0 DEOPT UNPACKING pc=0x0000027f2a117143 sp=0x000000f0683f7cc0 mode 0

Classes loaded (20 events):
Event: 5.135 Loading class java/util/stream/ReduceOps$1ReducingSink
Event: 5.137 Loading class java/util/stream/ReduceOps$1ReducingSink done
Event: 5.250 Loading class java/util/Collections$2
Event: 5.251 Loading class java/util/Collections$2 done
Event: 5.294 Loading class java/io/ObjectOutputStream$BlockDataOutputStream
Event: 5.295 Loading class java/io/ObjectOutputStream$BlockDataOutputStream done
Event: 5.295 Loading class java/io/ObjectOutputStream$HandleTable
Event: 5.295 Loading class java/io/ObjectOutputStream$HandleTable done
Event: 5.295 Loading class java/io/ObjectOutputStream$ReplaceTable
Event: 5.295 Loading class java/io/ObjectOutputStream$ReplaceTable done
Event: 5.309 Loading class java/io/UnsupportedEncodingException
Event: 5.309 Loading class java/io/UnsupportedEncodingException done
Event: 5.309 Loading class java/nio/charset/CharacterCodingException
Event: 5.309 Loading class java/nio/charset/CharacterCodingException done
Event: 5.394 Loading class java/util/function/LongFunction
Event: 5.394 Loading class java/util/function/LongFunction done
Event: 5.478 Loading class java/security/InvalidKeyException
Event: 5.479 Loading class java/security/KeyException
Event: 5.479 Loading class java/security/KeyException done
Event: 5.479 Loading class java/security/InvalidKeyException done

Classes unloaded (0 events):
No events

Classes redefined (0 events):
No events

Internal exceptions (20 events):
Event: 4.686 Thread 0x0000027f98b54fc0 Exception <a 'java/lang/NoSuchMethodError'{0x00000006057c3280}: 'java.lang.Object java.lang.invoke.DirectMethodHandle$Holder.newInvokeSpecial(java.lang.Object, java.lang.Object, java.lang.Object, java.lang.Object, java.lang.Object, java.lang.Object)'> (0x00000006057c3280) 
thrown [s\src\hotspot\share\interpreter\linkResolver.cpp, line 759]
Event: 4.689 Thread 0x0000027f98b54fc0 Exception <a 'java/lang/NoSuchMethodError'{0x00000006057db758}: 'void java.lang.invoke.DirectMethodHandle$Holder.invokeSpecial(java.lang.Object, java.lang.Object, java.lang.Object, java.lang.Object, java.lang.Object)'> (0x00000006057db758) 
thrown [s\src\hotspot\share\interpreter\linkResolver.cpp, line 759]
Event: 4.692 Thread 0x0000027f98b54fc0 Exception <a 'java/lang/NoSuchMethodError'{0x00000006057ef180}: 'void java.lang.invoke.DirectMethodHandle$Holder.invokeStaticInit(java.lang.Object, java.lang.Object)'> (0x00000006057ef180) 
thrown [s\src\hotspot\share\interpreter\linkResolver.cpp, line 759]
Event: 4.773 Thread 0x0000027f98b54fc0 Exception <a 'java/lang/NoSuchMethodError'{0x00000006052c53a8}: 'void java.lang.invoke.DelegatingMethodHandle$Holder.reinvoke_L(java.lang.Object, java.lang.Object, java.lang.Object, java.lang.Object, java.lang.Object, java.lang.Object, java.lang.Object, java.lang.Object, java.lang.Object, java.lang.Object)'> (0x00000006052c53a8) 
thrown [s\src\hotspot\share\interpreter\linkResolver.cpp, line 759]
Event: 4.773 Thread 0x0000027f98b54fc0 Exception <a 'java/lang/NoSuchMethodError'{0x00000006052cd818}: 'java.lang.Object java.lang.invoke.DirectMethodHandle$Holder.invokeSpecial(java.lang.Object, java.lang.Object, java.lang.Object, java.lang.Object, java.lang.Object, java.lang.Object, java.lang.Object, java.lang.Object, java.lang.Object, java.lang.Object)'> (0x00000006052cd818) 
thrown [s\src\hotspot\share\interpreter\linkResolver.cpp, line 759]
Event: 4.774 Thread 0x0000027f98b54fc0 Exception <a 'java/lang/NoSuchMethodError'{0x00000006052d20e8}: 'java.lang.Object java.lang.invoke.Invokers$Holder.invoker(java.lang.Object, java.lang.Object, java.lang.Object, java.lang.Object, java.lang.Object, java.lang.Object, java.lang.Object, java.lang.Object, java.lang.Object, java.lang.Object)'> (0x00000006052d20e8) 
thrown [s\src\hotspot\share\interpreter\linkResolver.cpp, line 759]
Event: 4.774 Thread 0x0000027f98b54fc0 Exception <a 'java/lang/NoSuchMethodError'{0x00000006052d7cf0}: 'java.lang.Object java.lang.invoke.DirectMethodHandle$Holder.invokeSpecial(java.lang.Object, java.lang.Object, java.lang.Object, java.lang.Object, java.lang.Object, java.lang.Object, java.lang.Object, java.lang.Object, java.lang.Object, java.lang.Object, java.lang.Object)'> (0x00000006052d7cf0) 
thrown [s\src\hotspot\share\interpreter\linkResolver.cpp, line 759]
Event: 4.964 Thread 0x0000027f98b54fc0 Exception <a 'java/lang/NoSuchMethodError'{0x0000000604a1d580}: 'java.lang.Object java.lang.invoke.DirectMethodHandle$Holder.newInvokeSpecial(java.lang.Object, java.lang.Object, int)'> (0x0000000604a1d580) 
thrown [s\src\hotspot\share\interpreter\linkResolver.cpp, line 759]
Event: 5.133 Thread 0x0000027f98b54fc0 Exception <a 'java/lang/NoSuchMethodError'{0x00000006038025e0}: 'int java.lang.invoke.DirectMethodHandle$Holder.invokeSpecialIFC(java.lang.Object, java.lang.Object, java.lang.Object, java.lang.Object)'> (0x00000006038025e0) 
thrown [s\src\hotspot\share\interpreter\linkResolver.cpp, line 759]
Event: 5.135 Thread 0x0000027f98b54fc0 Exception <a 'java/lang/NoSuchMethodError'{0x00000006038116c8}: 'java.lang.Object java.lang.invoke.DirectMethodHandle$Holder.invokeInterface(java.lang.Object, java.lang.Object, java.lang.Object)'> (0x00000006038116c8) 
thrown [s\src\hotspot\share\interpreter\linkResolver.cpp, line 759]
Event: 5.135 Thread 0x0000027f98b54fc0 Exception <a 'java/lang/IncompatibleClassChangeError'{0x0000000603815588}: Found class java.lang.Object, but interface was expected> (0x0000000603815588) 
thrown [s\src\hotspot\share\interpreter\linkResolver.cpp, line 826]
Event: 5.161 Thread 0x0000027f98b54fc0 Implicit null exception at 0x0000027f2a8be4d8 to 0x0000027f2a8be56e
Event: 5.175 Thread 0x0000027f98b54fc0 Exception <a 'java/lang/NoSuchMethodError'{0x0000000603a05628}: 'int java.lang.invoke.DirectMethodHandle$Holder.invokeStatic(java.lang.Object, java.lang.Object, java.lang.Object, java.lang.Object)'> (0x0000000603a05628) 
thrown [s\src\hotspot\share\interpreter\linkResolver.cpp, line 759]
Event: 5.175 Thread 0x0000027f98b54fc0 Exception <a 'java/lang/NoSuchMethodError'{0x0000000603a094f8}: 'java.lang.Object java.lang.invoke.Invokers$Holder.invokeExact_MT(java.lang.Object, java.lang.Object, java.lang.Object, java.lang.Object, java.lang.Object, java.lang.Object)'> (0x0000000603a094f8) 
thrown [s\src\hotspot\share\interpreter\linkResolver.cpp, line 759]
Event: 5.234 Thread 0x0000027f98b54fc0 Exception <a 'java/lang/IncompatibleClassChangeError'{0x0000000603529ff8}: Found class java.lang.Object, but interface was expected> (0x0000000603529ff8) 
thrown [s\src\hotspot\share\interpreter\linkResolver.cpp, line 826]
Event: 5.306 Thread 0x0000027f98b54090 Exception <a 'java/lang/NoSuchMethodError'{0x00000006074999e8}: static Lorg/gradle/internal/build/event/types/DefaultOperationStartedProgressEvent;.<clinit>()V> (0x00000006074999e8) 
thrown [s\src\hotspot\share\prims\jni.cpp, line 1112]
Event: 5.306 Thread 0x0000027f98b54090 Exception <a 'java/lang/NoSuchMethodError'{0x000000060749af70}: static Lorg/gradle/internal/build/event/types/AbstractProgressEvent;.<clinit>()V> (0x000000060749af70) 
thrown [s\src\hotspot\share\prims\jni.cpp, line 1112]
Event: 5.308 Thread 0x0000027f98b54090 Exception <a 'java/lang/NoSuchMethodError'{0x00000006074a3c28}: static Lorg/gradle/internal/build/event/types/DefaultOperationDescriptor;.<clinit>()V> (0x00000006074a3c28) 
thrown [s\src\hotspot\share\prims\jni.cpp, line 1112]
Event: 5.311 Thread 0x0000027f98b54090 Exception <a 'java/lang/NoSuchMethodError'{0x00000006074b9650}: static Lorg/gradle/internal/operations/OperationIdentifier;.<clinit>()V> (0x00000006074b9650) 
thrown [s\src\hotspot\share\prims\jni.cpp, line 1112]
Event: 5.653 Thread 0x0000027f98b54fc0 Exception <a 'java/lang/NoSuchMethodError'{0x0000000606e726c8}: 'int java.lang.invoke.DirectMethodHandle$Holder.invokeStaticInit(java.lang.Object, java.lang.Object, java.lang.Object)'> (0x0000000606e726c8) 
thrown [s\src\hotspot\share\interpreter\linkResolver.cpp, line 759]

VM Operations (20 events):
Event: 3.362 Executing VM operation: HandshakeAllThreads
Event: 3.362 Executing VM operation: HandshakeAllThreads done
Event: 4.187 Executing VM operation: HandshakeAllThreads
Event: 4.187 Executing VM operation: HandshakeAllThreads done
Event: 4.187 Executing VM operation: Cleanup
Event: 4.187 Executing VM operation: Cleanup done
Event: 4.268 Executing VM operation: HandshakeAllThreads
Event: 4.268 Executing VM operation: HandshakeAllThreads done
Event: 5.175 Executing VM operation: ICBufferFull
Event: 5.176 Executing VM operation: ICBufferFull done
Event: 5.217 Executing VM operation: HandshakeAllThreads
Event: 5.218 Executing VM operation: HandshakeAllThreads done
Event: 5.218 Executing VM operation: HandshakeAllThreads
Event: 5.218 Executing VM operation: HandshakeAllThreads done
Event: 5.296 Executing VM operation: G1CollectForAllocation
Event: 5.304 Executing VM operation: G1CollectForAllocation done
Event: 6.315 Executing VM operation: Cleanup
Event: 7.718 Executing VM operation: Cleanup done
Event: 8.731 Executing VM operation: Cleanup
Event: 8.731 Executing VM operation: Cleanup done

Memory protections (0 events):
No events

Nmethod flushes (0 events):
No events

Events (20 events):
Event: 0.889 Thread 0x0000027f51977030 Thread added: 0x0000027f51c38880
Event: 1.891 Thread 0x0000027f51c38880 Thread exited: 0x0000027f51c38880
Event: 1.891 Thread 0x0000027f51c38360 Thread exited: 0x0000027f51c38360
Event: 2.916 Thread 0x0000027f5185cd80 Thread added: 0x0000027f98486cf0
Event: 3.176 Thread 0x0000027f1289f7c0 Thread added: 0x0000027f51941130
Event: 3.362 Thread 0x0000027f98486cf0 Thread exited: 0x0000027f98486cf0
Event: 4.149 Thread 0x0000027f1289f7c0 Thread added: 0x0000027f51940710
Event: 4.244 Thread 0x0000027f1289f7c0 Thread added: 0x0000027f51940c20
Event: 4.312 Thread 0x0000027f51940710 Thread added: 0x0000027f98b57330
Event: 4.315 Thread 0x0000027f98b57330 Thread added: 0x0000027f98b545a0
Event: 4.406 Thread 0x0000027f98b57330 Thread added: 0x0000027f98b54ab0
Event: 4.437 Thread 0x0000027f98b57330 Thread added: 0x0000027f98b54fc0
Event: 4.461 Thread 0x0000027f98b54fc0 Thread added: 0x0000027f98b57840
Event: 4.468 Thread 0x0000027f98b54fc0 Thread added: 0x0000027f98b554d0
Event: 4.474 Thread 0x0000027f98b54fc0 Thread added: 0x0000027f98b54090
Event: 4.821 Thread 0x0000027f51975f30 Thread added: 0x0000027f98d3fc50
Event: 4.961 Thread 0x0000027f98b54fc0 Thread added: 0x0000027f98b56e20
Event: 4.977 Thread 0x0000027f98b54fc0 Thread added: 0x0000027f98b59190
Event: 5.011 Thread 0x0000027f98b54fc0 Thread added: 0x0000027f98b58c80
Event: 5.532 Thread 0x0000027f518616a0 Thread added: 0x0000027f9a2107d0


Dynamic libraries:
0x00007ff7d9dd0000 - 0x00007ff7d9dde000 	C:\Program Files\Eclipse Adoptium\jdk-17.0.15.6-hotspot\bin\java.exe
0x00007ffaa53c0000 - 0x00007ffaa5625000 	C:\WINDOWS\SYSTEM32\ntdll.dll
0x00007ffaa4f50000 - 0x00007ffaa5019000 	C:\WINDOWS\System32\KERNEL32.DLL
0x00007ffaa2510000 - 0x00007ffaa28f8000 	C:\WINDOWS\System32\KERNELBASE.dll
0x00007ffaa3010000 - 0x00007ffaa315b000 	C:\WINDOWS\System32\ucrtbase.dll
0x00007ffa5f380000 - 0x00007ffa5f397000 	C:\Program Files\Eclipse Adoptium\jdk-17.0.15.6-hotspot\bin\jli.dll
0x00007ffa5c560000 - 0x00007ffa5c57e000 	C:\Program Files\Eclipse Adoptium\jdk-17.0.15.6-hotspot\bin\VCRUNTIME140.dll
0x00007ffaa4850000 - 0x00007ffaa4a1a000 	C:\WINDOWS\System32\USER32.dll
0x00007ffaa2f30000 - 0x00007ffaa2f57000 	C:\WINDOWS\System32\win32u.dll
0x00007ffaa3710000 - 0x00007ffaa373b000 	C:\WINDOWS\System32\GDI32.dll
0x00007ffaa2bd0000 - 0x00007ffaa2d07000 	C:\WINDOWS\System32\gdi32full.dll
0x00007ffaa2f60000 - 0x00007ffaa3003000 	C:\WINDOWS\System32\msvcp_win.dll
0x00007ffa872d0000 - 0x00007ffa8756a000 	C:\WINDOWS\WinSxS\amd64_microsoft.windows.common-controls_6595b64144ccf1df_6.0.26100.4202_none_3e0698d4e335f517\COMCTL32.dll
0x00007ffaa3c80000 - 0x00007ffaa3d29000 	C:\WINDOWS\System32\msvcrt.dll
0x00007ffaa50f0000 - 0x00007ffaa5120000 	C:\WINDOWS\System32\IMM32.DLL
0x00007ffa7ac30000 - 0x00007ffa7ac3c000 	C:\Program Files\Eclipse Adoptium\jdk-17.0.15.6-hotspot\bin\vcruntime140_1.dll
0x00007ffa29860000 - 0x00007ffa298ed000 	C:\Program Files\Eclipse Adoptium\jdk-17.0.15.6-hotspot\bin\msvcp140.dll
0x00007ff9d3d50000 - 0x00007ff9d49bb000 	C:\Program Files\Eclipse Adoptium\jdk-17.0.15.6-hotspot\bin\server\jvm.dll
0x00007ffaa5020000 - 0x00007ffaa50d3000 	C:\WINDOWS\System32\ADVAPI32.dll
0x00007ffaa3b50000 - 0x00007ffaa3bf6000 	C:\WINDOWS\System32\sechost.dll
0x00007ffaa3740000 - 0x00007ffaa3855000 	C:\WINDOWS\System32\RPCRT4.dll
0x00007ffaa3c00000 - 0x00007ffaa3c74000 	C:\WINDOWS\System32\WS2_32.dll
0x00007ffaa2360000 - 0x00007ffaa23be000 	C:\WINDOWS\SYSTEM32\POWRPROF.dll
0x00007ffa9a630000 - 0x00007ffa9a63b000 	C:\WINDOWS\SYSTEM32\VERSION.dll
0x00007ffa99160000 - 0x00007ffa99195000 	C:\WINDOWS\SYSTEM32\WINMM.dll
0x00007ffaa2340000 - 0x00007ffaa2354000 	C:\WINDOWS\SYSTEM32\UMPDC.dll
0x00007ffaa1290000 - 0x00007ffaa12ab000 	C:\WINDOWS\SYSTEM32\kernel.appcore.dll
0x00007ffa7ab10000 - 0x00007ffa7ab1a000 	C:\Program Files\Eclipse Adoptium\jdk-17.0.15.6-hotspot\bin\jimage.dll
0x00007ffa9fcc0000 - 0x00007ffa9ff01000 	C:\WINDOWS\SYSTEM32\DBGHELP.DLL
0x00007ffaa4a20000 - 0x00007ffaa4da5000 	C:\WINDOWS\System32\combase.dll
0x00007ffaa4760000 - 0x00007ffaa4841000 	C:\WINDOWS\System32\OLEAUT32.dll
0x00007ffa7a630000 - 0x00007ffa7a669000 	C:\WINDOWS\SYSTEM32\dbgcore.DLL
0x00007ffaa2e90000 - 0x00007ffaa2f29000 	C:\WINDOWS\System32\bcryptPrimitives.dll
0x00007ffa7aa70000 - 0x00007ffa7aa7e000 	C:\Program Files\Eclipse Adoptium\jdk-17.0.15.6-hotspot\bin\instrument.dll
0x00007ffa5c530000 - 0x00007ffa5c555000 	C:\Program Files\Eclipse Adoptium\jdk-17.0.15.6-hotspot\bin\java.dll
0x00007ffa29780000 - 0x00007ffa29857000 	C:\Program Files\Eclipse Adoptium\jdk-17.0.15.6-hotspot\bin\jsvml.dll
0x00007ffaa3d30000 - 0x00007ffaa4472000 	C:\WINDOWS\System32\SHELL32.dll
0x00007ffaa2900000 - 0x00007ffaa2a74000 	C:\WINDOWS\System32\wintypes.dll
0x00007ffaa0130000 - 0x00007ffaa0987000 	C:\WINDOWS\SYSTEM32\windows.storage.dll
0x00007ffaa51b0000 - 0x00007ffaa52a1000 	C:\WINDOWS\System32\SHCORE.dll
0x00007ffaa35f0000 - 0x00007ffaa365a000 	C:\WINDOWS\System32\shlwapi.dll
0x00007ffaa2420000 - 0x00007ffaa244f000 	C:\WINDOWS\SYSTEM32\profapi.dll
0x00007ffa5c510000 - 0x00007ffa5c528000 	C:\Program Files\Eclipse Adoptium\jdk-17.0.15.6-hotspot\bin\zip.dll
0x00007ffa58150000 - 0x00007ffa58169000 	C:\Program Files\Eclipse Adoptium\jdk-17.0.15.6-hotspot\bin\net.dll
0x00007ffa9bba0000 - 0x00007ffa9bcbe000 	C:\WINDOWS\SYSTEM32\WINHTTP.dll
0x00007ffaa17e0000 - 0x00007ffaa184a000 	C:\WINDOWS\system32\mswsock.dll
0x00007ffa560c0000 - 0x00007ffa560d6000 	C:\Program Files\Eclipse Adoptium\jdk-17.0.15.6-hotspot\bin\nio.dll
0x00007ffa6f790000 - 0x00007ffa6f7a0000 	C:\Program Files\Eclipse Adoptium\jdk-17.0.15.6-hotspot\bin\verify.dll
0x00007ffa6f3a0000 - 0x00007ffa6f3c7000 	C:\Users\hlchy\.gradle\native\c067742578af261105cb4f569cf0c3c89f3d7b1fecec35dd04571415982c5e48\windows-amd64\native-platform.dll
0x00007ffa11f10000 - 0x00007ffa12054000 	C:\Users\hlchy\.gradle\native\100fb08df4bc3b14c8652ba06237920a3bd2aa13389f12d3474272988ae205f9\windows-amd64\native-platform-file-events.dll
0x00007ffa91250000 - 0x00007ffa9125a000 	C:\Program Files\Eclipse Adoptium\jdk-17.0.15.6-hotspot\bin\management.dll
0x00007ffa7c410000 - 0x00007ffa7c41b000 	C:\Program Files\Eclipse Adoptium\jdk-17.0.15.6-hotspot\bin\management_ext.dll
0x00007ffaa4720000 - 0x00007ffaa4728000 	C:\WINDOWS\System32\PSAPI.DLL
0x00007ffaa1bc0000 - 0x00007ffaa1bdb000 	C:\WINDOWS\SYSTEM32\CRYPTSP.dll
0x00007ffaa11f0000 - 0x00007ffaa122a000 	C:\WINDOWS\system32\rsaenh.dll
0x00007ffaa1880000 - 0x00007ffaa18ab000 	C:\WINDOWS\SYSTEM32\USERENV.dll
0x00007ffaa23f0000 - 0x00007ffaa2416000 	C:\WINDOWS\SYSTEM32\bcrypt.dll
0x00007ffaa1a20000 - 0x00007ffaa1a2c000 	C:\WINDOWS\SYSTEM32\CRYPTBASE.dll
0x00007ffaa0ca0000 - 0x00007ffaa0cd3000 	C:\WINDOWS\SYSTEM32\IPHLPAPI.DLL
0x00007ffaa50e0000 - 0x00007ffaa50ea000 	C:\WINDOWS\System32\NSI.dll
0x00007ffa9bf60000 - 0x00007ffa9bf7f000 	C:\WINDOWS\SYSTEM32\dhcpcsvc6.DLL
0x00007ffa9bd70000 - 0x00007ffa9bd95000 	C:\WINDOWS\SYSTEM32\dhcpcsvc.DLL
0x00007ffaa0ce0000 - 0x00007ffaa0e07000 	C:\WINDOWS\SYSTEM32\DNSAPI.dll
0x00007ffa7c400000 - 0x00007ffa7c409000 	C:\Program Files\Eclipse Adoptium\jdk-17.0.15.6-hotspot\bin\extnet.dll
0x00007ffa7aba0000 - 0x00007ffa7abae000 	C:\Program Files\Eclipse Adoptium\jdk-17.0.15.6-hotspot\bin\sunmscapi.dll
0x00007ffaa2d10000 - 0x00007ffaa2e87000 	C:\WINDOWS\System32\CRYPT32.dll
0x00007ffaa1d10000 - 0x00007ffaa1d40000 	C:\WINDOWS\SYSTEM32\ncrypt.dll
0x00007ffaa1cc0000 - 0x00007ffaa1cff000 	C:\WINDOWS\SYSTEM32\NTASN1.dll
0x00007ffa9f0a0000 - 0x00007ffa9f0a8000 	C:\WINDOWS\system32\wshunix.dll

dbghelp: loaded successfully - version: 4.0.5 - missing functions: none
symbol engine: initialized successfully - sym options: 0x614 - pdb path: .;C:\Program Files\Eclipse Adoptium\jdk-17.0.15.6-hotspot\bin;C:\WINDOWS\SYSTEM32;C:\WINDOWS\WinSxS\amd64_microsoft.windows.common-controls_6595b64144ccf1df_6.0.26100.4202_none_3e0698d4e335f517;C:\Program Files\Eclipse Adoptium\jdk-17.0.15.6-hotspot\bin\server;C:\Users\hlchy\.gradle\native\c067742578af261105cb4f569cf0c3c89f3d7b1fecec35dd04571415982c5e48\windows-amd64;C:\Users\hlchy\.gradle\native\100fb08df4bc3b14c8652ba06237920a3bd2aa13389f12d3474272988ae205f9\windows-amd64

VM Arguments:
jvm_args: -XX:MaxMetaspaceSize=4G -XX:ReservedCodeCacheSize=512m -XX:+HeapDumpOnOutOfMemoryError --add-opens=java.base/java.util=ALL-UNNAMED --add-opens=java.base/java.lang=ALL-UNNAMED --add-opens=java.base/java.lang.invoke=ALL-UNNAMED --add-opens=java.prefs/java.util.prefs=ALL-UNNAMED --add-exports=jdk.compiler/com.sun.tools.javac.api=ALL-UNNAMED --add-exports=jdk.compiler/com.sun.tools.javac.util=ALL-UNNAMED --add-opens=java.base/java.nio.charset=ALL-UNNAMED --add-opens=java.base/java.net=ALL-UNNAMED --add-opens=java.base/java.util.concurrent.atomic=ALL-UNNAMED -Xmx8G -Dfile.encoding=utf8 -Duser.country=US -Duser.language=en -Duser.variant -javaagent:C:\Users\hlchy\.gradle\wrapper\dists\gradle-8.10.2-all\7iv73wktx1xtkvlq19urqw1wm\gradle-8.10.2\lib\agents\gradle-instrumentation-agent-8.10.2.jar 
java_command: org.gradle.launcher.daemon.bootstrap.GradleDaemon 8.10.2
java_class_path (initial): C:\Users\hlchy\.gradle\wrapper\dists\gradle-8.10.2-all\7iv73wktx1xtkvlq19urqw1wm\gradle-8.10.2\lib\gradle-daemon-main-8.10.2.jar
Launcher Type: SUN_STANDARD

[Global flags]
     intx CICompilerCount                          = 12                                        {product} {ergonomic}
     uint ConcGCThreads                            = 3                                         {product} {ergonomic}
     uint G1ConcRefinementThreads                  = 13                                        {product} {ergonomic}
   size_t G1HeapRegionSize                         = 4194304                                   {product} {ergonomic}
    uintx GCDrainStackTargetSize                   = 64                                        {product} {ergonomic}
     bool HeapDumpOnOutOfMemoryError               = true                                   {manageable} {command line}
   size_t InitialHeapSize                          = 125829120                                 {product} {ergonomic}
   size_t MarkStackSize                            = 4194304                                   {product} {ergonomic}
   size_t MaxHeapSize                              = 8589934592                                {product} {command line}
   size_t MaxMetaspaceSize                         = 4294967296                                {product} {command line}
   size_t MaxNewSize                               = 5150605312                                {product} {ergonomic}
   size_t MinHeapDeltaBytes                        = 4194304                                   {product} {ergonomic}
   size_t MinHeapSize                              = 8388608                                   {product} {ergonomic}
    uintx NonNMethodCodeHeapSize                   = 7602480                                {pd product} {ergonomic}
    uintx NonProfiledCodeHeapSize                  = 264634216                              {pd product} {ergonomic}
    uintx ProfiledCodeHeapSize                     = 264634216                              {pd product} {ergonomic}
    uintx ReservedCodeCacheSize                    = 536870912                              {pd product} {command line}
     bool SegmentedCodeCache                       = true                                      {product} {ergonomic}
   size_t SoftMaxHeapSize                          = 8589934592                             {manageable} {ergonomic}
   double SweeperThreshold                         = 0.234375                                  {product} {ergonomic}
     bool UseCompressedClassPointers               = true                           {product lp64_product} {ergonomic}
     bool UseCompressedOops                        = true                           {product lp64_product} {ergonomic}
     bool UseG1GC                                  = true                                      {product} {ergonomic}
     bool UseLargePagesIndividualAllocation        = false                                  {pd product} {ergonomic}

Logging:
Log output configuration:
 #0: stdout all=warning uptime,level,tags
 #1: stderr all=off uptime,level,tags

Environment Variables:
JAVA_HOME=C:\Program Files\Java\jdk-23
PATH=C:\Program Files\Eclipse Adoptium\jdk-17.0.15.6-hotspot\bin;c:\Users\hlchy\AppData\Local\Programs\cursor\resources\app\bin;C:\Program Files\Google\Chrome\Application;C:\Program Files\Common Files\Oracle\Java\javapath;C:\Python312\Scripts\;C:\Python312\;C:\Windows\system32;C:\Windows;C:\Windows\System32\Wbem;C:\Windows\System32\WindowsPowerShell\v1.0\;C:\Windows\System32\OpenSSH\;C:\Program Files (x86)\NVIDIA Corporation\PhysX\Common;C:\Program Files\NVIDIA Corporation\NVIDIA NvDLISR;C:\WINDOWS\system32;C:\WINDOWS;C:\WINDOWS\System32\Wbem;C:\WINDOWS\System32\WindowsPowerShell\v1.0\;C:\WINDOWS\System32\OpenSSH\;C:\Program Files\Cloudflare\Cloudflare WARP\;C:\Program Files\nodejs\;C:\ProgramData\chocolatey\bin;C:\Program Files\Microsoft SQL Server\150\Tools\Binn\;C:\Program Files\Microsoft SQL Server\Client SDK\ODBC\170\Tools\Binn\;C:\Program Files\dotnet\;C:\Program Files\Git\cmd;C:\Program Files (x86)\Microsoft SQL Server\160\Tools\Binn\;C:\Program Files\Microsoft SQL Server\160\Tools\Binn\;C:\Program Files\Microsoft SQL Server\160\DTS\Binn\;C:\Users\hlchy\AppData\Loca;C:\Program Files (x86)\Microsoft SQL Server\160\DTS\Binn\;C:\Program Files\Java\jdk-23\bin;C:\Users\hlchy\Downloads\apache-tomcat-10.1.39-windows-x64\apache-tomcat-10.1.39\bin;C:\Program Files\Kubernetes\Minikube;C:\minikube;C:\Program Files\Docker\Docker\resources\bin;C:\WINDOWS\system32;C:\WINDOWS;C:\WINDOWS\System32\Wbem;C:\WINDOWS\System32\WindowsPowerShell\v1.0\;C:\WINDOWS\System32\OpenSSH\;C:\Users\hlchy\AppData\Local\Android\Sdk\platform-tools;C:\Users\hlchy\AppData\Local\Android\Sdk\tools;C:\Users\hlchy\AppData\Local\Microsoft\WindowsApps;C:\Users\hlchy\AppData\Local\Programs\oh-my-posh\bin;C:\Users\hlchy\AppData\Local\Programs\Microsoft VS Code\bin;C:\Users\hlchy\AppData\Local\Microsoft\WinGet\Packages\Schniz.fnm_Microsoft.Winget.Source_8wekyb3d8bbwe;C:\Users\hlchy\AppData\Roaming\npm;C:\Users\hlchy\.dotnet\tools;C:\Program Files\JetBrains\PyCharm 2024.3\bin;;D:\BaiTap\Cross Platform\flutter\bin;C:\Users\hlchy\AppData\Local\Programs\cursor\resources\app\bin;D:\IntelliJ IDEA 2024.3.4.1\bin;;C:\Users\hlchy\AppData\Local\GitHubDesktop\bin
USERNAME=hlchy
OS=Windows_NT
PROCESSOR_IDENTIFIER=AMD64 Family 25 Model 68 Stepping 1, AuthenticAMD
TMP=C:\Users\hlchy\AppData\Local\Temp
TEMP=C:\Users\hlchy\AppData\Local\Temp



Periodic native trim disabled


---------------  S Y S T E M  ---------------

OS:
 Windows 11 , 64 bit Build 26100 (10.0.26100.4202)
OS uptime: 0 days 6:45 hours
Hyper-V role detected

CPU: total 16 (initial active 16) (16 cores per cpu, 2 threads per core) family 25 model 68 stepping 1 microcode 0xa404102, cx8, cmov, fxsr, ht, mmx, 3dnowpref, sse, sse2, sse3, ssse3, sse4a, sse4.1, sse4.2, popcnt, lzcnt, tsc, tscinvbit, avx, avx2, aes, erms, clmul, bmi1, bmi2, adx, sha, fma, vzeroupper, clflush, clflushopt, hv
Processor Information for all 16 processors :
  Max Mhz: 3201, Current Mhz: 3201, Mhz Limit: 3201

Memory: 4k page, system-wide physical 7436M (505M free)
TotalPageFile size 29964M (AvailPageFile size 456M)
current process WorkingSet (physical memory assigned to process): 225M, peak: 237M
current process commit charge ("private bytes"): 306M, peak: 330M

vm_info: OpenJDK 64-Bit Server VM (17.0.15+6) for windows-amd64 JRE (17.0.15+6), built on Apr 15 2025 21:25:47 by "admin" with MS VC++ 17.7 (VS2022)

END.
