#
# There is insufficient memory for the Java Runtime Environment to continue.
# Native memory allocation (mmap) failed to map 239075328 bytes. Error detail: G1 virtual space
# Possible reasons:
#   The system is out of physical RAM or swap space
#   This process is running with CompressedOops enabled, and the Java Heap may be blocking the growth of the native heap
# Possible solutions:
#   Reduce memory load on the system
#   Increase physical memory or swap space
#   Check if swap backing store is full
#   Decrease Java heap size (-Xmx/-Xms)
#   Decrease number of Java threads
#   Decrease Java thread stack sizes (-Xss)
#   Set larger code cache with -XX:ReservedCodeCacheSize=
#   JVM is running with Zero Based Compressed Oops mode in which the Java heap is
#     placed in the first 32GB address space. The Java Heap base address is the
#     maximum limit for the native heap growth. Please use -XX:HeapBaseMinAddress
#     to set the Java Heap base and to place the Java Heap above 32GB virtual address.
# This output file may be truncated or incomplete.
#
#  Out of Memory Error (os_windows.cpp:3618), pid=19624, tid=4664
#
# JRE version: OpenJDK Runtime Environment Temurin-17.0.15+6 (17.0.15+6) (build 17.0.15+6)
# Java VM: OpenJDK 64-Bit Server VM Temurin-17.0.15+6 (17.0.15+6, mixed mode, sharing, tiered, compressed oops, compressed class ptrs, g1 gc, windows-amd64)
# No core dump will be written. Minidumps are not enabled by default on client versions of Windows
#

---------------  S U M M A R Y ------------

Command Line: -XX:MaxMetaspaceSize=4G -XX:ReservedCodeCacheSize=512m -XX:+HeapDumpOnOutOfMemoryError --add-opens=java.base/java.util=ALL-UNNAMED --add-opens=java.base/java.lang=ALL-UNNAMED --add-opens=java.base/java.lang.invoke=ALL-UNNAMED --add-opens=java.prefs/java.util.prefs=ALL-UNNAMED --add-exports=jdk.compiler/com.sun.tools.javac.api=ALL-UNNAMED --add-exports=jdk.compiler/com.sun.tools.javac.util=ALL-UNNAMED --add-opens=java.base/java.nio.charset=ALL-UNNAMED --add-opens=java.base/java.net=ALL-UNNAMED --add-opens=java.base/java.util.concurrent.atomic=ALL-UNNAMED -Xmx8G -Dfile.encoding=utf8 -Duser.country=US -Duser.language=en -Duser.variant -javaagent:C:\Users\hlchy\.gradle\wrapper\dists\gradle-8.10.2-all\7iv73wktx1xtkvlq19urqw1wm\gradle-8.10.2\lib\agents\gradle-instrumentation-agent-8.10.2.jar org.gradle.launcher.daemon.bootstrap.GradleDaemon 8.10.2

Host: AMD Ryzen 7 6800H with Radeon Graphics         , 16 cores, 7G,  Windows 11 , 64 bit Build 26100 (10.0.26100.4202)
Time: Sun Jun  8 22:13:31 2025 SE Asia Standard Time elapsed time: 48.108464 seconds (0d 0h 0m 48s)

---------------  T H R E A D  ---------------

Current thread (0x000001dff1a44110):  VMThread "VM Thread" [stack: 0x000000c12c000000,0x000000c12c100000] [id=4664]

Stack: [0x000000c12c000000,0x000000c12c100000]
Native frames: (J=compiled Java code, j=interpreted, Vv=VM code, C=native code)
V  [jvm.dll+0x682fc9]
V  [jvm.dll+0x839878]
V  [jvm.dll+0x83b323]
V  [jvm.dll+0x83b993]
V  [jvm.dll+0x24725f]
V  [jvm.dll+0x67fda9]
V  [jvm.dll+0x674c9a]
V  [jvm.dll+0x304d06]
V  [jvm.dll+0x30c1c6]
V  [jvm.dll+0x35dd4e]
V  [jvm.dll+0x35df8d]
V  [jvm.dll+0x2dc0cc]
V  [jvm.dll+0x2da46f]
V  [jvm.dll+0x2d9bdc]
V  [jvm.dll+0x31d3bb]
V  [jvm.dll+0x8401cd]
V  [jvm.dll+0x840f03]
V  [jvm.dll+0x84142f]
V  [jvm.dll+0x841814]
V  [jvm.dll+0x8418de]
V  [jvm.dll+0x7e94dc]
V  [jvm.dll+0x681ea7]
C  [ucrtbase.dll+0x37b0]
C  [KERNEL32.DLL+0x2e8d7]
C  [ntdll.dll+0x3c34c]

VM_Operation (0x000000c12d8f5550): G1CollectForAllocation, mode: safepoint, requested by thread 0x000001e03ad3fdf0


---------------  P R O C E S S  ---------------

Threads class SMR info:
_java_thread_list=0x000001e03f3cfdb0, length=227, elements={
0x000001dfb59df4c0, 0x000001dff1a4a110, 0x000001dff1a4aad0, 0x000001dff4843a70,
0x000001dff4844430, 0x000001dff484ae10, 0x000001dff484fc50, 0x000001dff4855500,
0x000001dff485df10, 0x000001dff4850160, 0x000001dff4850b80, 0x000001dff4851fc0,
0x000001dff4850670, 0x000001dff48524d0, 0x000001dff484ed20, 0x000001dff48515a0,
0x000001dff484f230, 0x000001dff484f740, 0x000001e03ad3fdf0, 0x000001e03ad3df90,
0x000001e03ad3da80, 0x000001e03ad3f8e0, 0x000001e03ad3e9b0, 0x000001e03ad3eec0,
0x000001e03ad3e4a0, 0x000001e03ad3d060, 0x000001e03ad3f3d0, 0x000001e03ad40300,
0x000001e03ad40810, 0x000001e03ad40d20, 0x000001e03ad3d570, 0x000001e03ad449e0,
0x000001e03ad43090, 0x000001e03ad43ab0, 0x000001e03ad42b80, 0x000001e03ad41c50,
0x000001e03ad41230, 0x000001e03ad435a0, 0x000001e03ad41740, 0x000001e03ad42160,
0x000001e03c498ec0, 0x000001e03c497f90, 0x000001e03c496130, 0x000001e03c497570,
0x000001e03c4984a0, 0x000001e03c4989b0, 0x000001e03c4993d0, 0x000001e03c496b50,
0x000001e03c4998e0, 0x000001e03c496640, 0x000001e03c49c670, 0x000001e03c49b740,
0x000001e03c49d090, 0x000001e03c49bc50, 0x000001e03c49b230, 0x000001e03c49c160,
0x000001e03c49a810, 0x000001e03c49a300, 0x000001e03c49d5a0, 0x000001e03c499df0,
0x000001e03c49cb80, 0x000001e03c49ad20, 0x000001e03c49dab0, 0x000001e03a1c1380,
0x000001e03a1c1da0, 0x000001e03a1c31e0, 0x000001e03a1c1890, 0x000001e03a1c22b0,
0x000001e03a1c27c0, 0x000001e03a1bff40, 0x000001e03a1c2cd0, 0x000001e03a1bfa30,
0x000001e03a1c0960, 0x000001e03a1c36f0, 0x000001e03a1c3c00, 0x000001e03a1c0450,
0x000001e03a1c0e70, 0x000001e03a1c5f70, 0x000001e03a1c6480, 0x000001e03a1c4110,
0x000001e03a1c4620, 0x000001e03a1c4b30, 0x000001e03a1c6990, 0x000001e03a1c73b0,
0x000001e03a1c5040, 0x000001e03a1c5550, 0x000001e03a1c5a60, 0x000001e03a1c6ea0,
0x000001e04041e720, 0x000001e04041d2e0, 0x000001e04041c8c0, 0x000001e04041c3b0,
0x000001e04041d7f0, 0x000001e04041af70, 0x000001e04041b480, 0x000001e04041cdd0,
0x000001e040c46100, 0x000001e040c45bf0, 0x000001e040c451d0, 0x000001e040c43880,
0x000001e040c43370, 0x000001e040c456e0, 0x000001e040c447b0, 0x000001e040c46610,
0x000001e040c42e60, 0x000001e040c46b20, 0x000001e040c47030, 0x000001e040c442a0,
0x000001e040c44cc0, 0x000001e040c47540, 0x000001e040c43d90, 0x000001e040c4a7e0,
0x000001e040c49dc0, 0x000001e040c48e90, 0x000001e040c47a50, 0x000001e040c47f60,
0x000001e040c48470, 0x000001e040c493a0, 0x000001e040c48980, 0x000001e040c498b0,
0x000001e040c4a2d0, 0x000001e0424a26a0, 0x000001e0424a5430, 0x000001e0424a5940,
0x000001e0424a4a10, 0x000001e0424a35d0, 0x000001e0424a5e50, 0x000001e0424a2bb0,
0x000001e0424a4500, 0x000001e0424a3ae0, 0x000001e0424a30c0, 0x000001e0424a3ff0,
0x000001e0424a4f20, 0x000001e03ee1d610, 0x000001e03ee1d100, 0x000001e03ee1db20,
0x000001e03ee1b7b0, 0x000001e03ee1bcc0, 0x000001e03ee1e030, 0x000001e03ee1f470,
0x000001e03ee1c6e0, 0x000001e03ee1e540, 0x000001e03ee1c1d0, 0x000001e03ee1cbf0,
0x000001e03ee212d0, 0x000001e03ee20dc0, 0x000001e03ee21cf0, 0x000001e03ee1ea50,
0x000001e03ee22200, 0x000001e03ee1ef60, 0x000001e03ee22710, 0x000001e03ee22c20,
0x000001e03ee23130, 0x000001e03ee1f980, 0x000001e03ee1fe90, 0x000001e03ee203a0,
0x000001e03ee208b0, 0x000001e03ee217e0, 0x000001e03c1efc50, 0x000001e03c1f15a0,
0x000001e03c1eed20, 0x000001e03c1f0b80, 0x000001e03c1f24d0, 0x000001e03c1f1090,
0x000001e03c1f1ab0, 0x000001e03c1f1fc0, 0x000001e03c1f29e0, 0x000001e03c1ef230,
0x000001e03c1f2ef0, 0x000001e03c1ef740, 0x000001e03c1f3400, 0x000001e03c1f3910,
0x000001e03c1f0160, 0x000001e03c1f3e20, 0x000001e03c1f0670, 0x000001e03c1f5c80,
0x000001e03c1f5770, 0x000001e03c1f6190, 0x000001e03c1f66a0, 0x000001e03c1f4330,
0x000001e03c1f4840, 0x000001e03c1f4d50, 0x000001e03c1f5260, 0x000001dff4851ab0,
0x000001dff4851090, 0x000001e03c626a30, 0x000001e03c625b00, 0x000001e03c627960,
0x000001e03c628890, 0x000001e03c6297c0, 0x000001e03c626010, 0x000001e03c627e70,
0x000001e03c628da0, 0x000001e03c62ac00, 0x000001e03c627450, 0x000001e03c62b110,
0x000001e03c62b620, 0x000001e03c62bb30, 0x000001e03c62c040, 0x000001e03c62c550,
0x000001e03c62ca60, 0x000001e03c62cf70, 0x000001e03c62d480, 0x000001e03ba632b0,
0x000001e03ba60520, 0x000001e03ba5fb00, 0x000001e03ba60a30, 0x000001e03ba61960,
0x000001e03ba62da0, 0x000001e03ba60f40, 0x000001e03ba62890, 0x000001e03ba60010,
0x000001e03ba61450, 0x000001e03ba637c0, 0x000001e03ba65110, 0x000001e03ba64c00,
0x000001e03ba62380, 0x000001e03ba63cd0, 0x000001e03ba641e0, 0x000001e03ba646f0,
0x000001e03ba65620, 0x000001e03ba61e70, 0x000001e03ba66040, 0x000001e03ba65b30,
0x000001e03ba66550, 0x000001e03ba67480, 0x000001e041858060
}

Java Threads: ( => current thread )
  0x000001dfb59df4c0 JavaThread "main" [_thread_blocked, id=24924, stack(0x000000c12ba00000,0x000000c12bb00000)]
  0x000001dff1a4a110 JavaThread "Reference Handler" daemon [_thread_blocked, id=21252, stack(0x000000c12c100000,0x000000c12c200000)]
  0x000001dff1a4aad0 JavaThread "Finalizer" daemon [_thread_blocked, id=21416, stack(0x000000c12c200000,0x000000c12c300000)]
  0x000001dff4843a70 JavaThread "Signal Dispatcher" daemon [_thread_blocked, id=8764, stack(0x000000c12c300000,0x000000c12c400000)]
  0x000001dff4844430 JavaThread "Attach Listener" daemon [_thread_blocked, id=19596, stack(0x000000c12c400000,0x000000c12c500000)]
  0x000001dff484ae10 JavaThread "Service Thread" daemon [_thread_blocked, id=27356, stack(0x000000c12c500000,0x000000c12c600000)]
  0x000001dff484fc50 JavaThread "Monitor Deflation Thread" daemon [_thread_blocked, id=12872, stack(0x000000c12c600000,0x000000c12c700000)]
  0x000001dff4855500 JavaThread "C2 CompilerThread0" daemon [_thread_blocked, id=9268, stack(0x000000c12c700000,0x000000c12c800000)]
  0x000001dff485df10 JavaThread "C1 CompilerThread0" daemon [_thread_blocked, id=8412, stack(0x000000c12c800000,0x000000c12c900000)]
  0x000001dff4850160 JavaThread "Sweeper thread" daemon [_thread_blocked, id=19132, stack(0x000000c12c900000,0x000000c12ca00000)]
  0x000001dff4850b80 JavaThread "Common-Cleaner" daemon [_thread_blocked, id=28932, stack(0x000000c12cb00000,0x000000c12cc00000)]
  0x000001dff4851fc0 JavaThread "Notification Thread" daemon [_thread_blocked, id=18336, stack(0x000000c12ce00000,0x000000c12cf00000)]
  0x000001dff4850670 JavaThread "Daemon health stats" [_thread_blocked, id=26400, stack(0x000000c12d300000,0x000000c12d400000)]
  0x000001dff48524d0 JavaThread "Incoming local TCP Connector on port 57200" [_thread_in_native, id=7300, stack(0x000000c12cc00000,0x000000c12cd00000)]
  0x000001dff484ed20 JavaThread "Daemon periodic checks" [_thread_blocked, id=4196, stack(0x000000c12d400000,0x000000c12d500000)]
  0x000001dff48515a0 JavaThread "Daemon" [_thread_blocked, id=16376, stack(0x000000c12d500000,0x000000c12d600000)]
  0x000001dff484f230 JavaThread "Handler for socket connection from /127.0.0.1:57200 to /127.0.0.1:57212" [_thread_in_native, id=25648, stack(0x000000c12d600000,0x000000c12d700000)]
  0x000001dff484f740 JavaThread "Cancel handler" [_thread_blocked, id=7960, stack(0x000000c12d700000,0x000000c12d800000)]
  0x000001e03ad3fdf0 JavaThread "Daemon worker" [_thread_blocked, id=31784, stack(0x000000c12d800000,0x000000c12d900000)]
  0x000001e03ad3df90 JavaThread "Asynchronous log dispatcher for DefaultDaemonConnection: socket connection from /127.0.0.1:57200 to /127.0.0.1:57212" [_thread_blocked, id=17908, stack(0x000000c12d900000,0x000000c12da00000)]
  0x000001e03ad3da80 JavaThread "Stdin handler" [_thread_blocked, id=2296, stack(0x000000c12da00000,0x000000c12db00000)]
  0x000001e03ad3f8e0 JavaThread "Daemon client event forwarder" [_thread_blocked, id=24984, stack(0x000000c12db00000,0x000000c12dc00000)]
  0x000001e03ad3e9b0 JavaThread "Cache worker for journal cache (C:\Users\hlchy\.gradle\caches\journal-1)" [_thread_blocked, id=25020, stack(0x000000c12dc00000,0x000000c12dd00000)]
  0x000001e03ad3eec0 JavaThread "File lock request listener" [_thread_in_native, id=25900, stack(0x000000c12dd00000,0x000000c12de00000)]
  0x000001e03ad3e4a0 JavaThread "Cache worker for file hash cache (C:\Users\hlchy\.gradle\caches\8.10.2\fileHashes)" [_thread_blocked, id=32060, stack(0x000000c12de00000,0x000000c12df00000)]
  0x000001e03ad3d060 JavaThread "Cache worker for file hash cache (D:\BaiTap\Cross Platform\Final_v2\final_flutter\android\.gradle\8.10.2\fileHashes)" [_thread_blocked, id=27796, stack(0x000000c12e700000,0x000000c12e800000)]
  0x000001e03ad3f3d0 JavaThread "Cache worker for Build Output Cleanup Cache (D:\BaiTap\Cross Platform\Final_v2\final_flutter\android\.gradle\buildOutputCleanup)" [_thread_blocked, id=29352, stack(0x000000c12e800000,0x000000c12e900000)]
  0x000001e03ad40300 JavaThread "File watcher server" daemon [_thread_in_native, id=27672, stack(0x000000c12eb00000,0x000000c12ec00000)]
  0x000001e03ad40810 JavaThread "File watcher consumer" daemon [_thread_blocked, id=13860, stack(0x000000c12ec00000,0x000000c12ed00000)]
  0x000001e03ad40d20 JavaThread "jar transforms" [_thread_blocked, id=24632, stack(0x000000c12ed00000,0x000000c12ee00000)]
  0x000001e03ad3d570 JavaThread "jar transforms Thread 2" [_thread_blocked, id=5440, stack(0x000000c12ee00000,0x000000c12ef00000)]
  0x000001e03ad449e0 JavaThread "jar transforms Thread 3" [_thread_blocked, id=4384, stack(0x000000c12ef00000,0x000000c12f000000)]
  0x000001e03ad43090 JavaThread "Cache worker for checksums cache (D:\BaiTap\Cross Platform\Final_v2\final_flutter\android\.gradle\8.10.2\checksums)" [_thread_blocked, id=32408, stack(0x000000c12f000000,0x000000c12f100000)]
  0x000001e03ad43ab0 JavaThread "Cache worker for file content cache (C:\Users\hlchy\.gradle\caches\8.10.2\fileContent)" [_thread_blocked, id=27220, stack(0x000000c12f100000,0x000000c12f200000)]
  0x000001e03ad42b80 JavaThread "Cache worker for cache directory md-rule (C:\Users\hlchy\.gradle\caches\8.10.2\md-rule)" [_thread_blocked, id=30340, stack(0x000000c12f200000,0x000000c12f300000)]
  0x000001e03ad41c50 JavaThread "Cache worker for cache directory md-supplier (C:\Users\hlchy\.gradle\caches\8.10.2\md-supplier)" [_thread_blocked, id=31128, stack(0x000000c12f400000,0x000000c12f500000)]
  0x000001e03ad41230 JavaThread "jar transforms Thread 4" [_thread_blocked, id=24352, stack(0x000000c12f600000,0x000000c12f700000)]
  0x000001e03ad435a0 JavaThread "jar transforms Thread 5" [_thread_blocked, id=11628, stack(0x000000c12f700000,0x000000c12f800000)]
  0x000001e03ad41740 JavaThread "jar transforms Thread 6" [_thread_blocked, id=25192, stack(0x000000c12fb00000,0x000000c12fc00000)]
  0x000001e03ad42160 JavaThread "jar transforms Thread 7" [_thread_blocked, id=23932, stack(0x000000c12fc00000,0x000000c12fd00000)]
  0x000001e03c498ec0 JavaThread "jar transforms Thread 8" [_thread_blocked, id=12356, stack(0x000000c12fd00000,0x000000c12fe00000)]
  0x000001e03c497f90 JavaThread "jar transforms Thread 9" [_thread_blocked, id=11232, stack(0x000000c12fe00000,0x000000c12ff00000)]
  0x000001e03c496130 JavaThread "Cache worker for Build Output Cleanup Cache (D:\BaiTap\Cross Platform\flutter\packages\flutter_tools\gradle\.gradle\buildOutputCleanup)" [_thread_blocked, id=18884, stack(0x000000c12fa00000,0x000000c12fb00000)]
  0x000001e03c497570 JavaThread "Unconstrained build operations" [_thread_blocked, id=23452, stack(0x000000c12ff00000,0x000000c130000000)]
  0x000001e03c4984a0 JavaThread "Unconstrained build operations Thread 2" [_thread_blocked, id=25896, stack(0x000000c130000000,0x000000c130100000)]
  0x000001e03c4989b0 JavaThread "Unconstrained build operations Thread 3" [_thread_blocked, id=25620, stack(0x000000c130100000,0x000000c130200000)]
  0x000001e03c4993d0 JavaThread "Unconstrained build operations Thread 4" [_thread_blocked, id=21464, stack(0x000000c130200000,0x000000c130300000)]
  0x000001e03c496b50 JavaThread "Unconstrained build operations Thread 5" [_thread_blocked, id=7592, stack(0x000000c130300000,0x000000c130400000)]
  0x000001e03c4998e0 JavaThread "Unconstrained build operations Thread 6" [_thread_blocked, id=6012, stack(0x000000c130400000,0x000000c130500000)]
  0x000001e03c496640 JavaThread "Unconstrained build operations Thread 7" [_thread_blocked, id=29268, stack(0x000000c130500000,0x000000c130600000)]
  0x000001e03c49c670 JavaThread "Unconstrained build operations Thread 8" [_thread_blocked, id=31832, stack(0x000000c130600000,0x000000c130700000)]
  0x000001e03c49b740 JavaThread "Unconstrained build operations Thread 9" [_thread_blocked, id=32324, stack(0x000000c130700000,0x000000c130800000)]
  0x000001e03c49d090 JavaThread "Unconstrained build operations Thread 10" [_thread_blocked, id=13772, stack(0x000000c130800000,0x000000c130900000)]
  0x000001e03c49bc50 JavaThread "Unconstrained build operations Thread 11" [_thread_blocked, id=4224, stack(0x000000c130900000,0x000000c130a00000)]
  0x000001e03c49b230 JavaThread "Unconstrained build operations Thread 12" [_thread_blocked, id=13768, stack(0x000000c130a00000,0x000000c130b00000)]
  0x000001e03c49c160 JavaThread "Unconstrained build operations Thread 13" [_thread_blocked, id=14440, stack(0x000000c130b00000,0x000000c130c00000)]
  0x000001e03c49a810 JavaThread "Unconstrained build operations Thread 14" [_thread_blocked, id=14684, stack(0x000000c130c00000,0x000000c130d00000)]
  0x000001e03c49a300 JavaThread "Unconstrained build operations Thread 15" [_thread_blocked, id=32248, stack(0x000000c130d00000,0x000000c130e00000)]
  0x000001e03c49d5a0 JavaThread "Unconstrained build operations Thread 16" [_thread_blocked, id=3496, stack(0x000000c130e00000,0x000000c130f00000)]
  0x000001e03c499df0 JavaThread "Unconstrained build operations Thread 17" [_thread_blocked, id=2324, stack(0x000000c130f00000,0x000000c131000000)]
  0x000001e03c49cb80 JavaThread "Unconstrained build operations Thread 18" [_thread_blocked, id=3948, stack(0x000000c131000000,0x000000c131100000)]
  0x000001e03c49ad20 JavaThread "Unconstrained build operations Thread 19" [_thread_blocked, id=26292, stack(0x000000c131100000,0x000000c131200000)]
  0x000001e03c49dab0 JavaThread "Unconstrained build operations Thread 20" [_thread_blocked, id=17968, stack(0x000000c131200000,0x000000c131300000)]
  0x000001e03a1c1380 JavaThread "Unconstrained build operations Thread 21" [_thread_blocked, id=27444, stack(0x000000c131300000,0x000000c131400000)]
  0x000001e03a1c1da0 JavaThread "Unconstrained build operations Thread 22" [_thread_blocked, id=18012, stack(0x000000c131400000,0x000000c131500000)]
  0x000001e03a1c31e0 JavaThread "Unconstrained build operations Thread 23" [_thread_blocked, id=17568, stack(0x000000c131500000,0x000000c131600000)]
  0x000001e03a1c1890 JavaThread "Unconstrained build operations Thread 24" [_thread_blocked, id=5228, stack(0x000000c131600000,0x000000c131700000)]
  0x000001e03a1c22b0 JavaThread "Unconstrained build operations Thread 25" [_thread_blocked, id=18020, stack(0x000000c131700000,0x000000c131800000)]
  0x000001e03a1c27c0 JavaThread "Unconstrained build operations Thread 26" [_thread_blocked, id=24856, stack(0x000000c131800000,0x000000c131900000)]
  0x000001e03a1bff40 JavaThread "Unconstrained build operations Thread 27" [_thread_blocked, id=22816, stack(0x000000c131900000,0x000000c131a00000)]
  0x000001e03a1c2cd0 JavaThread "Unconstrained build operations Thread 28" [_thread_blocked, id=20508, stack(0x000000c131a00000,0x000000c131b00000)]
  0x000001e03a1bfa30 JavaThread "Unconstrained build operations Thread 29" [_thread_blocked, id=26468, stack(0x000000c131b00000,0x000000c131c00000)]
  0x000001e03a1c0960 JavaThread "Unconstrained build operations Thread 30" [_thread_blocked, id=6532, stack(0x000000c131c00000,0x000000c131d00000)]
  0x000001e03a1c36f0 JavaThread "Unconstrained build operations Thread 31" [_thread_blocked, id=28648, stack(0x000000c131d00000,0x000000c131e00000)]
  0x000001e03a1c3c00 JavaThread "Unconstrained build operations Thread 32" [_thread_blocked, id=2936, stack(0x000000c131e00000,0x000000c131f00000)]
  0x000001e03a1c0450 JavaThread "Unconstrained build operations Thread 33" [_thread_blocked, id=25172, stack(0x000000c131f00000,0x000000c132000000)]
  0x000001e03a1c0e70 JavaThread "Unconstrained build operations Thread 34" [_thread_blocked, id=25024, stack(0x000000c132000000,0x000000c132100000)]
  0x000001e03a1c5f70 JavaThread "Unconstrained build operations Thread 35" [_thread_blocked, id=25480, stack(0x000000c132100000,0x000000c132200000)]
  0x000001e03a1c6480 JavaThread "Unconstrained build operations Thread 36" [_thread_blocked, id=15000, stack(0x000000c132200000,0x000000c132300000)]
  0x000001e03a1c4110 JavaThread "Unconstrained build operations Thread 37" [_thread_blocked, id=25776, stack(0x000000c132300000,0x000000c132400000)]
  0x000001e03a1c4620 JavaThread "Unconstrained build operations Thread 38" [_thread_blocked, id=24832, stack(0x000000c132400000,0x000000c132500000)]
  0x000001e03a1c4b30 JavaThread "Unconstrained build operations Thread 39" [_thread_blocked, id=19728, stack(0x000000c132500000,0x000000c132600000)]
  0x000001e03a1c6990 JavaThread "Unconstrained build operations Thread 40" [_thread_blocked, id=26160, stack(0x000000c132600000,0x000000c132700000)]
  0x000001e03a1c73b0 JavaThread "Unconstrained build operations Thread 41" [_thread_blocked, id=24700, stack(0x000000c132700000,0x000000c132800000)]
  0x000001e03a1c5040 JavaThread "Unconstrained build operations Thread 42" [_thread_blocked, id=13248, stack(0x000000c132800000,0x000000c132900000)]
  0x000001e03a1c5550 JavaThread "Unconstrained build operations Thread 43" [_thread_blocked, id=12616, stack(0x000000c132900000,0x000000c132a00000)]
  0x000001e03a1c5a60 JavaThread "Unconstrained build operations Thread 44" [_thread_blocked, id=3876, stack(0x000000c132a00000,0x000000c132b00000)]
  0x000001e03a1c6ea0 JavaThread "Unconstrained build operations Thread 45" [_thread_blocked, id=25640, stack(0x000000c132b00000,0x000000c132c00000)]
  0x000001e04041e720 JavaThread "Memory manager" [_thread_blocked, id=4488, stack(0x000000c132c00000,0x000000c132d00000)]
  0x000001e04041d2e0 JavaThread "build event listener" [_thread_blocked, id=21508, stack(0x000000c132d00000,0x000000c132e00000)]
  0x000001e04041c8c0 JavaThread "included builds" [_thread_blocked, id=31480, stack(0x000000c132e00000,0x000000c132f00000)]
  0x000001e04041c3b0 JavaThread "Execution worker" [_thread_blocked, id=26224, stack(0x000000c132f00000,0x000000c133000000)]
  0x000001e04041d7f0 JavaThread "Execution worker Thread 2" [_thread_blocked, id=21644, stack(0x000000c133000000,0x000000c133100000)]
  0x000001e04041af70 JavaThread "Execution worker Thread 3" [_thread_blocked, id=27384, stack(0x000000c133100000,0x000000c133200000)]
  0x000001e04041b480 JavaThread "Execution worker Thread 4" [_thread_blocked, id=25124, stack(0x000000c133200000,0x000000c133300000)]
  0x000001e04041cdd0 JavaThread "Execution worker Thread 5" [_thread_blocked, id=18816, stack(0x000000c133300000,0x000000c133400000)]
  0x000001e040c46100 JavaThread "Execution worker Thread 6" [_thread_blocked, id=11188, stack(0x000000c133400000,0x000000c133500000)]
  0x000001e040c45bf0 JavaThread "Execution worker Thread 7" [_thread_blocked, id=27728, stack(0x000000c133500000,0x000000c133600000)]
  0x000001e040c451d0 JavaThread "Execution worker Thread 8" [_thread_blocked, id=26280, stack(0x000000c133600000,0x000000c133700000)]
  0x000001e040c43880 JavaThread "Execution worker Thread 9" [_thread_blocked, id=15172, stack(0x000000c133700000,0x000000c133800000)]
  0x000001e040c43370 JavaThread "Execution worker Thread 10" [_thread_blocked, id=31732, stack(0x000000c133800000,0x000000c133900000)]
  0x000001e040c456e0 JavaThread "Execution worker Thread 11" [_thread_blocked, id=3704, stack(0x000000c133900000,0x000000c133a00000)]
  0x000001e040c447b0 JavaThread "Execution worker Thread 12" [_thread_blocked, id=13332, stack(0x000000c133a00000,0x000000c133b00000)]
  0x000001e040c46610 JavaThread "Execution worker Thread 13" [_thread_blocked, id=19620, stack(0x000000c133b00000,0x000000c133c00000)]
  0x000001e040c42e60 JavaThread "Execution worker Thread 14" [_thread_blocked, id=11156, stack(0x000000c133c00000,0x000000c133d00000)]
  0x000001e040c46b20 JavaThread "Execution worker Thread 15" [_thread_blocked, id=31460, stack(0x000000c133d00000,0x000000c133e00000)]
  0x000001e040c47030 JavaThread "Cache worker for execution history cache (D:\BaiTap\Cross Platform\flutter\packages\flutter_tools\gradle\.gradle\8.10.2\executionHistory)" [_thread_blocked, id=32480, stack(0x000000c133e00000,0x000000c133f00000)]
  0x000001e040c442a0 JavaThread "Unconstrained build operations Thread 46" [_thread_blocked, id=31872, stack(0x000000c133f00000,0x000000c134000000)]
  0x000001e040c44cc0 JavaThread "Unconstrained build operations Thread 47" [_thread_blocked, id=21468, stack(0x000000c134000000,0x000000c134100000)]
  0x000001e040c47540 JavaThread "Unconstrained build operations Thread 48" [_thread_blocked, id=30692, stack(0x000000c134100000,0x000000c134200000)]
  0x000001e040c43d90 JavaThread "Unconstrained build operations Thread 49" [_thread_blocked, id=26700, stack(0x000000c134200000,0x000000c134300000)]
  0x000001e040c4a7e0 JavaThread "Unconstrained build operations Thread 50" [_thread_blocked, id=17124, stack(0x000000c134300000,0x000000c134400000)]
  0x000001e040c49dc0 JavaThread "Unconstrained build operations Thread 51" [_thread_blocked, id=21808, stack(0x000000c134400000,0x000000c134500000)]
  0x000001e040c48e90 JavaThread "Unconstrained build operations Thread 52" [_thread_blocked, id=27080, stack(0x000000c134500000,0x000000c134600000)]
  0x000001e040c47a50 JavaThread "Unconstrained build operations Thread 53" [_thread_blocked, id=8408, stack(0x000000c134600000,0x000000c134700000)]
  0x000001e040c47f60 JavaThread "Unconstrained build operations Thread 54" [_thread_blocked, id=22448, stack(0x000000c134700000,0x000000c134800000)]
  0x000001e040c48470 JavaThread "Unconstrained build operations Thread 55" [_thread_blocked, id=26068, stack(0x000000c134800000,0x000000c134900000)]
  0x000001e040c493a0 JavaThread "Unconstrained build operations Thread 56" [_thread_blocked, id=14588, stack(0x000000c134900000,0x000000c134a00000)]
  0x000001e040c48980 JavaThread "Unconstrained build operations Thread 57" [_thread_blocked, id=26820, stack(0x000000c134a00000,0x000000c134b00000)]
  0x000001e040c498b0 JavaThread "Unconstrained build operations Thread 58" [_thread_blocked, id=24592, stack(0x000000c134b00000,0x000000c134c00000)]
  0x000001e040c4a2d0 JavaThread "Unconstrained build operations Thread 59" [_thread_blocked, id=25412, stack(0x000000c134c00000,0x000000c134d00000)]
  0x000001e0424a26a0 JavaThread "Unconstrained build operations Thread 60" [_thread_blocked, id=32160, stack(0x000000c134d00000,0x000000c134e00000)]
  0x000001e0424a5430 JavaThread "Unconstrained build operations Thread 61" [_thread_blocked, id=18088, stack(0x000000c134e00000,0x000000c134f00000)]
  0x000001e0424a5940 JavaThread "Unconstrained build operations Thread 62" [_thread_blocked, id=2012, stack(0x000000c134f00000,0x000000c135000000)]
  0x000001e0424a4a10 JavaThread "Unconstrained build operations Thread 63" [_thread_blocked, id=25144, stack(0x000000c135000000,0x000000c135100000)]
  0x000001e0424a35d0 JavaThread "Unconstrained build operations Thread 64" [_thread_blocked, id=21184, stack(0x000000c135100000,0x000000c135200000)]
  0x000001e0424a5e50 JavaThread "Unconstrained build operations Thread 65" [_thread_blocked, id=32580, stack(0x000000c135200000,0x000000c135300000)]
  0x000001e0424a2bb0 JavaThread "Unconstrained build operations Thread 66" [_thread_blocked, id=27252, stack(0x000000c135300000,0x000000c135400000)]
  0x000001e0424a4500 JavaThread "Unconstrained build operations Thread 67" [_thread_blocked, id=3988, stack(0x000000c135400000,0x000000c135500000)]
  0x000001e0424a3ae0 JavaThread "Unconstrained build operations Thread 68" [_thread_blocked, id=30624, stack(0x000000c135500000,0x000000c135600000)]
  0x000001e0424a30c0 JavaThread "Unconstrained build operations Thread 69" [_thread_blocked, id=11672, stack(0x000000c135600000,0x000000c135700000)]
  0x000001e0424a3ff0 JavaThread "Unconstrained build operations Thread 70" [_thread_blocked, id=27732, stack(0x000000c135700000,0x000000c135800000)]
  0x000001e0424a4f20 JavaThread "Unconstrained build operations Thread 71" [_thread_blocked, id=27848, stack(0x000000c135800000,0x000000c135900000)]
  0x000001e03ee1d610 JavaThread "Unconstrained build operations Thread 72" [_thread_blocked, id=16836, stack(0x000000c135900000,0x000000c135a00000)]
  0x000001e03ee1d100 JavaThread "Unconstrained build operations Thread 73" [_thread_blocked, id=28072, stack(0x000000c135a00000,0x000000c135b00000)]
  0x000001e03ee1db20 JavaThread "Unconstrained build operations Thread 74" [_thread_blocked, id=32272, stack(0x000000c135b00000,0x000000c135c00000)]
  0x000001e03ee1b7b0 JavaThread "Unconstrained build operations Thread 75" [_thread_blocked, id=29044, stack(0x000000c135c00000,0x000000c135d00000)]
  0x000001e03ee1bcc0 JavaThread "Unconstrained build operations Thread 76" [_thread_blocked, id=22028, stack(0x000000c135d00000,0x000000c135e00000)]
  0x000001e03ee1e030 JavaThread "Unconstrained build operations Thread 77" [_thread_blocked, id=15560, stack(0x000000c135e00000,0x000000c135f00000)]
  0x000001e03ee1f470 JavaThread "Unconstrained build operations Thread 78" [_thread_blocked, id=8100, stack(0x000000c135f00000,0x000000c136000000)]
  0x000001e03ee1c6e0 JavaThread "Unconstrained build operations Thread 79" [_thread_blocked, id=29496, stack(0x000000c136000000,0x000000c136100000)]
  0x000001e03ee1e540 JavaThread "Unconstrained build operations Thread 80" [_thread_blocked, id=27552, stack(0x000000c136100000,0x000000c136200000)]
  0x000001e03ee1c1d0 JavaThread "Unconstrained build operations Thread 81" [_thread_blocked, id=24152, stack(0x000000c136200000,0x000000c136300000)]
  0x000001e03ee1cbf0 JavaThread "Unconstrained build operations Thread 82" [_thread_blocked, id=25852, stack(0x000000c136300000,0x000000c136400000)]
  0x000001e03ee212d0 JavaThread "Unconstrained build operations Thread 83" [_thread_blocked, id=3344, stack(0x000000c136400000,0x000000c136500000)]
  0x000001e03ee20dc0 JavaThread "Unconstrained build operations Thread 84" [_thread_blocked, id=25856, stack(0x000000c136500000,0x000000c136600000)]
  0x000001e03ee21cf0 JavaThread "Unconstrained build operations Thread 85" [_thread_blocked, id=26476, stack(0x000000c136800000,0x000000c136900000)]
  0x000001e03ee1ea50 JavaThread "Unconstrained build operations Thread 86" [_thread_blocked, id=27216, stack(0x000000c136900000,0x000000c136a00000)]
  0x000001e03ee22200 JavaThread "Unconstrained build operations Thread 87" [_thread_blocked, id=12676, stack(0x000000c136a00000,0x000000c136b00000)]
  0x000001e03ee1ef60 JavaThread "Unconstrained build operations Thread 88" [_thread_blocked, id=5240, stack(0x000000c136b00000,0x000000c136c00000)]
  0x000001e03ee22710 JavaThread "Unconstrained build operations Thread 89" [_thread_blocked, id=3328, stack(0x000000c136c00000,0x000000c136d00000)]
  0x000001e03ee22c20 JavaThread "Unconstrained build operations Thread 90" [_thread_blocked, id=27192, stack(0x000000c136d00000,0x000000c136e00000)]
  0x000001e03ee23130 JavaThread "Unconstrained build operations Thread 91" [_thread_blocked, id=26996, stack(0x000000c136e00000,0x000000c136f00000)]
  0x000001e03ee1f980 JavaThread "Unconstrained build operations Thread 92" [_thread_blocked, id=29540, stack(0x000000c136f00000,0x000000c137000000)]
  0x000001e03ee1fe90 JavaThread "Unconstrained build operations Thread 93" [_thread_blocked, id=10544, stack(0x000000c137000000,0x000000c137100000)]
  0x000001e03ee203a0 JavaThread "Unconstrained build operations Thread 94" [_thread_blocked, id=30792, stack(0x000000c137100000,0x000000c137200000)]
  0x000001e03ee208b0 JavaThread "Unconstrained build operations Thread 95" [_thread_blocked, id=5116, stack(0x000000c137200000,0x000000c137300000)]
  0x000001e03ee217e0 JavaThread "Unconstrained build operations Thread 96" [_thread_blocked, id=15596, stack(0x000000c137300000,0x000000c137400000)]
  0x000001e03c1efc50 JavaThread "Unconstrained build operations Thread 97" [_thread_blocked, id=23732, stack(0x000000c137400000,0x000000c137500000)]
  0x000001e03c1f15a0 JavaThread "Unconstrained build operations Thread 98" [_thread_blocked, id=29596, stack(0x000000c137500000,0x000000c137600000)]
  0x000001e03c1eed20 JavaThread "Unconstrained build operations Thread 99" [_thread_blocked, id=24736, stack(0x000000c137600000,0x000000c137700000)]
  0x000001e03c1f0b80 JavaThread "Unconstrained build operations Thread 100" [_thread_blocked, id=21964, stack(0x000000c137700000,0x000000c137800000)]
  0x000001e03c1f24d0 JavaThread "Unconstrained build operations Thread 101" [_thread_blocked, id=16828, stack(0x000000c137800000,0x000000c137900000)]
  0x000001e03c1f1090 JavaThread "Unconstrained build operations Thread 102" [_thread_blocked, id=24316, stack(0x000000c137900000,0x000000c137a00000)]
  0x000001e03c1f1ab0 JavaThread "Unconstrained build operations Thread 103" [_thread_blocked, id=6316, stack(0x000000c137a00000,0x000000c137b00000)]
  0x000001e03c1f1fc0 JavaThread "Unconstrained build operations Thread 104" [_thread_blocked, id=26568, stack(0x000000c137b00000,0x000000c137c00000)]
  0x000001e03c1f29e0 JavaThread "Unconstrained build operations Thread 105" [_thread_blocked, id=31740, stack(0x000000c137c00000,0x000000c137d00000)]
  0x000001e03c1ef230 JavaThread "Unconstrained build operations Thread 106" [_thread_blocked, id=12020, stack(0x000000c137d00000,0x000000c137e00000)]
  0x000001e03c1f2ef0 JavaThread "Unconstrained build operations Thread 107" [_thread_blocked, id=29940, stack(0x000000c137e00000,0x000000c137f00000)]
  0x000001e03c1ef740 JavaThread "Unconstrained build operations Thread 108" [_thread_blocked, id=31280, stack(0x000000c137f00000,0x000000c138000000)]
  0x000001e03c1f3400 JavaThread "Unconstrained build operations Thread 109" [_thread_blocked, id=3680, stack(0x000000c138000000,0x000000c138100000)]
  0x000001e03c1f3910 JavaThread "Unconstrained build operations Thread 110" [_thread_blocked, id=10776, stack(0x000000c138100000,0x000000c138200000)]
  0x000001e03c1f0160 JavaThread "Unconstrained build operations Thread 111" [_thread_blocked, id=15604, stack(0x000000c138200000,0x000000c138300000)]
  0x000001e03c1f3e20 JavaThread "Unconstrained build operations Thread 112" [_thread_blocked, id=31904, stack(0x000000c138300000,0x000000c138400000)]
  0x000001e03c1f0670 JavaThread "Unconstrained build operations Thread 113" [_thread_blocked, id=32328, stack(0x000000c138400000,0x000000c138500000)]
  0x000001e03c1f5c80 JavaThread "Unconstrained build operations Thread 114" [_thread_blocked, id=32300, stack(0x000000c138500000,0x000000c138600000)]
  0x000001e03c1f5770 JavaThread "Unconstrained build operations Thread 115" [_thread_blocked, id=27456, stack(0x000000c138600000,0x000000c138700000)]
  0x000001e03c1f6190 JavaThread "Unconstrained build operations Thread 116" [_thread_blocked, id=16648, stack(0x000000c138700000,0x000000c138800000)]
  0x000001e03c1f66a0 JavaThread "Unconstrained build operations Thread 117" [_thread_blocked, id=5060, stack(0x000000c138800000,0x000000c138900000)]
  0x000001e03c1f4330 JavaThread "Unconstrained build operations Thread 118" [_thread_blocked, id=7916, stack(0x000000c138900000,0x000000c138a00000)]
  0x000001e03c1f4840 JavaThread "Unconstrained build operations Thread 119" [_thread_blocked, id=3596, stack(0x000000c138a00000,0x000000c138b00000)]
  0x000001e03c1f4d50 JavaThread "Unconstrained build operations Thread 120" [_thread_blocked, id=29492, stack(0x000000c138b00000,0x000000c138c00000)]
  0x000001e03c1f5260 JavaThread "Unconstrained build operations Thread 121" [_thread_blocked, id=23404, stack(0x000000c138c00000,0x000000c138d00000)]
  0x000001dff4851ab0 JavaThread "Unconstrained build operations Thread 122" [_thread_blocked, id=30760, stack(0x000000c138d00000,0x000000c138e00000)]
  0x000001dff4851090 JavaThread "Unconstrained build operations Thread 123" [_thread_blocked, id=31116, stack(0x000000c138e00000,0x000000c138f00000)]
  0x000001e03c626a30 JavaThread "Unconstrained build operations Thread 124" [_thread_blocked, id=29896, stack(0x000000c138f00000,0x000000c139000000)]
  0x000001e03c625b00 JavaThread "Unconstrained build operations Thread 125" [_thread_blocked, id=30372, stack(0x000000c139000000,0x000000c139100000)]
  0x000001e03c627960 JavaThread "Unconstrained build operations Thread 126" [_thread_blocked, id=12380, stack(0x000000c139100000,0x000000c139200000)]
  0x000001e03c628890 JavaThread "Unconstrained build operations Thread 127" [_thread_blocked, id=29968, stack(0x000000c139200000,0x000000c139300000)]
  0x000001e03c6297c0 JavaThread "Unconstrained build operations Thread 128" [_thread_blocked, id=3752, stack(0x000000c139300000,0x000000c139400000)]
  0x000001e03c626010 JavaThread "Unconstrained build operations Thread 129" [_thread_blocked, id=27744, stack(0x000000c139400000,0x000000c139500000)]
  0x000001e03c627e70 JavaThread "jar transforms Thread 10" [_thread_blocked, id=30952, stack(0x000000c12f500000,0x000000c12f600000)]
  0x000001e03c628da0 JavaThread "jar transforms Thread 11" [_thread_blocked, id=6980, stack(0x000000c12f800000,0x000000c12f900000)]
  0x000001e03c62ac00 JavaThread "jar transforms Thread 12" [_thread_blocked, id=24564, stack(0x000000c139500000,0x000000c139600000)]
  0x000001e03c627450 JavaThread "jar transforms Thread 13" [_thread_blocked, id=6432, stack(0x000000c139600000,0x000000c139700000)]
  0x000001e03c62b110 JavaThread "Unconstrained build operations Thread 130" [_thread_blocked, id=27700, stack(0x000000c139900000,0x000000c139a00000)]
  0x000001e03c62b620 JavaThread "Unconstrained build operations Thread 131" [_thread_blocked, id=25272, stack(0x000000c139a00000,0x000000c139b00000)]
  0x000001e03c62bb30 JavaThread "Unconstrained build operations Thread 132" [_thread_blocked, id=5612, stack(0x000000c139b00000,0x000000c139c00000)]
  0x000001e03c62c040 JavaThread "Unconstrained build operations Thread 133" [_thread_blocked, id=24992, stack(0x000000c139c00000,0x000000c139d00000)]
  0x000001e03c62c550 JavaThread "Unconstrained build operations Thread 134" [_thread_blocked, id=18800, stack(0x000000c139d00000,0x000000c139e00000)]
  0x000001e03c62ca60 JavaThread "Unconstrained build operations Thread 135" [_thread_blocked, id=19748, stack(0x000000c139e00000,0x000000c139f00000)]
  0x000001e03c62cf70 JavaThread "Unconstrained build operations Thread 136" [_thread_blocked, id=17164, stack(0x000000c139f00000,0x000000c13a000000)]
  0x000001e03c62d480 JavaThread "Unconstrained build operations Thread 137" [_thread_blocked, id=9820, stack(0x000000c13a000000,0x000000c13a100000)]
  0x000001e03ba632b0 JavaThread "Unconstrained build operations Thread 138" [_thread_blocked, id=19940, stack(0x000000c13a100000,0x000000c13a200000)]
  0x000001e03ba60520 JavaThread "Unconstrained build operations Thread 139" [_thread_blocked, id=15224, stack(0x000000c13a200000,0x000000c13a300000)]
  0x000001e03ba5fb00 JavaThread "Unconstrained build operations Thread 140" [_thread_blocked, id=21360, stack(0x000000c13a300000,0x000000c13a400000)]
  0x000001e03ba60a30 JavaThread "Unconstrained build operations Thread 141" [_thread_blocked, id=14540, stack(0x000000c13a400000,0x000000c13a500000)]
  0x000001e03ba61960 JavaThread "Unconstrained build operations Thread 142" [_thread_blocked, id=25800, stack(0x000000c13a500000,0x000000c13a600000)]
  0x000001e03ba62da0 JavaThread "Unconstrained build operations Thread 143" [_thread_blocked, id=25692, stack(0x000000c13a600000,0x000000c13a700000)]
  0x000001e03ba60f40 JavaThread "Unconstrained build operations Thread 144" [_thread_blocked, id=7764, stack(0x000000c13a700000,0x000000c13a800000)]
  0x000001e03ba62890 JavaThread "Unconstrained build operations Thread 145" [_thread_blocked, id=22020, stack(0x000000c13a800000,0x000000c13a900000)]
  0x000001e03ba60010 JavaThread "Unconstrained build operations Thread 146" [_thread_blocked, id=14840, stack(0x000000c13a900000,0x000000c13aa00000)]
  0x000001e03ba61450 JavaThread "Unconstrained build operations Thread 147" [_thread_blocked, id=5160, stack(0x000000c13aa00000,0x000000c13ab00000)]
  0x000001e03ba637c0 JavaThread "Unconstrained build operations Thread 148" [_thread_blocked, id=31408, stack(0x000000c13ab00000,0x000000c13ac00000)]
  0x000001e03ba65110 JavaThread "Unconstrained build operations Thread 149" [_thread_blocked, id=30936, stack(0x000000c13ac00000,0x000000c13ad00000)]
  0x000001e03ba64c00 JavaThread "Unconstrained build operations Thread 150" [_thread_blocked, id=30960, stack(0x000000c13ad00000,0x000000c13ae00000)]
  0x000001e03ba62380 JavaThread "Unconstrained build operations Thread 151" [_thread_blocked, id=26048, stack(0x000000c13ae00000,0x000000c13af00000)]
  0x000001e03ba63cd0 JavaThread "Unconstrained build operations Thread 152" [_thread_blocked, id=31248, stack(0x000000c13af00000,0x000000c13b000000)]
  0x000001e03ba641e0 JavaThread "Unconstrained build operations Thread 153" [_thread_blocked, id=29904, stack(0x000000c13b000000,0x000000c13b100000)]
  0x000001e03ba646f0 JavaThread "Unconstrained build operations Thread 154" [_thread_blocked, id=32560, stack(0x000000c13b100000,0x000000c13b200000)]
  0x000001e03ba65620 JavaThread "Unconstrained build operations Thread 155" [_thread_blocked, id=14164, stack(0x000000c13b200000,0x000000c13b300000)]
  0x000001e03ba61e70 JavaThread "Unconstrained build operations Thread 156" [_thread_blocked, id=30872, stack(0x000000c13b300000,0x000000c13b400000)]
  0x000001e03ba66040 JavaThread "Unconstrained build operations Thread 157" [_thread_blocked, id=4272, stack(0x000000c13b400000,0x000000c13b500000)]
  0x000001e03ba65b30 JavaThread "Unconstrained build operations Thread 158" [_thread_blocked, id=32540, stack(0x000000c13b500000,0x000000c13b600000)]
  0x000001e03ba66550 JavaThread "Unconstrained build operations Thread 159" [_thread_blocked, id=23428, stack(0x000000c13b800000,0x000000c13b900000)]
  0x000001e03ba67480 JavaThread "Unconstrained build operations Thread 160" [_thread_blocked, id=32544, stack(0x000000c13b900000,0x000000c13ba00000)]
  0x000001e041858060 JavaThread "C1 CompilerThread1" daemon [_thread_blocked, id=3888, stack(0x000000c12ca00000,0x000000c12cb00000)]

Other Threads:
=>0x000001dff1a44110 VMThread "VM Thread" [stack: 0x000000c12c000000,0x000000c12c100000] [id=4664]
  0x000001dfb59e0140 WatcherThread [stack: 0x000000c12cf00000,0x000000c12d000000] [id=8308]
  0x000001dff18559b0 GCTaskThread "GC Thread#0" [stack: 0x000000c12bb00000,0x000000c12bc00000] [id=7544]
  0x000001dff4c25670 GCTaskThread "GC Thread#1" [stack: 0x000000c12d000000,0x000000c12d100000] [id=21716]
  0x000001e03a2b4c80 GCTaskThread "GC Thread#2" [stack: 0x000000c12d100000,0x000000c12d200000] [id=17216]
  0x000001e03aa9a380 GCTaskThread "GC Thread#3" [stack: 0x000000c12cd00000,0x000000c12ce00000] [id=15680]
  0x000001e03aeed960 GCTaskThread "GC Thread#4" [stack: 0x000000c12d200000,0x000000c12d300000] [id=21316]
  0x000001e03c2590e0 GCTaskThread "GC Thread#5" [stack: 0x000000c12df00000,0x000000c12e000000] [id=8588]
  0x000001e03c258b60 GCTaskThread "GC Thread#6" [stack: 0x000000c12e000000,0x000000c12e100000] [id=9040]
  0x000001e03c25a160 GCTaskThread "GC Thread#7" [stack: 0x000000c12e100000,0x000000c12e200000] [id=31252]
  0x000001e03c259ea0 GCTaskThread "GC Thread#8" [stack: 0x000000c12e200000,0x000000c12e300000] [id=6292]
  0x000001e03c2585e0 GCTaskThread "GC Thread#9" [stack: 0x000000c12e300000,0x000000c12e400000] [id=19108]
  0x000001e03c2593a0 GCTaskThread "GC Thread#10" [stack: 0x000000c12e400000,0x000000c12e500000] [id=25684]
  0x000001e03c2588a0 GCTaskThread "GC Thread#11" [stack: 0x000000c12e500000,0x000000c12e600000] [id=8224]
  0x000001e03c258e20 GCTaskThread "GC Thread#12" [stack: 0x000000c12e600000,0x000000c12e700000] [id=20632]
  0x000001dfb5a8cfb0 ConcurrentGCThread "G1 Main Marker" [stack: 0x000000c12bc00000,0x000000c12bd00000] [id=21452]
  0x000001dfb5a8d8d0 ConcurrentGCThread "G1 Conc#0" [stack: 0x000000c12bd00000,0x000000c12be00000] [id=14372]
  0x000001e03c259920 ConcurrentGCThread "G1 Conc#1" [stack: 0x000000c12e900000,0x000000c12ea00000] [id=31712]
  0x000001e03c259be0 ConcurrentGCThread "G1 Conc#2" [stack: 0x000000c12ea00000,0x000000c12eb00000] [id=6536]
  0x000001dff18f56e0 ConcurrentGCThread "G1 Refine#0" [stack: 0x000000c12be00000,0x000000c12bf00000] [id=21108]
  0x000001dff18f6ec0 ConcurrentGCThread "G1 Service" [stack: 0x000000c12bf00000,0x000000c12c000000] [id=21168]

Threads with active compile tasks:
C2 CompilerThread0    50129 13158       4       org.gradle.internal.fingerprint.classpath.impl.ClasspathFingerprintingStrategy$ClasspathFingerprintingVisitor::visitEntry (20 bytes)

VM state: at safepoint (normal execution)

VM Mutex/Monitor currently owned by a thread:  ([mutex/lock_event])
[0x000001dfb3e82480] Threads_lock - owner thread: 0x000001dff1a44110
[0x000001dfb3e833b0] Heap_lock - owner thread: 0x000001e03ad3fdf0

Heap address: 0x0000000600000000, size: 8192 MB, Compressed Oops mode: Zero based, Oop shift amount: 3

CDS archive(s) mapped at: [0x000001dff5000000-0x000001dff5bb0000-0x000001dff5bb0000), size 12255232, SharedBaseAddress: 0x000001dff5000000, ArchiveRelocationMode: 1.
Compressed class space mapped at: 0x000001dff6000000-0x000001e036000000, reserved size: 1073741824
Narrow klass base: 0x000001dff5000000, Narrow klass shift: 0, Narrow klass range: 0x100000000

GC Precious Log:
 CPUs: 16 total, 16 available
 Memory: 7436M
 Large Page Support: Disabled
 NUMA Support: Disabled
 Compressed Oops: Enabled (Zero based)
 Heap Region Size: 4M
 Heap Min Capacity: 8M
 Heap Initial Capacity: 120M
 Heap Max Capacity: 8G
 Pre-touch: Disabled
 Parallel Workers: 13
 Concurrent Workers: 3
 Concurrent Refinement Workers: 13
 Periodic GC: Disabled

Heap:
 garbage-first heap   total 233472K, used 149949K [0x0000000600000000, 0x0000000800000000)
  region size 4096K, 1 young (4096K), 1 survivors (4096K)
 Metaspace       used 86241K, committed 87232K, reserved 1179648K
  class space    used 11969K, committed 12416K, reserved 1048576K

Heap Regions: E=young(eden), S=young(survivor), O=old, HS=humongous(starts), HC=humongous(continues), CS=collection set, F=free, OA=open archive, CA=closed archive, TAMS=top-at-mark-start (previous, next)
|   0|0x0000000600000000, 0x0000000600400000, 0x0000000600400000|100%|HS|  |TAMS 0x0000000600400000, 0x0000000600400000| Complete 
|   1|0x0000000600400000, 0x0000000600800000, 0x0000000600800000|100%| O|  |TAMS 0x0000000600800000, 0x0000000600800000| Untracked 
|   2|0x0000000600800000, 0x0000000600c00000, 0x0000000600c00000|100%| O|  |TAMS 0x0000000600c00000, 0x0000000600c00000| Untracked 
|   3|0x0000000600c00000, 0x0000000600fb2e00, 0x0000000601000000| 92%| O|  |TAMS 0x0000000600fb2e00, 0x0000000600fb2e00| Untracked 
|   4|0x0000000601000000, 0x0000000601400000, 0x0000000601400000|100%| O|  |TAMS 0x0000000601400000, 0x0000000601400000| Untracked 
|   5|0x0000000601400000, 0x0000000601800000, 0x0000000601800000|100%| O|  |TAMS 0x0000000601800000, 0x0000000601800000| Untracked 
|   6|0x0000000601800000, 0x0000000601c00000, 0x0000000601c00000|100%| O|  |TAMS 0x0000000601c00000, 0x0000000601c00000| Untracked 
|   7|0x0000000601c00000, 0x0000000602000000, 0x0000000602000000|100%| O|  |TAMS 0x0000000602000000, 0x0000000602000000| Untracked 
|   8|0x0000000602000000, 0x0000000602400000, 0x0000000602400000|100%| O|  |TAMS 0x0000000602400000, 0x0000000602400000| Untracked 
|   9|0x0000000602400000, 0x0000000602800000, 0x0000000602800000|100%| O|  |TAMS 0x0000000602800000, 0x0000000602800000| Untracked 
|  10|0x0000000602800000, 0x0000000602c00000, 0x0000000602c00000|100%| O|  |TAMS 0x0000000602c00000, 0x0000000602c00000| Untracked 
|  11|0x0000000602c00000, 0x0000000603000000, 0x0000000603000000|100%|HS|  |TAMS 0x0000000603000000, 0x0000000603000000| Complete 
|  12|0x0000000603000000, 0x0000000603400000, 0x0000000603400000|100%| O|  |TAMS 0x0000000603400000, 0x0000000603400000| Untracked 
|  13|0x0000000603400000, 0x0000000603800000, 0x0000000603800000|100%|HS|  |TAMS 0x0000000603800000, 0x0000000603800000| Complete 
|  14|0x0000000603800000, 0x0000000603c00000, 0x0000000603c00000|100%| O|  |TAMS 0x0000000603c00000, 0x0000000603c00000| Untracked 
|  15|0x0000000603c00000, 0x0000000604000000, 0x0000000604000000|100%| O|  |TAMS 0x0000000604000000, 0x0000000604000000| Untracked 
|  16|0x0000000604000000, 0x0000000604400000, 0x0000000604400000|100%| O|  |TAMS 0x0000000604400000, 0x0000000604400000| Untracked 
|  17|0x0000000604400000, 0x0000000604800000, 0x0000000604800000|100%|HS|  |TAMS 0x0000000604400000, 0x0000000604800000| Complete 
|  18|0x0000000604800000, 0x0000000604c00000, 0x0000000604c00000|100%| O|  |TAMS 0x0000000604c00000, 0x0000000604c00000| Untracked 
|  19|0x0000000604c00000, 0x0000000605000000, 0x0000000605000000|100%| O|  |TAMS 0x0000000605000000, 0x0000000605000000| Untracked 
|  20|0x0000000605000000, 0x0000000605400000, 0x0000000605400000|100%|HS|  |TAMS 0x0000000605400000, 0x0000000605400000| Complete 
|  21|0x0000000605400000, 0x0000000605800000, 0x0000000605800000|100%| O|  |TAMS 0x0000000605800000, 0x0000000605800000| Untracked 
|  22|0x0000000605800000, 0x0000000605c00000, 0x0000000605c00000|100%| O|  |TAMS 0x0000000605c00000, 0x0000000605c00000| Untracked 
|  23|0x0000000605c00000, 0x0000000606000000, 0x0000000606000000|100%| O|  |TAMS 0x0000000606000000, 0x0000000606000000| Untracked 
|  24|0x0000000606000000, 0x0000000606400000, 0x0000000606400000|100%| O|  |TAMS 0x0000000606400000, 0x0000000606400000| Untracked 
|  25|0x0000000606400000, 0x0000000606400000, 0x0000000606800000|  0%| F|  |TAMS 0x0000000606400000, 0x0000000606400000| Untracked 
|  26|0x0000000606800000, 0x0000000606c00000, 0x0000000606c00000|100%| O|  |TAMS 0x0000000606c00000, 0x0000000606c00000| Untracked 
|  27|0x0000000606c00000, 0x0000000607000000, 0x0000000607000000|100%| O|  |TAMS 0x0000000607000000, 0x0000000607000000| Untracked 
|  28|0x0000000607000000, 0x0000000607400000, 0x0000000607400000|100%|HS|  |TAMS 0x0000000607400000, 0x0000000607400000| Complete 
|  29|0x0000000607400000, 0x0000000607800000, 0x0000000607800000|100%| O|  |TAMS 0x0000000607800000, 0x0000000607800000| Untracked 
|  30|0x0000000607800000, 0x0000000607c00000, 0x0000000607c00000|100%| O|  |TAMS 0x0000000607c00000, 0x0000000607c00000| Untracked 
|  31|0x0000000607c00000, 0x0000000608000000, 0x0000000608000000|100%| O|  |TAMS 0x0000000608000000, 0x0000000608000000| Untracked 
|  32|0x0000000608000000, 0x0000000608400000, 0x0000000608400000|100%| O|  |TAMS 0x00000006081f1e00, 0x0000000608400000| Untracked 
|  33|0x0000000608400000, 0x0000000608800000, 0x0000000608800000|100%| O|  |TAMS 0x0000000608400000, 0x0000000608800000| Untracked 
|  34|0x0000000608800000, 0x0000000608c00000, 0x0000000608c00000|100%| O|  |TAMS 0x0000000608800000, 0x0000000608c00000| Untracked 
|  35|0x0000000608c00000, 0x0000000609000000, 0x0000000609000000|100%| O|  |TAMS 0x0000000608c00000, 0x0000000609000000| Untracked 
|  36|0x0000000609000000, 0x000000060931fa00, 0x0000000609400000| 78%| O|  |TAMS 0x0000000609000000, 0x000000060931fa00| Untracked 
|  37|0x0000000609400000, 0x0000000609400000, 0x0000000609800000|  0%| F|  |TAMS 0x0000000609400000, 0x0000000609400000| Untracked 
|  38|0x0000000609800000, 0x0000000609800000, 0x0000000609c00000|  0%| F|  |TAMS 0x0000000609800000, 0x0000000609800000| Untracked 
|  39|0x0000000609c00000, 0x0000000609c00000, 0x000000060a000000|  0%| F|  |TAMS 0x0000000609c00000, 0x0000000609c00000| Untracked 
|  40|0x000000060a000000, 0x000000060a000000, 0x000000060a400000|  0%| F|  |TAMS 0x000000060a000000, 0x000000060a000000| Untracked 
|  41|0x000000060a400000, 0x000000060a400000, 0x000000060a800000|  0%| F|  |TAMS 0x000000060a400000, 0x000000060a400000| Untracked 
|  42|0x000000060a800000, 0x000000060a800000, 0x000000060ac00000|  0%| F|  |TAMS 0x000000060a800000, 0x000000060a800000| Untracked 
|  43|0x000000060ac00000, 0x000000060ac00000, 0x000000060b000000|  0%| F|  |TAMS 0x000000060ac00000, 0x000000060ac00000| Untracked 
|  44|0x000000060b000000, 0x000000060b000000, 0x000000060b400000|  0%| F|  |TAMS 0x000000060b000000, 0x000000060b000000| Untracked 
|  45|0x000000060b400000, 0x000000060b400000, 0x000000060b800000|  0%| F|  |TAMS 0x000000060b400000, 0x000000060b400000| Untracked 
|  46|0x000000060b800000, 0x000000060bb9cff8, 0x000000060bc00000| 90%| S|CS|TAMS 0x000000060b800000, 0x000000060b800000| Complete 
|  47|0x000000060bc00000, 0x000000060bc00000, 0x000000060c000000|  0%| F|  |TAMS 0x000000060bc00000, 0x000000060bc00000| Untracked 
|  48|0x000000060c000000, 0x000000060c000000, 0x000000060c400000|  0%| F|  |TAMS 0x000000060c000000, 0x000000060c000000| Untracked 
|  49|0x000000060c400000, 0x000000060c400000, 0x000000060c800000|  0%| F|  |TAMS 0x000000060c400000, 0x000000060c400000| Untracked 
|  50|0x000000060c800000, 0x000000060c800000, 0x000000060cc00000|  0%| F|  |TAMS 0x000000060c800000, 0x000000060c800000| Untracked 
|  51|0x000000060cc00000, 0x000000060cc00000, 0x000000060d000000|  0%| F|  |TAMS 0x000000060cc00000, 0x000000060cc00000| Untracked 
|  52|0x000000060d000000, 0x000000060d000000, 0x000000060d400000|  0%| F|  |TAMS 0x000000060d000000, 0x000000060d000000| Untracked 
|  53|0x000000060d400000, 0x000000060d400000, 0x000000060d800000|  0%| F|  |TAMS 0x000000060d400000, 0x000000060d400000| Untracked 
|  54|0x000000060d800000, 0x000000060d800000, 0x000000060dc00000|  0%| F|  |TAMS 0x000000060d800000, 0x000000060d800000| Untracked 
|  55|0x000000060dc00000, 0x000000060dc00000, 0x000000060e000000|  0%| F|  |TAMS 0x000000060dc00000, 0x000000060dc00000| Untracked 
|  56|0x000000060e000000, 0x000000060e000000, 0x000000060e400000|  0%| F|  |TAMS 0x000000060e000000, 0x000000060e000000| Untracked 

Card table byte_map: [0x000001dfdf780000,0x000001dfe0780000] _byte_map_base: 0x000001dfdc780000

Marking Bits (Prev, Next): (CMBitMap*) 0x000001dfb5a8c150, (CMBitMap*) 0x000001dfb5a8c190
 Prev Bits: [0x000001dfe1780000, 0x000001dfe9780000)
 Next Bits: [0x000001dfe9780000, 0x000001dff1780000)

Polling page: 0x000001dfb4130000

Metaspace:

Usage:
  Non-class:     72.53 MB used.
      Class:     11.69 MB used.
       Both:     84.22 MB used.

Virtual space:
  Non-class space:      128.00 MB reserved,      73.06 MB ( 57%) committed,  2 nodes.
      Class space:        1.00 GB reserved,      12.12 MB (  1%) committed,  1 nodes.
             Both:        1.12 GB reserved,      85.19 MB (  7%) committed. 

Chunk freelists:
   Non-Class:  6.02 MB
       Class:  3.69 MB
        Both:  9.71 MB

MaxMetaspaceSize: 4.00 GB
CompressedClassSpaceSize: 1.00 GB
Initial GC threshold: 21.00 MB
Current GC threshold: 138.38 MB
CDS: on
MetaspaceReclaimPolicy: balanced
 - commit_granule_bytes: 65536.
 - commit_granule_words: 8192.
 - virtual_space_node_default_size: 8388608.
 - enlarge_chunks_in_place: 1.
 - new_chunks_are_fully_committed: 0.
 - uncommit_free_chunks: 1.
 - use_allocation_guard: 0.
 - handle_deallocations: 1.


Internal statistics:

num_allocs_failed_limit: 6.
num_arena_births: 1256.
num_arena_deaths: 0.
num_vsnodes_births: 3.
num_vsnodes_deaths: 0.
num_space_committed: 1363.
num_space_uncommitted: 0.
num_chunks_returned_to_freelist: 6.
num_chunks_taken_from_freelist: 5081.
num_chunk_merges: 3.
num_chunk_splits: 3198.
num_chunks_enlarged: 2012.
num_inconsistent_stats: 0.

CodeHeap 'non-profiled nmethods': size=258432Kb used=7621Kb max_used=8138Kb free=250810Kb
 bounds [0x000001dfcd950000, 0x000001dfce150000, 0x000001dfdd5b0000]
CodeHeap 'profiled nmethods': size=258368Kb used=21025Kb max_used=22245Kb free=237342Kb
 bounds [0x000001dfbd5b0000, 0x000001dfbeb90000, 0x000001dfcd200000]
CodeHeap 'non-nmethods': size=7488Kb used=2954Kb max_used=4147Kb free=4533Kb
 bounds [0x000001dfcd200000, 0x000001dfcd620000, 0x000001dfcd950000]
 total_blobs=11890 nmethods=10966 adapters=835
 compilation: enabled
              stopped_count=0, restarted_count=0
 full_count=0

Compilation events (20 events):
Event: 46.020 Thread 0x000001e041858060 13186       3       org.gradle.api.internal.file.CompositeFileCollection::<init> (7 bytes)
Event: 46.020 Thread 0x000001e041858060 nmethod 13186 0x000001dfbe0c1c90 code [0x000001dfbe0c1e40, 0x000001dfbe0c20d8]
Event: 46.021 Thread 0x000001e041858060 13188       3       org.gradle.api.internal.file.DefaultFileCollectionFactory::isEmptyArray (23 bytes)
Event: 46.021 Thread 0x000001e041858060 nmethod 13188 0x000001dfbe0c4510 code [0x000001dfbe0c46c0, 0x000001dfbe0c48f8]
Event: 46.023 Thread 0x000001e041858060 13189       1       org.gradle.api.internal.file.collections.DirectoryFileTree::getDir (5 bytes)
Event: 46.023 Thread 0x000001e041858060 nmethod 13189 0x000001dfcda8a390 code [0x000001dfcda8a520, 0x000001dfcda8a5f8]
Event: 46.023 Thread 0x000001e041858060 13190       3       org.gradle.api.internal.file.DefaultFileCollectionFactory$ResolvingFileCollection::visitChildren (35 bytes)
Event: 46.024 Thread 0x000001e041858060 nmethod 13190 0x000001dfbe145e10 code [0x000001dfbe145fc0, 0x000001dfbe1461d8]
Event: 46.025 Thread 0x000001e041858060 13191       3       org.gradle.api.internal.file.AbstractFileCollection::getFiles (23 bytes)
Event: 46.025 Thread 0x000001dff485df10 13192       3       org.gradle.api.internal.file.AbstractFileCollection$1::<init> (15 bytes)
Event: 46.025 Thread 0x000001dff485df10 nmethod 13192 0x000001dfbe173690 code [0x000001dfbe173840, 0x000001dfbe173a78]
Event: 46.025 Thread 0x000001e041858060 nmethod 13191 0x000001dfbd6d8d90 code [0x000001dfbd6d8f80, 0x000001dfbd6d9458]
Event: 46.030 Thread 0x000001dff4855500 nmethod 13163 0x000001dfcdeb7b90 code [0x000001dfcdeb7d60, 0x000001dfcdeb87f8]
Event: 46.030 Thread 0x000001dff4855500 13187       4       java.util.LinkedHashMap::keysToArray (38 bytes)
Event: 46.031 Thread 0x000001e041858060 13193       3       java.util.HashMap$Values::iterator (12 bytes)
Event: 46.031 Thread 0x000001dff485df10 13194       3       java.util.HashMap$ValueIterator::<init> (11 bytes)
Event: 46.031 Thread 0x000001e041858060 nmethod 13193 0x000001dfbe19ad90 code [0x000001dfbe19af40, 0x000001dfbe19b1c8]
Event: 46.031 Thread 0x000001dff485df10 nmethod 13194 0x000001dfbe1b4a90 code [0x000001dfbe1b4c40, 0x000001dfbe1b4dc8]
Event: 46.033 Thread 0x000001dff4855500 nmethod 13187 0x000001dfcdeb7490 code [0x000001dfcdeb7620, 0x000001dfcdeb7a58]
Event: 46.033 Thread 0x000001dff4855500 13158       4       org.gradle.internal.fingerprint.classpath.impl.ClasspathFingerprintingStrategy$ClasspathFingerprintingVisitor::visitEntry (20 bytes)

GC Heap History (20 events):
Event: 41.162 GC heap after
{Heap after GC invocations=43 (full 0):
 garbage-first heap   total 204800K, used 120678K [0x0000000600000000, 0x0000000800000000)
  region size 4096K, 1 young (4096K), 1 survivors (4096K)
 Metaspace       used 82269K, committed 83200K, reserved 1179648K
  class space    used 11472K, committed 11904K, reserved 1048576K
}
Event: 41.216 GC heap before
{Heap before GC invocations=43 (full 0):
 garbage-first heap   total 204800K, used 124774K [0x0000000600000000, 0x0000000800000000)
  region size 4096K, 2 young (8192K), 1 survivors (4096K)
 Metaspace       used 82492K, committed 83392K, reserved 1179648K
  class space    used 11507K, committed 11968K, reserved 1048576K
}
Event: 41.220 GC heap after
{Heap after GC invocations=44 (full 0):
 garbage-first heap   total 204800K, used 118032K [0x0000000600000000, 0x0000000800000000)
  region size 4096K, 1 young (4096K), 1 survivors (4096K)
 Metaspace       used 82492K, committed 83392K, reserved 1179648K
  class space    used 11507K, committed 11968K, reserved 1048576K
}
Event: 41.790 GC heap before
{Heap before GC invocations=44 (full 0):
 garbage-first heap   total 204800K, used 163088K [0x0000000600000000, 0x0000000800000000)
  region size 4096K, 12 young (49152K), 1 survivors (4096K)
 Metaspace       used 83461K, committed 84416K, reserved 1179648K
  class space    used 11630K, committed 12096K, reserved 1048576K
}
Event: 41.796 GC heap after
{Heap after GC invocations=45 (full 0):
 garbage-first heap   total 204800K, used 122027K [0x0000000600000000, 0x0000000800000000)
  region size 4096K, 2 young (8192K), 2 survivors (8192K)
 Metaspace       used 83461K, committed 84416K, reserved 1179648K
  class space    used 11630K, committed 12096K, reserved 1048576K
}
Event: 42.240 GC heap before
{Heap before GC invocations=46 (full 0):
 garbage-first heap   total 225280K, used 158891K [0x0000000600000000, 0x0000000800000000)
  region size 4096K, 11 young (45056K), 2 survivors (8192K)
 Metaspace       used 83652K, committed 84608K, reserved 1179648K
  class space    used 11662K, committed 12160K, reserved 1048576K
}
Event: 42.246 GC heap after
{Heap after GC invocations=47 (full 0):
 garbage-first heap   total 225280K, used 124152K [0x0000000600000000, 0x0000000800000000)
  region size 4096K, 2 young (8192K), 2 survivors (8192K)
 Metaspace       used 83652K, committed 84608K, reserved 1179648K
  class space    used 11662K, committed 12160K, reserved 1048576K
}
Event: 43.365 GC heap before
{Heap before GC invocations=47 (full 0):
 garbage-first heap   total 225280K, used 177400K [0x0000000600000000, 0x0000000800000000)
  region size 4096K, 16 young (65536K), 2 survivors (8192K)
 Metaspace       used 83973K, committed 84992K, reserved 1179648K
  class space    used 11675K, committed 12160K, reserved 1048576K
}
Event: 43.370 GC heap after
{Heap after GC invocations=48 (full 0):
 garbage-first heap   total 225280K, used 129840K [0x0000000600000000, 0x0000000800000000)
  region size 4096K, 2 young (8192K), 2 survivors (8192K)
 Metaspace       used 83973K, committed 84992K, reserved 1179648K
  class space    used 11675K, committed 12160K, reserved 1048576K
}
Event: 44.086 GC heap before
{Heap before GC invocations=49 (full 0):
 garbage-first heap   total 225280K, used 178992K [0x0000000600000000, 0x0000000800000000)
  region size 4096K, 15 young (61440K), 2 survivors (8192K)
 Metaspace       used 83973K, committed 84992K, reserved 1179648K
  class space    used 11675K, committed 12160K, reserved 1048576K
}
Event: 44.090 GC heap after
{Heap after GC invocations=50 (full 0):
 garbage-first heap   total 225280K, used 131465K [0x0000000600000000, 0x0000000800000000)
  region size 4096K, 1 young (4096K), 1 survivors (4096K)
 Metaspace       used 83973K, committed 84992K, reserved 1179648K
  class space    used 11675K, committed 12160K, reserved 1048576K
}
Event: 44.135 GC heap before
{Heap before GC invocations=50 (full 0):
 garbage-first heap   total 225280K, used 131465K [0x0000000600000000, 0x0000000800000000)
  region size 4096K, 2 young (8192K), 1 survivors (4096K)
 Metaspace       used 83974K, committed 84992K, reserved 1179648K
  class space    used 11675K, committed 12160K, reserved 1048576K
}
Event: 44.139 GC heap after
{Heap after GC invocations=51 (full 0):
 garbage-first heap   total 225280K, used 130221K [0x0000000600000000, 0x0000000800000000)
  region size 4096K, 1 young (4096K), 1 survivors (4096K)
 Metaspace       used 83974K, committed 84992K, reserved 1179648K
  class space    used 11675K, committed 12160K, reserved 1048576K
}
Event: 44.877 GC heap before
{Heap before GC invocations=51 (full 0):
 garbage-first heap   total 225280K, used 175277K [0x0000000600000000, 0x0000000800000000)
  region size 4096K, 13 young (53248K), 1 survivors (4096K)
 Metaspace       used 83975K, committed 84992K, reserved 1179648K
  class space    used 11676K, committed 12160K, reserved 1048576K
}
Event: 44.880 GC heap after
{Heap after GC invocations=52 (full 0):
 garbage-first heap   total 225280K, used 131998K [0x0000000600000000, 0x0000000800000000)
  region size 4096K, 1 young (4096K), 1 survivors (4096K)
 Metaspace       used 83975K, committed 84992K, reserved 1179648K
  class space    used 11676K, committed 12160K, reserved 1048576K
}
Event: 45.629 GC heap before
{Heap before GC invocations=53 (full 0):
 garbage-first heap   total 233472K, used 181150K [0x0000000600000000, 0x0000000800000000)
  region size 4096K, 13 young (53248K), 1 survivors (4096K)
 Metaspace       used 85807K, committed 86784K, reserved 1179648K
  class space    used 11926K, committed 12416K, reserved 1048576K
}
Event: 45.634 GC heap after
{Heap after GC invocations=54 (full 0):
 garbage-first heap   total 233472K, used 146634K [0x0000000600000000, 0x0000000800000000)
  region size 4096K, 2 young (8192K), 2 survivors (8192K)
 Metaspace       used 85807K, committed 86784K, reserved 1179648K
  class space    used 11926K, committed 12416K, reserved 1048576K
}
Event: 45.646 GC heap before
{Heap before GC invocations=54 (full 0):
 garbage-first heap   total 233472K, used 150730K [0x0000000600000000, 0x0000000800000000)
  region size 4096K, 3 young (12288K), 2 survivors (8192K)
 Metaspace       used 85807K, committed 86784K, reserved 1179648K
  class space    used 11926K, committed 12416K, reserved 1048576K
}
Event: 45.649 GC heap after
{Heap after GC invocations=55 (full 0):
 garbage-first heap   total 233472K, used 146669K [0x0000000600000000, 0x0000000800000000)
  region size 4096K, 1 young (4096K), 1 survivors (4096K)
 Metaspace       used 85807K, committed 86784K, reserved 1179648K
  class space    used 11926K, committed 12416K, reserved 1048576K
}
Event: 46.059 GC heap before
{Heap before GC invocations=55 (full 0):
 garbage-first heap   total 233472K, used 183533K [0x0000000600000000, 0x0000000800000000)
  region size 4096K, 10 young (40960K), 1 survivors (4096K)
 Metaspace       used 86241K, committed 87232K, reserved 1179648K
  class space    used 11969K, committed 12416K, reserved 1048576K
}

Dll operation events (15 events):
Event: 0.085 Loaded shared library C:\Program Files\Eclipse Adoptium\jdk-17.0.15.6-hotspot\bin\java.dll
Event: 0.224 Loaded shared library C:\Program Files\Eclipse Adoptium\jdk-17.0.15.6-hotspot\bin\jsvml.dll
Event: 0.306 Loaded shared library C:\Program Files\Eclipse Adoptium\jdk-17.0.15.6-hotspot\bin\zip.dll
Event: 0.310 Loaded shared library C:\Program Files\Eclipse Adoptium\jdk-17.0.15.6-hotspot\bin\instrument.dll
Event: 0.323 Loaded shared library C:\Program Files\Eclipse Adoptium\jdk-17.0.15.6-hotspot\bin\net.dll
Event: 0.331 Loaded shared library C:\Program Files\Eclipse Adoptium\jdk-17.0.15.6-hotspot\bin\nio.dll
Event: 0.334 Loaded shared library C:\Program Files\Eclipse Adoptium\jdk-17.0.15.6-hotspot\bin\zip.dll
Event: 1.371 Loaded shared library C:\Program Files\Eclipse Adoptium\jdk-17.0.15.6-hotspot\bin\jimage.dll
Event: 1.654 Loaded shared library C:\Program Files\Eclipse Adoptium\jdk-17.0.15.6-hotspot\bin\verify.dll
Event: 1.894 Loaded shared library C:\Users\hlchy\.gradle\native\c067742578af261105cb4f569cf0c3c89f3d7b1fecec35dd04571415982c5e48\windows-amd64\native-platform.dll
Event: 1.917 Loaded shared library C:\Users\hlchy\.gradle\native\100fb08df4bc3b14c8652ba06237920a3bd2aa13389f12d3474272988ae205f9\windows-amd64\native-platform-file-events.dll
Event: 5.091 Loaded shared library C:\Program Files\Eclipse Adoptium\jdk-17.0.15.6-hotspot\bin\management.dll
Event: 5.104 Loaded shared library C:\Program Files\Eclipse Adoptium\jdk-17.0.15.6-hotspot\bin\management_ext.dll
Event: 5.640 Loaded shared library C:\Program Files\Eclipse Adoptium\jdk-17.0.15.6-hotspot\bin\extnet.dll
Event: 10.924 Loaded shared library C:\Program Files\Eclipse Adoptium\jdk-17.0.15.6-hotspot\bin\sunmscapi.dll

Deoptimization events (20 events):
Event: 45.590 Thread 0x000001e03ad3fdf0 DEOPT PACKING pc=0x000001dfce017600 sp=0x000000c12d8f2b30
Event: 45.590 Thread 0x000001e03ad3fdf0 DEOPT UNPACKING pc=0x000001dfcd2569a3 sp=0x000000c12d8f2ad0 mode 2
Event: 45.638 Thread 0x000001e03ad3fdf0 DEOPT PACKING pc=0x000001dfbe999456 sp=0x000000c12d8f1f90
Event: 45.638 Thread 0x000001e03ad3fdf0 DEOPT UNPACKING pc=0x000001dfcd257143 sp=0x000000c12d8f1440 mode 0
Event: 45.950 Thread 0x000001e03ad3fdf0 Uncommon trap: trap_request=0xffffffd6 fr.pc=0x000001dfcdf86f0c relative=0x000000000000226c
Event: 45.950 Thread 0x000001e03ad3fdf0 Uncommon trap: reason=array_check action=maybe_recompile pc=0x000001dfcdf86f0c method=java.util.TimSort.binarySort([Ljava/lang/Object;IIILjava/util/Comparator;)V @ 215 c2
Event: 45.950 Thread 0x000001e03ad3fdf0 DEOPT PACKING pc=0x000001dfcdf86f0c sp=0x000000c12d8f5ec0
Event: 45.950 Thread 0x000001e03ad3fdf0 DEOPT UNPACKING pc=0x000001dfcd2569a3 sp=0x000000c12d8f5df0 mode 2
Event: 45.973 Thread 0x000001e03ad3fdf0 Uncommon trap: trap_request=0xffffffde fr.pc=0x000001dfcdd08b0c relative=0x000000000000460c
Event: 45.973 Thread 0x000001e03ad3fdf0 Uncommon trap: reason=class_check action=maybe_recompile pc=0x000001dfcdd08b0c method=java.net.URLClassLoader.defineClass(Ljava/lang/String;Ljdk/internal/loader/Resource;)Ljava/lang/Class; @ 34 c2
Event: 45.973 Thread 0x000001e03ad3fdf0 DEOPT PACKING pc=0x000001dfcdd08b0c sp=0x000000c12d8f5c60
Event: 45.973 Thread 0x000001e03ad3fdf0 DEOPT UNPACKING pc=0x000001dfcd2569a3 sp=0x000000c12d8f5bb0 mode 2
Event: 45.977 Thread 0x000001e03ad3fdf0 Uncommon trap: trap_request=0xffffff45 fr.pc=0x000001dfcdc061d0 relative=0x0000000000005670
Event: 45.977 Thread 0x000001e03ad3fdf0 Uncommon trap: reason=unstable_if action=reinterpret pc=0x000001dfcdc061d0 method=java.lang.String.split(Ljava/lang/String;I)[Ljava/lang/String; @ 259 c2
Event: 45.977 Thread 0x000001e03ad3fdf0 DEOPT PACKING pc=0x000001dfcdc061d0 sp=0x000000c12d8f6400
Event: 45.977 Thread 0x000001e03ad3fdf0 DEOPT UNPACKING pc=0x000001dfcd2569a3 sp=0x000000c12d8f6428 mode 2
Event: 45.983 Thread 0x000001e03ad3fdf0 Uncommon trap: trap_request=0xffffffde fr.pc=0x000001dfcdd3f7a8 relative=0x0000000000004628
Event: 45.983 Thread 0x000001e03ad3fdf0 Uncommon trap: reason=class_check action=maybe_recompile pc=0x000001dfcdd3f7a8 method=java.net.URLClassLoader.defineClass(Ljava/lang/String;Ljdk/internal/loader/Resource;)Ljava/lang/Class; @ 34 c2
Event: 45.983 Thread 0x000001e03ad3fdf0 DEOPT PACKING pc=0x000001dfcdd3f7a8 sp=0x000000c12d8f5980
Event: 45.983 Thread 0x000001e03ad3fdf0 DEOPT UNPACKING pc=0x000001dfcd2569a3 sp=0x000000c12d8f5928 mode 2

Classes loaded (20 events):
Event: 42.310 Loading class java/util/HashMapBeanInfo
Event: 42.310 Loading class java/util/HashMapBeanInfo done
Event: 42.310 Loading class java/util/HashMapCustomizer
Event: 42.310 Loading class java/util/HashMapCustomizer done
Event: 42.310 Loading class java/util/HashMapCustomizer
Event: 42.310 Loading class java/util/HashMapCustomizer done
Event: 42.312 Loading class java/util/LinkedHashMapCustomizer
Event: 42.312 Loading class java/util/LinkedHashMapCustomizer done
Event: 42.313 Loading class java/util/LinkedHashMapCustomizer
Event: 42.313 Loading class java/util/LinkedHashMapCustomizer done
Event: 42.320 Loading class jdk/internal/loader/URLClassPath$JarLoader$3
Event: 42.320 Loading class jdk/internal/loader/URLClassPath$JarLoader$3 done
Event: 45.429 Loading class java/io/NotSerializableException
Event: 45.430 Loading class java/io/NotSerializableException done
Event: 45.491 Loading class sun/reflect/annotation/TypeAnnotationParser
Event: 45.491 Loading class sun/reflect/annotation/TypeAnnotationParser done
Event: 45.491 Loading class sun/reflect/annotation/TypeAnnotation
Event: 45.492 Loading class sun/reflect/annotation/TypeAnnotation done
Event: 45.492 Loading class sun/reflect/annotation/TypeAnnotation$TypeAnnotationTarget
Event: 45.492 Loading class sun/reflect/annotation/TypeAnnotation$TypeAnnotationTarget done

Classes unloaded (0 events):
No events

Classes redefined (0 events):
No events

Internal exceptions (20 events):
Event: 42.310 Thread 0x000001e03ad3fdf0 Exception <a 'java/lang/ClassNotFoundException'{0x000000060d516d38}: java/util/HashMapBeanInfo> (0x000000060d516d38) 
thrown [s\src\hotspot\share\classfile\systemDictionary.cpp, line 256]
Event: 42.310 Thread 0x000001e03ad3fdf0 Exception <a 'java/lang/ClassNotFoundException'{0x000000060d520e00}: java/util/HashMapCustomizer> (0x000000060d520e00) 
thrown [s\src\hotspot\share\classfile\systemDictionary.cpp, line 256]
Event: 42.313 Thread 0x000001e03ad3fdf0 Exception <a 'java/lang/ClassNotFoundException'{0x000000060d5786d8}: java/util/LinkedHashMapCustomizer> (0x000000060d5786d8) 
thrown [s\src\hotspot\share\classfile\systemDictionary.cpp, line 256]
Event: 42.319 Thread 0x000001e03ad3fdf0 Implicit null exception at 0x000001dfcdb90e2b to 0x000001dfcdb912ab
Event: 42.323 Thread 0x000001e03ad3fdf0 Exception <a 'java/lang/ClassNotFoundException'{0x000000060d60d8c8}: org/apache/tools/ant/taskdefs/condition/OsBeanInfo> (0x000000060d60d8c8) 
thrown [s\src\hotspot\share\classfile\systemDictionary.cpp, line 256]
Event: 42.325 Thread 0x000001e03ad3fdf0 Exception <a 'java/lang/ClassNotFoundException'{0x000000060d636e38}: org/apache/tools/ant/taskdefs/condition/OsCustomizer> (0x000000060d636e38) 
thrown [s\src\hotspot\share\classfile\systemDictionary.cpp, line 256]
Event: 45.571 Thread 0x000001e03ad3fdf0 Exception <a 'java/lang/ClassNotFoundException'{0x000000060bbcddf0}: com/flutter/gradle/BaseApplicationNameHandlerBeanInfo> (0x000000060bbcddf0) 
thrown [s\src\hotspot\share\classfile\systemDictionary.cpp, line 256]
Event: 45.571 Thread 0x000001e03ad3fdf0 Exception <a 'java/lang/ClassNotFoundException'{0x000000060bbdb690}: com/flutter/gradle/BaseApplicationNameHandlerCustomizer> (0x000000060bbdb690) 
thrown [s\src\hotspot\share\classfile\systemDictionary.cpp, line 256]
Event: 45.578 Thread 0x000001e03ad3fdf0 Exception <a 'java/lang/ClassNotFoundException'{0x000000060b438d08}: org/gradle/api/internal/NamedDomainObjectContainerConfigureDelegateBeanInfo> (0x000000060b438d08) 
thrown [s\src\hotspot\share\classfile\systemDictionary.cpp, line 256]
Event: 45.579 Thread 0x000001e03ad3fdf0 Exception <a 'java/lang/ClassNotFoundException'{0x000000060b453ac8}: org/gradle/api/internal/NamedDomainObjectContainerConfigureDelegateCustomizer> (0x000000060b453ac8) 
thrown [s\src\hotspot\share\classfile\systemDictionary.cpp, line 256]
Event: 45.640 Thread 0x000001e03ad3fdf0 Exception <a 'java/lang/ClassNotFoundException'{0x000000060e320328}: org/gradle/api/internal/artifacts/configurations/DefaultConfigurationContainer_DecoratedBeanInfo> (0x000000060e320328) 
thrown [s\src\hotspot\share\classfile\systemDictionary.cpp, line 256]
Event: 45.641 Thread 0x000001e03ad3fdf0 Exception <a 'java/lang/ClassNotFoundException'{0x000000060e3434a8}: org/gradle/api/internal/artifacts/configurations/DefaultConfigurationContainerBeanInfo> (0x000000060e3434a8) 
thrown [s\src\hotspot\share\classfile\systemDictionary.cpp, line 256]
Event: 45.642 Thread 0x000001e03ad3fdf0 Exception <a 'java/lang/ClassNotFoundException'{0x000000060e362700}: org/gradle/api/internal/AbstractValidatingNamedDomainObjectContainerBeanInfo> (0x000000060e362700) 
thrown [s\src\hotspot\share\classfile\systemDictionary.cpp, line 256]
Event: 45.643 Thread 0x000001e03ad3fdf0 Exception <a 'java/lang/ClassNotFoundException'{0x000000060e381988}: org/gradle/api/internal/AbstractValidatingNamedDomainObjectContainerCustomizer> (0x000000060e381988) 
thrown [s\src\hotspot\share\classfile\systemDictionary.cpp, line 256]
Event: 45.644 Thread 0x000001e03ad3fdf0 Exception <a 'java/lang/ClassNotFoundException'{0x000000060e3b1880}: org/gradle/api/internal/artifacts/configurations/DefaultConfigurationContainerCustomizer> (0x000000060e3b1880) 
thrown [s\src\hotspot\share\classfile\systemDictionary.cpp, line 256]
Event: 45.651 Thread 0x000001e03ad3fdf0 Exception <a 'java/lang/ClassNotFoundException'{0x000000060e01c7b0}: org/gradle/api/internal/artifacts/configurations/DefaultConfigurationContainer_DecoratedCustomizer> (0x000000060e01c7b0) 
thrown [s\src\hotspot\share\classfile\systemDictionary.cpp, line 256]
Event: 45.657 Thread 0x000001e03ad3fdf0 Exception <a 'java/lang/ClassNotFoundException'{0x000000060e0d12e8}: org/gradle/api/internal/artifacts/dsl/dependencies/DefaultDependencyHandler_DecoratedBeanInfo> (0x000000060e0d12e8) 
thrown [s\src\hotspot\share\classfile\systemDictionary.cpp, line 256]
Event: 45.658 Thread 0x000001e03ad3fdf0 Exception <a 'java/lang/ClassNotFoundException'{0x000000060e0f3c18}: org/gradle/api/internal/artifacts/dsl/dependencies/DefaultDependencyHandlerBeanInfo> (0x000000060e0f3c18) 
thrown [s\src\hotspot\share\classfile\systemDictionary.cpp, line 256]
Event: 45.659 Thread 0x000001e03ad3fdf0 Exception <a 'java/lang/ClassNotFoundException'{0x000000060e116ad0}: org/gradle/api/internal/artifacts/dsl/dependencies/DefaultDependencyHandlerCustomizer> (0x000000060e116ad0) 
thrown [s\src\hotspot\share\classfile\systemDictionary.cpp, line 256]
Event: 45.662 Thread 0x000001e03ad3fdf0 Exception <a 'java/lang/ClassNotFoundException'{0x000000060e1726c0}: org/gradle/api/internal/artifacts/dsl/dependencies/DefaultDependencyHandler_DecoratedCustomizer> (0x000000060e1726c0) 
thrown [s\src\hotspot\share\classfile\systemDictionary.cpp, line 256]

VM Operations (20 events):
Event: 44.090 Executing VM operation: G1CollectForAllocation done
Event: 44.135 Executing VM operation: G1CollectForAllocation
Event: 44.139 Executing VM operation: G1CollectForAllocation done
Event: 44.544 Executing VM operation: HandshakeAllThreads
Event: 44.545 Executing VM operation: HandshakeAllThreads done
Event: 44.846 Executing VM operation: HandshakeAllThreads
Event: 44.847 Executing VM operation: HandshakeAllThreads done
Event: 44.877 Executing VM operation: G1CollectForAllocation
Event: 44.880 Executing VM operation: G1CollectForAllocation done
Event: 44.936 Executing VM operation: G1PauseRemark
Event: 44.941 Executing VM operation: G1PauseRemark done
Event: 44.962 Executing VM operation: G1PauseCleanup
Event: 44.962 Executing VM operation: G1PauseCleanup done
Event: 45.379 Executing VM operation: HandshakeAllThreads
Event: 45.379 Executing VM operation: HandshakeAllThreads done
Event: 45.629 Executing VM operation: G1CollectForAllocation
Event: 45.634 Executing VM operation: G1CollectForAllocation done
Event: 45.645 Executing VM operation: G1CollectForAllocation
Event: 45.649 Executing VM operation: G1CollectForAllocation done
Event: 46.059 Executing VM operation: G1CollectForAllocation

Memory protections (0 events):
No events

Nmethod flushes (20 events):
Event: 45.394 Thread 0x000001dff4850160 flushing  nmethod 0x000001dfbe679890
Event: 45.394 Thread 0x000001dff4850160 flushing  nmethod 0x000001dfbe67d310
Event: 45.394 Thread 0x000001dff4850160 flushing  nmethod 0x000001dfbe6d6790
Event: 45.395 Thread 0x000001dff4850160 flushing  nmethod 0x000001dfbe824f10
Event: 45.395 Thread 0x000001dff4850160 flushing  nmethod 0x000001dfbe825290
Event: 45.395 Thread 0x000001dff4850160 flushing  nmethod 0x000001dfbe82a790
Event: 45.395 Thread 0x000001dff4850160 flushing  nmethod 0x000001dfbe82cd10
Event: 45.396 Thread 0x000001dff4850160 flushing  nmethod 0x000001dfbe84a690
Event: 45.396 Thread 0x000001dff4850160 flushing  nmethod 0x000001dfbe85be10
Event: 45.396 Thread 0x000001dff4850160 flushing  nmethod 0x000001dfbe89b990
Event: 45.396 Thread 0x000001dff4850160 flushing  nmethod 0x000001dfbe934b90
Event: 45.396 Thread 0x000001dff4850160 flushing  nmethod 0x000001dfbe935490
Event: 45.396 Thread 0x000001dff4850160 flushing  nmethod 0x000001dfbe945510
Event: 45.396 Thread 0x000001dff4850160 flushing  nmethod 0x000001dfbe946190
Event: 45.396 Thread 0x000001dff4850160 flushing  nmethod 0x000001dfbe946f10
Event: 45.396 Thread 0x000001dff4850160 flushing  nmethod 0x000001dfbe948090
Event: 45.396 Thread 0x000001dff4850160 flushing  nmethod 0x000001dfbe948510
Event: 45.396 Thread 0x000001dff4850160 flushing  nmethod 0x000001dfbe948f10
Event: 45.397 Thread 0x000001dff4850160 flushing osr nmethod 0x000001dfbe995f10
Event: 45.398 Thread 0x000001dff4850160 flushing  nmethod 0x000001dfbeb1eb10

Events (20 events):
Event: 42.933 Thread 0x000001e03ad3fdf0 Thread added: 0x000001e03ba62380
Event: 42.938 Thread 0x000001e03ad3fdf0 Thread added: 0x000001e03ba63cd0
Event: 42.944 Thread 0x000001e03ad3fdf0 Thread added: 0x000001e03ba641e0
Event: 42.960 Thread 0x000001e03ad3fdf0 Thread added: 0x000001e03ba646f0
Event: 42.968 Thread 0x000001e03ad3fdf0 Thread added: 0x000001e03ba65620
Event: 42.971 Thread 0x000001e03ad3fdf0 Thread added: 0x000001e03ba61e70
Event: 42.974 Thread 0x000001e03ad3fdf0 Thread added: 0x000001e03ba66040
Event: 42.979 Thread 0x000001e03ad3fdf0 Thread added: 0x000001e03ba65b30
Event: 42.984 Thread 0x000001e03ad3fdf0 Thread added: 0x000001e03ba66550
Event: 43.327 Thread 0x000001e03ad3fdf0 Thread added: 0x000001e03ba67480
Event: 43.820 Thread 0x000001e041858b00 Thread exited: 0x000001e041858b00
Event: 44.046 Thread 0x000001e04185bad0 Thread exited: 0x000001e04185bad0
Event: 44.732 Thread 0x000001e041859050 Thread exited: 0x000001e041859050
Event: 44.826 Thread 0x000001e041858060 Thread exited: 0x000001e041858060
Event: 45.031 Thread 0x000001e04185c020 Thread exited: 0x000001e04185c020
Event: 45.359 Thread 0x000001dff4855500 Thread added: 0x000001e041858060
Event: 45.378 Thread 0x000001e041858060 Thread added: 0x000001e04185a590
Event: 45.555 Thread 0x000001e04185a590 Thread exited: 0x000001e04185a590
Event: 45.641 Thread 0x000001dff4855500 Thread added: 0x000001e04185c020
Event: 45.931 Thread 0x000001e04185c020 Thread exited: 0x000001e04185c020


Dynamic libraries:
0x00007ff7d9dd0000 - 0x00007ff7d9dde000 	C:\Program Files\Eclipse Adoptium\jdk-17.0.15.6-hotspot\bin\java.exe
0x00007ffaa53c0000 - 0x00007ffaa5625000 	C:\WINDOWS\SYSTEM32\ntdll.dll
0x00007ffaa4f50000 - 0x00007ffaa5019000 	C:\WINDOWS\System32\KERNEL32.DLL
0x00007ffaa2510000 - 0x00007ffaa28f8000 	C:\WINDOWS\System32\KERNELBASE.dll
0x00007ffaa3010000 - 0x00007ffaa315b000 	C:\WINDOWS\System32\ucrtbase.dll
0x00007ffa58150000 - 0x00007ffa58167000 	C:\Program Files\Eclipse Adoptium\jdk-17.0.15.6-hotspot\bin\jli.dll
0x00007ffaa4850000 - 0x00007ffaa4a1a000 	C:\WINDOWS\System32\USER32.dll
0x00007ffaa2f30000 - 0x00007ffaa2f57000 	C:\WINDOWS\System32\win32u.dll
0x00007ffaa3710000 - 0x00007ffaa373b000 	C:\WINDOWS\System32\GDI32.dll
0x00007ffaa2bd0000 - 0x00007ffaa2d07000 	C:\WINDOWS\System32\gdi32full.dll
0x00007ffaa2f60000 - 0x00007ffaa3003000 	C:\WINDOWS\System32\msvcp_win.dll
0x00007ffa560c0000 - 0x00007ffa560de000 	C:\Program Files\Eclipse Adoptium\jdk-17.0.15.6-hotspot\bin\VCRUNTIME140.dll
0x00007ffa872d0000 - 0x00007ffa8756a000 	C:\WINDOWS\WinSxS\amd64_microsoft.windows.common-controls_6595b64144ccf1df_6.0.26100.4202_none_3e0698d4e335f517\COMCTL32.dll
0x00007ffaa3c80000 - 0x00007ffaa3d29000 	C:\WINDOWS\System32\msvcrt.dll
0x00007ffaa50f0000 - 0x00007ffaa5120000 	C:\WINDOWS\System32\IMM32.DLL
0x00007ffa7ac30000 - 0x00007ffa7ac3c000 	C:\Program Files\Eclipse Adoptium\jdk-17.0.15.6-hotspot\bin\vcruntime140_1.dll
0x00007ffa29740000 - 0x00007ffa297cd000 	C:\Program Files\Eclipse Adoptium\jdk-17.0.15.6-hotspot\bin\msvcp140.dll
0x00007ff9d3d50000 - 0x00007ff9d49bb000 	C:\Program Files\Eclipse Adoptium\jdk-17.0.15.6-hotspot\bin\server\jvm.dll
0x00007ffaa5020000 - 0x00007ffaa50d3000 	C:\WINDOWS\System32\ADVAPI32.dll
0x00007ffaa3b50000 - 0x00007ffaa3bf6000 	C:\WINDOWS\System32\sechost.dll
0x00007ffaa3740000 - 0x00007ffaa3855000 	C:\WINDOWS\System32\RPCRT4.dll
0x00007ffaa3c00000 - 0x00007ffaa3c74000 	C:\WINDOWS\System32\WS2_32.dll
0x00007ffaa2360000 - 0x00007ffaa23be000 	C:\WINDOWS\SYSTEM32\POWRPROF.dll
0x00007ffa9a630000 - 0x00007ffa9a63b000 	C:\WINDOWS\SYSTEM32\VERSION.dll
0x00007ffa99160000 - 0x00007ffa99195000 	C:\WINDOWS\SYSTEM32\WINMM.dll
0x00007ffaa2340000 - 0x00007ffaa2354000 	C:\WINDOWS\SYSTEM32\UMPDC.dll
0x00007ffaa1290000 - 0x00007ffaa12ab000 	C:\WINDOWS\SYSTEM32\kernel.appcore.dll
0x00007ffa7ab10000 - 0x00007ffa7ab1a000 	C:\Program Files\Eclipse Adoptium\jdk-17.0.15.6-hotspot\bin\jimage.dll
0x00007ffa9fcc0000 - 0x00007ffa9ff01000 	C:\WINDOWS\SYSTEM32\DBGHELP.DLL
0x00007ffaa4a20000 - 0x00007ffaa4da5000 	C:\WINDOWS\System32\combase.dll
0x00007ffaa4760000 - 0x00007ffaa4841000 	C:\WINDOWS\System32\OLEAUT32.dll
0x00007ffa7a630000 - 0x00007ffa7a669000 	C:\WINDOWS\SYSTEM32\dbgcore.DLL
0x00007ffaa2e90000 - 0x00007ffaa2f29000 	C:\WINDOWS\System32\bcryptPrimitives.dll
0x00007ffa7aa70000 - 0x00007ffa7aa7e000 	C:\Program Files\Eclipse Adoptium\jdk-17.0.15.6-hotspot\bin\instrument.dll
0x00007ffa5c550000 - 0x00007ffa5c575000 	C:\Program Files\Eclipse Adoptium\jdk-17.0.15.6-hotspot\bin\java.dll
0x00007ffa29810000 - 0x00007ffa298e7000 	C:\Program Files\Eclipse Adoptium\jdk-17.0.15.6-hotspot\bin\jsvml.dll
0x00007ffaa3d30000 - 0x00007ffaa4472000 	C:\WINDOWS\System32\SHELL32.dll
0x00007ffaa2900000 - 0x00007ffaa2a74000 	C:\WINDOWS\System32\wintypes.dll
0x00007ffaa0130000 - 0x00007ffaa0987000 	C:\WINDOWS\SYSTEM32\windows.storage.dll
0x00007ffaa51b0000 - 0x00007ffaa52a1000 	C:\WINDOWS\System32\SHCORE.dll
0x00007ffaa35f0000 - 0x00007ffaa365a000 	C:\WINDOWS\System32\shlwapi.dll
0x00007ffaa2420000 - 0x00007ffaa244f000 	C:\WINDOWS\SYSTEM32\profapi.dll
0x00007ffa5f380000 - 0x00007ffa5f398000 	C:\Program Files\Eclipse Adoptium\jdk-17.0.15.6-hotspot\bin\zip.dll
0x00007ffa5c530000 - 0x00007ffa5c549000 	C:\Program Files\Eclipse Adoptium\jdk-17.0.15.6-hotspot\bin\net.dll
0x00007ffa9bba0000 - 0x00007ffa9bcbe000 	C:\WINDOWS\SYSTEM32\WINHTTP.dll
0x00007ffaa17e0000 - 0x00007ffaa184a000 	C:\WINDOWS\system32\mswsock.dll
0x00007ffa5c510000 - 0x00007ffa5c526000 	C:\Program Files\Eclipse Adoptium\jdk-17.0.15.6-hotspot\bin\nio.dll
0x00007ffa6f790000 - 0x00007ffa6f7a0000 	C:\Program Files\Eclipse Adoptium\jdk-17.0.15.6-hotspot\bin\verify.dll
0x00007ffa6f3a0000 - 0x00007ffa6f3c7000 	C:\Users\hlchy\.gradle\native\c067742578af261105cb4f569cf0c3c89f3d7b1fecec35dd04571415982c5e48\windows-amd64\native-platform.dll
0x00007ffa11f10000 - 0x00007ffa12054000 	C:\Users\hlchy\.gradle\native\100fb08df4bc3b14c8652ba06237920a3bd2aa13389f12d3474272988ae205f9\windows-amd64\native-platform-file-events.dll
0x00007ffa6f660000 - 0x00007ffa6f66a000 	C:\Program Files\Eclipse Adoptium\jdk-17.0.15.6-hotspot\bin\management.dll
0x00007ffa6f540000 - 0x00007ffa6f54b000 	C:\Program Files\Eclipse Adoptium\jdk-17.0.15.6-hotspot\bin\management_ext.dll
0x00007ffaa4720000 - 0x00007ffaa4728000 	C:\WINDOWS\System32\PSAPI.DLL
0x00007ffaa1bc0000 - 0x00007ffaa1bdb000 	C:\WINDOWS\SYSTEM32\CRYPTSP.dll
0x00007ffaa11f0000 - 0x00007ffaa122a000 	C:\WINDOWS\system32\rsaenh.dll
0x00007ffaa1880000 - 0x00007ffaa18ab000 	C:\WINDOWS\SYSTEM32\USERENV.dll
0x00007ffaa23f0000 - 0x00007ffaa2416000 	C:\WINDOWS\SYSTEM32\bcrypt.dll
0x00007ffaa1a20000 - 0x00007ffaa1a2c000 	C:\WINDOWS\SYSTEM32\CRYPTBASE.dll
0x00007ffaa0ca0000 - 0x00007ffaa0cd3000 	C:\WINDOWS\SYSTEM32\IPHLPAPI.DLL
0x00007ffaa50e0000 - 0x00007ffaa50ea000 	C:\WINDOWS\System32\NSI.dll
0x00007ffa9bf60000 - 0x00007ffa9bf7f000 	C:\WINDOWS\SYSTEM32\dhcpcsvc6.DLL
0x00007ffa9bd70000 - 0x00007ffa9bd95000 	C:\WINDOWS\SYSTEM32\dhcpcsvc.DLL
0x00007ffaa0ce0000 - 0x00007ffaa0e07000 	C:\WINDOWS\SYSTEM32\DNSAPI.dll
0x00007ffa6f220000 - 0x00007ffa6f229000 	C:\Program Files\Eclipse Adoptium\jdk-17.0.15.6-hotspot\bin\extnet.dll
0x00007ffa5fdf0000 - 0x00007ffa5fdfe000 	C:\Program Files\Eclipse Adoptium\jdk-17.0.15.6-hotspot\bin\sunmscapi.dll
0x00007ffaa2d10000 - 0x00007ffaa2e87000 	C:\WINDOWS\System32\CRYPT32.dll
0x00007ffaa1d10000 - 0x00007ffaa1d40000 	C:\WINDOWS\SYSTEM32\ncrypt.dll
0x00007ffaa1cc0000 - 0x00007ffaa1cff000 	C:\WINDOWS\SYSTEM32\NTASN1.dll
0x00007ffa9f0a0000 - 0x00007ffa9f0a8000 	C:\WINDOWS\system32\wshunix.dll
0x00007ffa91060000 - 0x00007ffa91078000 	C:\WINDOWS\system32\napinsp.dll
0x00007ffa9c2c0000 - 0x00007ffa9c2d2000 	C:\WINDOWS\System32\winrnr.dll
0x00007ffa9f040000 - 0x00007ffa9f070000 	C:\WINDOWS\system32\nlansp_c.dll
0x00007ffa9ae30000 - 0x00007ffa9ae50000 	C:\WINDOWS\system32\wshbth.dll
0x00007ffa9ae20000 - 0x00007ffa9ae2b000 	C:\Windows\System32\rasadhlp.dll
0x00007ffa9c110000 - 0x00007ffa9c196000 	C:\WINDOWS\System32\fwpuclnt.dll

dbghelp: loaded successfully - version: 4.0.5 - missing functions: none
symbol engine: initialized successfully - sym options: 0x614 - pdb path: .;C:\Program Files\Eclipse Adoptium\jdk-17.0.15.6-hotspot\bin;C:\WINDOWS\SYSTEM32;C:\WINDOWS\WinSxS\amd64_microsoft.windows.common-controls_6595b64144ccf1df_6.0.26100.4202_none_3e0698d4e335f517;C:\Program Files\Eclipse Adoptium\jdk-17.0.15.6-hotspot\bin\server;C:\Users\hlchy\.gradle\native\c067742578af261105cb4f569cf0c3c89f3d7b1fecec35dd04571415982c5e48\windows-amd64;C:\Users\hlchy\.gradle\native\100fb08df4bc3b14c8652ba06237920a3bd2aa13389f12d3474272988ae205f9\windows-amd64

VM Arguments:
jvm_args: -XX:MaxMetaspaceSize=4G -XX:ReservedCodeCacheSize=512m -XX:+HeapDumpOnOutOfMemoryError --add-opens=java.base/java.util=ALL-UNNAMED --add-opens=java.base/java.lang=ALL-UNNAMED --add-opens=java.base/java.lang.invoke=ALL-UNNAMED --add-opens=java.prefs/java.util.prefs=ALL-UNNAMED --add-exports=jdk.compiler/com.sun.tools.javac.api=ALL-UNNAMED --add-exports=jdk.compiler/com.sun.tools.javac.util=ALL-UNNAMED --add-opens=java.base/java.nio.charset=ALL-UNNAMED --add-opens=java.base/java.net=ALL-UNNAMED --add-opens=java.base/java.util.concurrent.atomic=ALL-UNNAMED -Xmx8G -Dfile.encoding=utf8 -Duser.country=US -Duser.language=en -Duser.variant -javaagent:C:\Users\hlchy\.gradle\wrapper\dists\gradle-8.10.2-all\7iv73wktx1xtkvlq19urqw1wm\gradle-8.10.2\lib\agents\gradle-instrumentation-agent-8.10.2.jar 
java_command: org.gradle.launcher.daemon.bootstrap.GradleDaemon 8.10.2
java_class_path (initial): C:\Users\hlchy\.gradle\wrapper\dists\gradle-8.10.2-all\7iv73wktx1xtkvlq19urqw1wm\gradle-8.10.2\lib\gradle-daemon-main-8.10.2.jar
Launcher Type: SUN_STANDARD

[Global flags]
     intx CICompilerCount                          = 12                                        {product} {ergonomic}
     uint ConcGCThreads                            = 3                                         {product} {ergonomic}
     uint G1ConcRefinementThreads                  = 13                                        {product} {ergonomic}
   size_t G1HeapRegionSize                         = 4194304                                   {product} {ergonomic}
    uintx GCDrainStackTargetSize                   = 64                                        {product} {ergonomic}
     bool HeapDumpOnOutOfMemoryError               = true                                   {manageable} {command line}
   size_t InitialHeapSize                          = 125829120                                 {product} {ergonomic}
   size_t MarkStackSize                            = 4194304                                   {product} {ergonomic}
   size_t MaxHeapSize                              = 8589934592                                {product} {command line}
   size_t MaxMetaspaceSize                         = 4294967296                                {product} {command line}
   size_t MaxNewSize                               = 5150605312                                {product} {ergonomic}
   size_t MinHeapDeltaBytes                        = 4194304                                   {product} {ergonomic}
   size_t MinHeapSize                              = 8388608                                   {product} {ergonomic}
    uintx NonNMethodCodeHeapSize                   = 7602480                                {pd product} {ergonomic}
    uintx NonProfiledCodeHeapSize                  = 264634216                              {pd product} {ergonomic}
    uintx ProfiledCodeHeapSize                     = 264634216                              {pd product} {ergonomic}
    uintx ReservedCodeCacheSize                    = 536870912                              {pd product} {command line}
     bool SegmentedCodeCache                       = true                                      {product} {ergonomic}
   size_t SoftMaxHeapSize                          = 8589934592                             {manageable} {ergonomic}
   double SweeperThreshold                         = 0.234375                                  {product} {ergonomic}
     bool UseCompressedClassPointers               = true                           {product lp64_product} {ergonomic}
     bool UseCompressedOops                        = true                           {product lp64_product} {ergonomic}
     bool UseG1GC                                  = true                                      {product} {ergonomic}
     bool UseLargePagesIndividualAllocation        = false                                  {pd product} {ergonomic}

Logging:
Log output configuration:
 #0: stdout all=warning uptime,level,tags
 #1: stderr all=off uptime,level,tags

Environment Variables:
JAVA_HOME=C:\Program Files\Java\jdk-23
PATH=C:\Program Files\Eclipse Adoptium\jdk-17.0.15.6-hotspot\bin;c:\Users\hlchy\AppData\Local\Programs\cursor\resources\app\bin;C:\Program Files\Google\Chrome\Application;C:\Program Files\Common Files\Oracle\Java\javapath;C:\Python312\Scripts\;C:\Python312\;C:\Windows\system32;C:\Windows;C:\Windows\System32\Wbem;C:\Windows\System32\WindowsPowerShell\v1.0\;C:\Windows\System32\OpenSSH\;C:\Program Files (x86)\NVIDIA Corporation\PhysX\Common;C:\Program Files\NVIDIA Corporation\NVIDIA NvDLISR;C:\WINDOWS\system32;C:\WINDOWS;C:\WINDOWS\System32\Wbem;C:\WINDOWS\System32\WindowsPowerShell\v1.0\;C:\WINDOWS\System32\OpenSSH\;C:\Program Files\Cloudflare\Cloudflare WARP\;C:\Program Files\nodejs\;C:\ProgramData\chocolatey\bin;C:\Program Files\Microsoft SQL Server\150\Tools\Binn\;C:\Program Files\Microsoft SQL Server\Client SDK\ODBC\170\Tools\Binn\;C:\Program Files\dotnet\;C:\Program Files\Git\cmd;C:\Program Files (x86)\Microsoft SQL Server\160\Tools\Binn\;C:\Program Files\Microsoft SQL Server\160\Tools\Binn\;C:\Program Files\Microsoft SQL Server\160\DTS\Binn\;C:\Users\hlchy\AppData\Loca;C:\Program Files (x86)\Microsoft SQL Server\160\DTS\Binn\;C:\Program Files\Java\jdk-23\bin;C:\Users\hlchy\Downloads\apache-tomcat-10.1.39-windows-x64\apache-tomcat-10.1.39\bin;C:\Program Files\Kubernetes\Minikube;C:\minikube;C:\Program Files\Docker\Docker\resources\bin;C:\WINDOWS\system32;C:\WINDOWS;C:\WINDOWS\System32\Wbem;C:\WINDOWS\System32\WindowsPowerShell\v1.0\;C:\WINDOWS\System32\OpenSSH\;C:\Users\hlchy\AppData\Local\Android\Sdk\platform-tools;C:\Users\hlchy\AppData\Local\Android\Sdk\tools;C:\Users\hlchy\AppData\Local\Microsoft\WindowsApps;C:\Users\hlchy\AppData\Local\Programs\oh-my-posh\bin;C:\Users\hlchy\AppData\Local\Programs\Microsoft VS Code\bin;C:\Users\hlchy\AppData\Local\Microsoft\WinGet\Packages\Schniz.fnm_Microsoft.Winget.Source_8wekyb3d8bbwe;C:\Users\hlchy\AppData\Roaming\npm;C:\Users\hlchy\.dotnet\tools;C:\Program Files\JetBrains\PyCharm 2024.3\bin;;D:\BaiTap\Cross Platform\flutter\bin;C:\Users\hlchy\AppData\Local\Programs\cursor\resources\app\bin;D:\IntelliJ IDEA 2024.3.4.1\bin;;C:\Users\hlchy\AppData\Local\GitHubDesktop\bin
USERNAME=hlchy
OS=Windows_NT
PROCESSOR_IDENTIFIER=AMD64 Family 25 Model 68 Stepping 1, AuthenticAMD
TMP=C:\Users\hlchy\AppData\Local\Temp
TEMP=C:\Users\hlchy\AppData\Local\Temp



Periodic native trim disabled


---------------  S Y S T E M  ---------------

OS:
 Windows 11 , 64 bit Build 26100 (10.0.26100.4202)
OS uptime: 0 days 6:45 hours
Hyper-V role detected

CPU: total 16 (initial active 16) (16 cores per cpu, 2 threads per core) family 25 model 68 stepping 1 microcode 0xa404102, cx8, cmov, fxsr, ht, mmx, 3dnowpref, sse, sse2, sse3, ssse3, sse4a, sse4.1, sse4.2, popcnt, lzcnt, tsc, tscinvbit, avx, avx2, aes, erms, clmul, bmi1, bmi2, adx, sha, fma, vzeroupper, clflush, clflushopt, hv
Processor Information for all 16 processors :
  Max Mhz: 3201, Current Mhz: 3201, Mhz Limit: 3201

Memory: 4k page, system-wide physical 7436M (445M free)
TotalPageFile size 29964M (AvailPageFile size 5M)
current process WorkingSet (physical memory assigned to process): 461M, peak: 499M
current process commit charge ("private bytes"): 549M, peak: 777M

vm_info: OpenJDK 64-Bit Server VM (17.0.15+6) for windows-amd64 JRE (17.0.15+6), built on Apr 15 2025 21:25:47 by "admin" with MS VC++ 17.7 (VS2022)

END.
