#
# There is insufficient memory for the Java Runtime Environment to continue.
# Native memory allocation (malloc) failed to allocate 1058832 bytes. Error detail: Chunk::new
# Possible reasons:
#   The system is out of physical RAM or swap space
#   This process is running with CompressedOops enabled, and the Java Heap may be blocking the growth of the native heap
# Possible solutions:
#   Reduce memory load on the system
#   Increase physical memory or swap space
#   Check if swap backing store is full
#   Decrease Java heap size (-Xmx/-Xms)
#   Decrease number of Java threads
#   Decrease Java thread stack sizes (-Xss)
#   Set larger code cache with -XX:ReservedCodeCacheSize=
#   JVM is running with Unscaled Compressed Oops mode in which the Java heap is
#     placed in the first 4GB address space. The Java Heap base address is the
#     maximum limit for the native heap growth. Please use -XX:HeapBaseMinAddress
#     to set the Java Heap base and to place the Java Heap above 4GB virtual address.
# This output file may be truncated or incomplete.
#
#  Out of Memory Error (arena.cpp:168), pid=21576, tid=14820
#
# JRE version: OpenJDK Runtime Environment Temurin-21.0.7+6 (21.0.7+6) (build 21.0.7+6-LTS)
# Java VM: OpenJDK 64-Bit Server VM Temurin-21.0.7+6 (21.0.7+6-LTS, mixed mode, sharing, tiered, compressed oops, compressed class ptrs, parallel gc, windows-amd64)
# No core dump will be written. Minidumps are not enabled by default on client versions of Windows
#

---------------  S U M M A R Y ------------

Command Line: --add-modules=ALL-SYSTEM --add-opens=java.base/java.util=ALL-UNNAMED --add-opens=java.base/java.lang=ALL-UNNAMED --add-opens=java.base/sun.nio.fs=ALL-UNNAMED -Declipse.application=org.eclipse.jdt.ls.core.id1 -Dosgi.bundles.defaultStartLevel=4 -Declipse.product=org.eclipse.jdt.ls.core.product -Djava.import.generatesMetadataFilesAtProjectRoot=false -DDetectVMInstallationsJob.disabled=true -Dfile.encoding=utf8 -XX:+UseParallelGC -XX:GCTimeRatio=4 -XX:AdaptiveSizePolicyWeight=90 -Dsun.zip.disableMemoryMapping=true -Xmx2G -Xms100m -Xlog:disable -javaagent:c:\Users\hlchy\.vscode\extensions\redhat.java-1.43.2025060608-win32-x64\lombok\lombok-1.18.36.jar -XX:+HeapDumpOnOutOfMemoryError -XX:HeapDumpPath=c:\Users\hlchy\AppData\Roaming\Code\User\workspaceStorage\fd9e1de10c08622e06fee4a1f2984d2a\redhat.java -Daether.dependencyCollector.impl=bf c:\Users\hlchy\.vscode\extensions\redhat.java-1.43.2025060608-win32-x64\server\plugins\org.eclipse.equinox.launcher_1.7.0.v20250519-0528.jar -configuration c:\Users\hlchy\AppData\Roaming\Code\User\globalStorage\redhat.java\1.43.2025060608\config_win -data c:\Users\hlchy\AppData\Roaming\Code\User\workspaceStorage\fd9e1de10c08622e06fee4a1f2984d2a\redhat.java\jdt_ws --pipe=\\.\pipe\lsp-a3cdf77db2c49230b9292cc3c30d5020-sock

Host: AMD Ryzen 7 6800H with Radeon Graphics         , 16 cores, 7G,  Windows 11 , 64 bit Build 26100 (10.0.26100.4202)
Time: Sun Jun  8 22:13:54 2025 SE Asia Standard Time elapsed time: 99.328826 seconds (0d 0h 1m 39s)

---------------  T H R E A D  ---------------

Current thread (0x000001f4d440d950):  JavaThread "C2 CompilerThread0" daemon [_thread_in_native, id=14820, stack(0x000000a2d8d00000,0x000000a2d8e00000) (1024K)]


Current CompileTask:
C2:99336 9388   !   4       org.eclipse.osgi.internal.loader.classpath.ClasspathManager::defineClass (636 bytes)

Stack: [0x000000a2d8d00000,0x000000a2d8e00000]
Native frames: (J=compiled Java code, j=interpreted, Vv=VM code, C=native code)
V  [jvm.dll+0x6ce119]
V  [jvm.dll+0x8a84a1]
V  [jvm.dll+0x8aa9ce]
V  [jvm.dll+0x8ab0b3]
V  [jvm.dll+0x27f8a6]
V  [jvm.dll+0xc507d]
V  [jvm.dll+0xc55b3]
V  [jvm.dll+0x3b692c]
V  [jvm.dll+0x382aa5]
V  [jvm.dll+0x381f0a]
V  [jvm.dll+0x247af0]
V  [jvm.dll+0x2470cf]
V  [jvm.dll+0x1c760e]
V  [jvm.dll+0x25695a]
V  [jvm.dll+0x254efa]
V  [jvm.dll+0x3f03f6]
V  [jvm.dll+0x851f6b]
V  [jvm.dll+0x6cc7dd]
C  [ucrtbase.dll+0x37b0]
C  [KERNEL32.DLL+0x2e8d7]
C  [ntdll.dll+0x3c34c]


---------------  P R O C E S S  ---------------

Threads class SMR info:
_java_thread_list=0x000001f4f3518a40, length=60, elements={
0x000001f4d434e240, 0x000001f4d43f5370, 0x000001f4d43f6a30, 0x000001f4d43f9b40,
0x000001f4d43fdab0, 0x000001f4d4401480, 0x000001f4d4404270, 0x000001f4d440d950,
0x000001f4ec0b7b50, 0x000001f4d4402830, 0x000001f4d4402ec0, 0x000001f4d4403550,
0x000001f4d44021a0, 0x000001f4d4403be0, 0x000001f4d4400df0, 0x000001f4d4401b10,
0x000001f4f2cf3580, 0x000001f4f2cf0790, 0x000001f4f2cf2ef0, 0x000001f4f2cf2860,
0x000001f4f2cf4930, 0x000001f4f2cf1b40, 0x000001f4f2cf42a0, 0x000001f4f2cf21d0,
0x000001f4f2cf5650, 0x000001f4f2cf4fc0, 0x000001f4f2cf5ce0, 0x000001f4f2cf7720,
0x000001f4f2cf7090, 0x000001f4f2cf6370, 0x000001f4f2cf6a00, 0x000001f4f2cf7db0,
0x000001f4f4bf1540, 0x000001f4f4bf4330, 0x000001f4f4bf5050, 0x000001f4f4bf1bd0,
0x000001f4f4bf3610, 0x000001f4f4bf2260, 0x000001f4f4bf49c0, 0x000001f4f4bf56e0,
0x000001f4f4bf5d70, 0x000001f4f4bf28f0, 0x000001f4f4bf6400, 0x000001f4f4bf6a90,
0x000001f4f4bf7120, 0x000001f4f678ef20, 0x000001f4f678c7c0, 0x000001f4f67923a0,
0x000001f4f6790ff0, 0x000001f4f67930c0, 0x000001f4f6793750, 0x000001f4f67902d0,
0x000001f4f678db70, 0x000001f4f678d4e0, 0x000001f4f6791d10, 0x000001f4f6793de0,
0x000001f4f6792a30, 0x000001f4f2cf3c10, 0x000001f4f2cf14b0, 0x000001f4f2cf0e20
}

Java Threads: ( => current thread )
  0x000001f4d434e240 JavaThread "main"                              [_thread_blocked, id=31204, stack(0x000000a2d8300000,0x000000a2d8400000) (1024K)]
  0x000001f4d43f5370 JavaThread "Reference Handler"          daemon [_thread_blocked, id=3040, stack(0x000000a2d8700000,0x000000a2d8800000) (1024K)]
  0x000001f4d43f6a30 JavaThread "Finalizer"                  daemon [_thread_blocked, id=25916, stack(0x000000a2d8800000,0x000000a2d8900000) (1024K)]
  0x000001f4d43f9b40 JavaThread "Signal Dispatcher"          daemon [_thread_blocked, id=29932, stack(0x000000a2d8900000,0x000000a2d8a00000) (1024K)]
  0x000001f4d43fdab0 JavaThread "Attach Listener"            daemon [_thread_blocked, id=23912, stack(0x000000a2d8a00000,0x000000a2d8b00000) (1024K)]
  0x000001f4d4401480 JavaThread "Service Thread"             daemon [_thread_blocked, id=21636, stack(0x000000a2d8b00000,0x000000a2d8c00000) (1024K)]
  0x000001f4d4404270 JavaThread "Monitor Deflation Thread"   daemon [_thread_blocked, id=20628, stack(0x000000a2d8c00000,0x000000a2d8d00000) (1024K)]
=>0x000001f4d440d950 JavaThread "C2 CompilerThread0"         daemon [_thread_in_native, id=14820, stack(0x000000a2d8d00000,0x000000a2d8e00000) (1024K)]
  0x000001f4ec0b7b50 JavaThread "C1 CompilerThread0"         daemon [_thread_blocked, id=3932, stack(0x000000a2d8e00000,0x000000a2d8f00000) (1024K)]
  0x000001f4d4402830 JavaThread "Common-Cleaner"             daemon [_thread_blocked, id=20664, stack(0x000000a2d9000000,0x000000a2d9100000) (1024K)]
  0x000001f4d4402ec0 JavaThread "Notification Thread"        daemon [_thread_blocked, id=18876, stack(0x000000a2d9400000,0x000000a2d9500000) (1024K)]
  0x000001f4d4403550 JavaThread "Active Thread: Equinox Container: b4effaad-9f1f-4d80-a805-d048f5d61116"        [_thread_blocked, id=7604, stack(0x000000a2d9b00000,0x000000a2d9c00000) (1024K)]
  0x000001f4d44021a0 JavaThread "Refresh Thread: Equinox Container: b4effaad-9f1f-4d80-a805-d048f5d61116" daemon [_thread_blocked, id=7712, stack(0x000000a2d9d00000,0x000000a2d9e00000) (1024K)]
  0x000001f4d4403be0 JavaThread "Framework Event Dispatcher: Equinox Container: b4effaad-9f1f-4d80-a805-d048f5d61116" daemon [_thread_blocked, id=12396, stack(0x000000a2d9e00000,0x000000a2d9f00000) (1024K)]
  0x000001f4d4400df0 JavaThread "Start Level: Equinox Container: b4effaad-9f1f-4d80-a805-d048f5d61116" daemon [_thread_blocked, id=17148, stack(0x000000a2d9f00000,0x000000a2da000000) (1024K)]
  0x000001f4d4401b10 JavaThread "Bundle File Closer"         daemon [_thread_blocked, id=20528, stack(0x000000a2d9300000,0x000000a2d9400000) (1024K)]
  0x000001f4f2cf3580 JavaThread "SCR Component Actor"        daemon [_thread_blocked, id=14688, stack(0x000000a2d9100000,0x000000a2d9200000) (1024K)]
  0x000001f4f2cf0790 JavaThread "Worker-JM"                         [_thread_blocked, id=712, stack(0x000000a2da600000,0x000000a2da700000) (1024K)]
  0x000001f4f2cf2ef0 JavaThread "JNA Cleaner"                daemon [_thread_blocked, id=9004, stack(0x000000a2da800000,0x000000a2da900000) (1024K)]
  0x000001f4f2cf2860 JavaThread "Worker-0"                          [_thread_blocked, id=13696, stack(0x000000a2da900000,0x000000a2daa00000) (1024K)]
  0x000001f4f2cf4930 JavaThread "Worker-1"                          [_thread_blocked, id=16052, stack(0x000000a2daa00000,0x000000a2dab00000) (1024K)]
  0x000001f4f2cf1b40 JavaThread "Java indexing"              daemon [_thread_blocked, id=20496, stack(0x000000a2dad00000,0x000000a2dae00000) (1024K)]
  0x000001f4f2cf42a0 JavaThread "Worker-4: Update project android"        [_thread_blocked, id=19972, stack(0x000000a2db300000,0x000000a2db400000) (1024K)]
  0x000001f4f2cf21d0 JavaThread "Thread-2"                   daemon [_thread_in_native, id=6444, stack(0x000000a2db400000,0x000000a2db500000) (1024K)]
  0x000001f4f2cf5650 JavaThread "Thread-3"                   daemon [_thread_in_native, id=5604, stack(0x000000a2db500000,0x000000a2db600000) (1024K)]
  0x000001f4f2cf4fc0 JavaThread "Thread-4"                   daemon [_thread_in_native, id=2332, stack(0x000000a2db600000,0x000000a2db700000) (1024K)]
  0x000001f4f2cf5ce0 JavaThread "Thread-5"                   daemon [_thread_in_native, id=20540, stack(0x000000a2db700000,0x000000a2db800000) (1024K)]
  0x000001f4f2cf7720 JavaThread "Thread-6"                   daemon [_thread_in_native, id=5244, stack(0x000000a2db800000,0x000000a2db900000) (1024K)]
  0x000001f4f2cf7090 JavaThread "Thread-7"                   daemon [_thread_in_native, id=6748, stack(0x000000a2db900000,0x000000a2dba00000) (1024K)]
  0x000001f4f2cf6370 JavaThread "Thread-8"                   daemon [_thread_in_native, id=28896, stack(0x000000a2dba00000,0x000000a2dbb00000) (1024K)]
  0x000001f4f2cf6a00 JavaThread "Thread-9"                   daemon [_thread_in_native, id=23272, stack(0x000000a2dbb00000,0x000000a2dbc00000) (1024K)]
  0x000001f4f2cf7db0 JavaThread "Thread-10"                  daemon [_thread_in_native, id=4116, stack(0x000000a2dbc00000,0x000000a2dbd00000) (1024K)]
  0x000001f4f4bf1540 JavaThread "Thread-11"                  daemon [_thread_in_native, id=30812, stack(0x000000a2dbd00000,0x000000a2dbe00000) (1024K)]
  0x000001f4f4bf4330 JavaThread "Thread-12"                  daemon [_thread_in_native, id=31028, stack(0x000000a2dbe00000,0x000000a2dbf00000) (1024K)]
  0x000001f4f4bf5050 JavaThread "Thread-13"                  daemon [_thread_in_native, id=30000, stack(0x000000a2dbf00000,0x000000a2dc000000) (1024K)]
  0x000001f4f4bf1bd0 JavaThread "Thread-14"                  daemon [_thread_in_native, id=3976, stack(0x000000a2dc000000,0x000000a2dc100000) (1024K)]
  0x000001f4f4bf3610 JavaThread "Thread-15"                  daemon [_thread_in_native, id=27260, stack(0x000000a2dc100000,0x000000a2dc200000) (1024K)]
  0x000001f4f4bf2260 JavaThread "Thread-16"                  daemon [_thread_in_native, id=6948, stack(0x000000a2dc200000,0x000000a2dc300000) (1024K)]
  0x000001f4f4bf49c0 JavaThread "Thread-17"                  daemon [_thread_in_native, id=30416, stack(0x000000a2dc300000,0x000000a2dc400000) (1024K)]
  0x000001f4f4bf56e0 JavaThread "Thread-18"                  daemon [_thread_in_native, id=15272, stack(0x000000a2dc400000,0x000000a2dc500000) (1024K)]
  0x000001f4f4bf5d70 JavaThread "pool-2-thread-1"                   [_thread_blocked, id=2164, stack(0x000000a2dc500000,0x000000a2dc600000) (1024K)]
  0x000001f4f4bf28f0 JavaThread "Timer-0"                           [_thread_blocked, id=29576, stack(0x000000a2dc600000,0x000000a2dc700000) (1024K)]
  0x000001f4f4bf6400 JavaThread "Timer-1"                           [_thread_blocked, id=21872, stack(0x000000a2dc700000,0x000000a2dc800000) (1024K)]
  0x000001f4f4bf6a90 JavaThread "WorkspaceEventsHandler"            [_thread_blocked, id=23712, stack(0x000000a2dc800000,0x000000a2dc900000) (1024K)]
  0x000001f4f4bf7120 JavaThread "pool-1-thread-1"                   [_thread_blocked, id=29664, stack(0x000000a2dc900000,0x000000a2dca00000) (1024K)]
  0x000001f4f678ef20 JavaThread "ForkJoinPool.commonPool-worker-2" daemon [_thread_blocked, id=19672, stack(0x000000a2dce00000,0x000000a2dcf00000) (1024K)]
  0x000001f4f678c7c0 JavaThread "Timer-2"                           [_thread_blocked, id=8664, stack(0x000000a2da300000,0x000000a2da400000) (1024K)]
  0x000001f4f67923a0 JavaThread "Timer-3"                           [_thread_blocked, id=19116, stack(0x000000a2d9200000,0x000000a2d9300000) (1024K)]
  0x000001f4f6790ff0 JavaThread "Timer-4"                           [_thread_blocked, id=25464, stack(0x000000a2dab00000,0x000000a2dac00000) (1024K)]
  0x000001f4f67930c0 JavaThread "Timer-5"                           [_thread_blocked, id=10900, stack(0x000000a2dcb00000,0x000000a2dcc00000) (1024K)]
  0x000001f4f6793750 JavaThread "Timer-6"                           [_thread_blocked, id=1396, stack(0x000000a2dd200000,0x000000a2dd300000) (1024K)]
  0x000001f4f67902d0 JavaThread "Timer-7"                           [_thread_blocked, id=29536, stack(0x000000a2da500000,0x000000a2da600000) (1024K)]
  0x000001f4f678db70 JavaThread "Timer-8"                           [_thread_blocked, id=17204, stack(0x000000a2dac00000,0x000000a2dad00000) (1024K)]
  0x000001f4f678d4e0 JavaThread "Worker-7: Update project app"        [_thread_blocked, id=12816, stack(0x000000a2d8000000,0x000000a2d8100000) (1024K)]
  0x000001f4f6791d10 JavaThread "Worker-8"                          [_thread_blocked, id=32232, stack(0x000000a2d8100000,0x000000a2d8200000) (1024K)]
  0x000001f4f6793de0 JavaThread "Timer-9"                           [_thread_blocked, id=21008, stack(0x000000a2db100000,0x000000a2db200000) (1024K)]
  0x000001f4f6792a30 JavaThread "Connection worker"                 [_thread_in_native, id=32700, stack(0x000000a2db200000,0x000000a2db300000) (1024K)]
  0x000001f4f2cf3c10 JavaThread "pool-5-thread-1"                   [_thread_blocked, id=22168, stack(0x000000a2dca00000,0x000000a2dcb00000) (1024K)]
  0x000001f4f2cf14b0 JavaThread "Worker-9"                          [_thread_blocked, id=17928, stack(0x000000a2dd100000,0x000000a2dd200000) (1024K)]
  0x000001f4f2cf0e20 JavaThread "ForkJoinPool.commonPool-worker-3" daemon [_thread_blocked, id=17732, stack(0x000000a2d8200000,0x000000a2d8300000) (1024K)]
Total: 60

Other Threads:
  0x000001f4d42e4140 VMThread "VM Thread"                           [id=17264, stack(0x000000a2d8600000,0x000000a2d8700000) (1024K)]
  0x000001f4d41dca00 WatcherThread "VM Periodic Task Thread"        [id=14912, stack(0x000000a2d8500000,0x000000a2d8600000) (1024K)]
  0x000001f4d436e930 WorkerThread "GC Thread#0"                     [id=22632, stack(0x000000a2d8400000,0x000000a2d8500000) (1024K)]
  0x000001f4f23cc220 WorkerThread "GC Thread#1"                     [id=21248, stack(0x000000a2d9500000,0x000000a2d9600000) (1024K)]
  0x000001f4f2778af0 WorkerThread "GC Thread#2"                     [id=10752, stack(0x000000a2d9600000,0x000000a2d9700000) (1024K)]
  0x000001f4f245bab0 WorkerThread "GC Thread#3"                     [id=27708, stack(0x000000a2d9700000,0x000000a2d9800000) (1024K)]
  0x000001f4f245be50 WorkerThread "GC Thread#4"                     [id=18624, stack(0x000000a2d9800000,0x000000a2d9900000) (1024K)]
  0x000001f4f245c5f0 WorkerThread "GC Thread#5"                     [id=21148, stack(0x000000a2d9900000,0x000000a2d9a00000) (1024K)]
  0x000001f4f27d2c50 WorkerThread "GC Thread#6"                     [id=16756, stack(0x000000a2d9a00000,0x000000a2d9b00000) (1024K)]
  0x000001f4f2a9c7f0 WorkerThread "GC Thread#7"                     [id=21596, stack(0x000000a2d9c00000,0x000000a2d9d00000) (1024K)]
  0x000001f4f2e4c1e0 WorkerThread "GC Thread#8"                     [id=3724, stack(0x000000a2da000000,0x000000a2da100000) (1024K)]
  0x000001f4f2906d70 WorkerThread "GC Thread#9"                     [id=21264, stack(0x000000a2da100000,0x000000a2da200000) (1024K)]
  0x000001f4f29086d0 WorkerThread "GC Thread#10"                    [id=21096, stack(0x000000a2da200000,0x000000a2da300000) (1024K)]
  0x000001f4f2908330 WorkerThread "GC Thread#11"                    [id=6276, stack(0x000000a2da400000,0x000000a2da500000) (1024K)]
  0x000001f4f2907bf0 WorkerThread "GC Thread#12"                    [id=1904, stack(0x000000a2da700000,0x000000a2da800000) (1024K)]
Total: 15

Threads with active compile tasks:
C2 CompilerThread0  100807 9388   !   4       org.eclipse.osgi.internal.loader.classpath.ClasspathManager::defineClass (636 bytes)
Total: 1

VM state: not at safepoint (normal execution)

VM Mutex/Monitor currently owned by a thread: None

Heap address: 0x0000000080000000, size: 2048 MB, Compressed Oops mode: 32-bit

CDS archive(s) mapped at: [0x000001f480000000-0x000001f480ba0000-0x000001f480ba0000), size 12189696, SharedBaseAddress: 0x000001f480000000, ArchiveRelocationMode: 1.
Compressed class space mapped at: 0x000001f481000000-0x000001f4c1000000, reserved size: 1073741824
Narrow klass base: 0x000001f480000000, Narrow klass shift: 0, Narrow klass range: 0x100000000

GC Precious Log:
 CardTable entry size: 512
 CPUs: 16 total, 16 available
 Memory: 7436M
 Large Page Support: Disabled
 NUMA Support: Disabled
 Compressed Oops: Enabled (32-bit)
 Alignments: Space 512K, Generation 512K, Heap 2M
 Heap Min Capacity: 100M
 Heap Initial Capacity: 100M
 Heap Max Capacity: 2G
 Pre-touch: Disabled
 Parallel Workers: 13

Heap:
 PSYoungGen      total 23552K, used 10112K [0x00000000d5580000, 0x00000000d6f00000, 0x0000000100000000)
  eden space 20992K, 38% used [0x00000000d5580000,0x00000000d5d65d60,0x00000000d6a00000)
  from space 2560K, 79% used [0x00000000d6c80000,0x00000000d6e7a3c0,0x00000000d6f00000)
  to   space 2560K, 0% used [0x00000000d6a00000,0x00000000d6a00000,0x00000000d6c80000)
 ParOldGen       total 68608K, used 55398K [0x0000000080000000, 0x0000000084300000, 0x00000000d5580000)
  object space 68608K, 80% used [0x0000000080000000,0x0000000083619aa8,0x0000000084300000)
 Metaspace       used 67763K, committed 69248K, reserved 1114112K
  class space    used 8257K, committed 8896K, reserved 1048576K

Card table byte_map: [0x000001f4d3cf0000,0x000001f4d4100000] _byte_map_base: 0x000001f4d38f0000

Marking Bits: (ParMarkBitMap*) 0x00007ffa114331f0
 Begin Bits: [0x000001f4e67f0000, 0x000001f4e87f0000)
 End Bits:   [0x000001f4e87f0000, 0x000001f4ea7f0000)

Polling page: 0x000001f4d2120000

Metaspace:

Usage:
  Non-class:     58.11 MB used.
      Class:      8.06 MB used.
       Both:     66.18 MB used.

Virtual space:
  Non-class space:       64.00 MB reserved,      58.94 MB ( 92%) committed,  1 nodes.
      Class space:        1.00 GB reserved,       8.69 MB ( <1%) committed,  1 nodes.
             Both:        1.06 GB reserved,      67.62 MB (  6%) committed. 

Chunk freelists:
   Non-Class:  5.01 MB
       Class:  7.17 MB
        Both:  12.18 MB

MaxMetaspaceSize: unlimited
CompressedClassSpaceSize: 1.00 GB
Initial GC threshold: 21.00 MB
Current GC threshold: 97.31 MB
CDS: on
 - commit_granule_bytes: 65536.
 - commit_granule_words: 8192.
 - virtual_space_node_default_size: 8388608.
 - enlarge_chunks_in_place: 1.
 - use_allocation_guard: 0.


Internal statistics:

num_allocs_failed_limit: 9.
num_arena_births: 1282.
num_arena_deaths: 36.
num_vsnodes_births: 2.
num_vsnodes_deaths: 0.
num_space_committed: 1082.
num_space_uncommitted: 0.
num_chunks_returned_to_freelist: 54.
num_chunks_taken_from_freelist: 4386.
num_chunk_merges: 15.
num_chunk_splits: 2738.
num_chunks_enlarged: 1611.
num_inconsistent_stats: 0.

CodeHeap 'non-profiled nmethods': size=119168Kb used=6558Kb max_used=6558Kb free=112609Kb
 bounds [0x000001f4df0e0000, 0x000001f4df750000, 0x000001f4e6540000]
CodeHeap 'profiled nmethods': size=119104Kb used=17956Kb max_used=17956Kb free=101148Kb
 bounds [0x000001f4d7540000, 0x000001f4d86d0000, 0x000001f4de990000]
CodeHeap 'non-nmethods': size=7488Kb used=1398Kb max_used=3150Kb free=6089Kb
 bounds [0x000001f4de990000, 0x000001f4ded00000, 0x000001f4df0e0000]
 total_blobs=9352 nmethods=8647 adapters=611
 compilation: enabled
              stopped_count=0, restarted_count=0
 full_count=0

Compilation events (20 events):
Event: 97.176 Thread 0x000001f4ec0b7b50 nmethod 9412 0x000001f4d86bc390 code [0x000001f4d86bc560, 0x000001f4d86bc8d0]
Event: 97.177 Thread 0x000001f4ec0b7b50 9413       1       org.eclipse.core.runtime.Status::getException (5 bytes)
Event: 97.177 Thread 0x000001f4ec0b7b50 nmethod 9413 0x000001f4df743910 code [0x000001f4df743aa0, 0x000001f4df743b68]
Event: 97.178 Thread 0x000001f4ec0b7b50 9414       3       sun.nio.ch.Invoker$GroupAndInvokeCount::resetInvokeCount (6 bytes)
Event: 97.178 Thread 0x000001f4ec0b7b50 nmethod 9414 0x000001f4d86bca10 code [0x000001f4d86bcba0, 0x000001f4d86bccb0]
Event: 97.180 Thread 0x000001f4ec0b7b50 9416       3       java.nio.Bits::tryReserveMemory (52 bytes)
Event: 97.180 Thread 0x000001f4ec0b7b50 nmethod 9416 0x000001f4d86bcd10 code [0x000001f4d86bcf00, 0x000001f4d86bd228]
Event: 98.180 Thread 0x000001f4f32bd760 nmethod 9396 0x000001f4df743c10 code [0x000001f4df744080, 0x000001f4df745538]
Event: 98.180 Thread 0x000001f4f32bd760 9415       4       java.lang.StringLatin1::canEncode (13 bytes)
Event: 98.180 Thread 0x000001f4f32bd760 nmethod 9415 0x000001f4df746910 code [0x000001f4df746a80, 0x000001f4df746af0]
Event: 98.180 Thread 0x000001f4f32bd760 9392   !   4       java.lang.invoke.BoundMethodHandle$Species_L::copyWithExtendL (31 bytes)
Event: 98.183 Thread 0x000001f4f32bd760 nmethod 9392 0x000001f4df746c10 code [0x000001f4df746de0, 0x000001f4df747128]
Event: 98.183 Thread 0x000001f4f32bd760 9391       4       jdk.internal.org.objectweb.asm.MethodWriter::visitCode (1 bytes)
Event: 98.183 Thread 0x000001f4f32bd760 nmethod 9391 0x000001f4df747510 code [0x000001f4df7476a0, 0x000001f4df747728]
Event: 98.640 Thread 0x000001f4ec0b7b50 9417       3       java.util.concurrent.atomic.AtomicLong::getAndIncrement (12 bytes)
Event: 98.640 Thread 0x000001f4ec0b7b50 nmethod 9417 0x000001f4d86bd390 code [0x000001f4d86bd520, 0x000001f4d86bd640]
Event: 98.640 Thread 0x000001f4ec0b7b50 9418       1       org.eclipse.core.internal.dtree.DeltaDataTree::getRootNode (5 bytes)
Event: 98.640 Thread 0x000001f4ec0b7b50 nmethod 9418 0x000001f4df747810 code [0x000001f4df7479a0, 0x000001f4df747a68]
Event: 98.640 Thread 0x000001f4ec0b7b50 9419       3       org.eclipse.core.runtime.ListenerList$ListenerListIterator::next (39 bytes)
Event: 98.640 Thread 0x000001f4ec0b7b50 nmethod 9419 0x000001f4d86bd710 code [0x000001f4d86bd8c0, 0x000001f4d86bdb10]

GC Heap History (20 events):
Event: 79.402 GC heap before
{Heap before GC invocations=48 (full 3):
 PSYoungGen      total 22528K, used 22269K [0x00000000d5580000, 0x00000000d6d80000, 0x0000000100000000)
  eden space 22016K, 99% used [0x00000000d5580000,0x00000000d6aff508,0x00000000d6b00000)
  from space 512K, 50% used [0x00000000d6d00000,0x00000000d6d40000,0x00000000d6d80000)
  to   space 512K, 0% used [0x00000000d6c80000,0x00000000d6c80000,0x00000000d6d00000)
 ParOldGen       total 68608K, used 42736K [0x0000000080000000, 0x0000000084300000, 0x00000000d5580000)
  object space 68608K, 62% used [0x0000000080000000,0x00000000829bc2e8,0x0000000084300000)
 Metaspace       used 64243K, committed 65664K, reserved 1114112K
  class space    used 7901K, committed 8576K, reserved 1048576K
}
Event: 79.406 GC heap after
{Heap after GC invocations=48 (full 3):
 PSYoungGen      total 22528K, used 256K [0x00000000d5580000, 0x00000000d6d80000, 0x0000000100000000)
  eden space 22016K, 0% used [0x00000000d5580000,0x00000000d5580000,0x00000000d6b00000)
  from space 512K, 50% used [0x00000000d6c80000,0x00000000d6cc0000,0x00000000d6d00000)
  to   space 512K, 0% used [0x00000000d6d00000,0x00000000d6d00000,0x00000000d6d80000)
 ParOldGen       total 68608K, used 42736K [0x0000000080000000, 0x0000000084300000, 0x00000000d5580000)
  object space 68608K, 62% used [0x0000000080000000,0x00000000829bc2e8,0x0000000084300000)
 Metaspace       used 64243K, committed 65664K, reserved 1114112K
  class space    used 7901K, committed 8576K, reserved 1048576K
}
Event: 90.261 GC heap before
{Heap before GC invocations=49 (full 3):
 PSYoungGen      total 22528K, used 22272K [0x00000000d5580000, 0x00000000d6d80000, 0x0000000100000000)
  eden space 22016K, 100% used [0x00000000d5580000,0x00000000d6b00000,0x00000000d6b00000)
  from space 512K, 50% used [0x00000000d6c80000,0x00000000d6cc0000,0x00000000d6d00000)
  to   space 512K, 0% used [0x00000000d6d00000,0x00000000d6d00000,0x00000000d6d80000)
 ParOldGen       total 68608K, used 42736K [0x0000000080000000, 0x0000000084300000, 0x00000000d5580000)
  object space 68608K, 62% used [0x0000000080000000,0x00000000829bc2e8,0x0000000084300000)
 Metaspace       used 64445K, committed 65920K, reserved 1114112K
  class space    used 7924K, committed 8576K, reserved 1048576K
}
Event: 90.265 GC heap after
{Heap after GC invocations=49 (full 3):
 PSYoungGen      total 22528K, used 384K [0x00000000d5580000, 0x00000000d6d80000, 0x0000000100000000)
  eden space 22016K, 0% used [0x00000000d5580000,0x00000000d5580000,0x00000000d6b00000)
  from space 512K, 75% used [0x00000000d6d00000,0x00000000d6d60000,0x00000000d6d80000)
  to   space 512K, 0% used [0x00000000d6c80000,0x00000000d6c80000,0x00000000d6d00000)
 ParOldGen       total 68608K, used 42808K [0x0000000080000000, 0x0000000084300000, 0x00000000d5580000)
  object space 68608K, 62% used [0x0000000080000000,0x00000000829ce2e8,0x0000000084300000)
 Metaspace       used 64445K, committed 65920K, reserved 1114112K
  class space    used 7924K, committed 8576K, reserved 1048576K
}
Event: 91.560 GC heap before
{Heap before GC invocations=50 (full 3):
 PSYoungGen      total 22528K, used 22400K [0x00000000d5580000, 0x00000000d6d80000, 0x0000000100000000)
  eden space 22016K, 100% used [0x00000000d5580000,0x00000000d6b00000,0x00000000d6b00000)
  from space 512K, 75% used [0x00000000d6d00000,0x00000000d6d60000,0x00000000d6d80000)
  to   space 512K, 0% used [0x00000000d6c80000,0x00000000d6c80000,0x00000000d6d00000)
 ParOldGen       total 68608K, used 42808K [0x0000000080000000, 0x0000000084300000, 0x00000000d5580000)
  object space 68608K, 62% used [0x0000000080000000,0x00000000829ce2e8,0x0000000084300000)
 Metaspace       used 65425K, committed 66880K, reserved 1114112K
  class space    used 8024K, committed 8640K, reserved 1048576K
}
Event: 91.570 GC heap after
{Heap after GC invocations=50 (full 3):
 PSYoungGen      total 22528K, used 497K [0x00000000d5580000, 0x00000000d6d80000, 0x0000000100000000)
  eden space 22016K, 0% used [0x00000000d5580000,0x00000000d5580000,0x00000000d6b00000)
  from space 512K, 97% used [0x00000000d6c80000,0x00000000d6cfc618,0x00000000d6d00000)
  to   space 512K, 0% used [0x00000000d6d00000,0x00000000d6d00000,0x00000000d6d80000)
 ParOldGen       total 68608K, used 43068K [0x0000000080000000, 0x0000000084300000, 0x00000000d5580000)
  object space 68608K, 62% used [0x0000000080000000,0x0000000082a0f390,0x0000000084300000)
 Metaspace       used 65425K, committed 66880K, reserved 1114112K
  class space    used 8024K, committed 8640K, reserved 1048576K
}
Event: 91.859 GC heap before
{Heap before GC invocations=51 (full 3):
 PSYoungGen      total 22528K, used 22513K [0x00000000d5580000, 0x00000000d6d80000, 0x0000000100000000)
  eden space 22016K, 100% used [0x00000000d5580000,0x00000000d6b00000,0x00000000d6b00000)
  from space 512K, 97% used [0x00000000d6c80000,0x00000000d6cfc618,0x00000000d6d00000)
  to   space 512K, 0% used [0x00000000d6d00000,0x00000000d6d00000,0x00000000d6d80000)
 ParOldGen       total 68608K, used 43068K [0x0000000080000000, 0x0000000084300000, 0x00000000d5580000)
  object space 68608K, 62% used [0x0000000080000000,0x0000000082a0f390,0x0000000084300000)
 Metaspace       used 66050K, committed 67520K, reserved 1114112K
  class space    used 8070K, committed 8704K, reserved 1048576K
}
Event: 91.862 GC heap after
{Heap after GC invocations=51 (full 3):
 PSYoungGen      total 21504K, used 480K [0x00000000d5580000, 0x00000000d7100000, 0x0000000100000000)
  eden space 20992K, 0% used [0x00000000d5580000,0x00000000d5580000,0x00000000d6a00000)
  from space 512K, 93% used [0x00000000d6d00000,0x00000000d6d78030,0x00000000d6d80000)
  to   space 3072K, 0% used [0x00000000d6a00000,0x00000000d6a00000,0x00000000d6d00000)
 ParOldGen       total 68608K, used 45092K [0x0000000080000000, 0x0000000084300000, 0x00000000d5580000)
  object space 68608K, 65% used [0x0000000080000000,0x0000000082c090f0,0x0000000084300000)
 Metaspace       used 66050K, committed 67520K, reserved 1114112K
  class space    used 8070K, committed 8704K, reserved 1048576K
}
Event: 91.971 GC heap before
{Heap before GC invocations=52 (full 3):
 PSYoungGen      total 21504K, used 21472K [0x00000000d5580000, 0x00000000d7100000, 0x0000000100000000)
  eden space 20992K, 100% used [0x00000000d5580000,0x00000000d6a00000,0x00000000d6a00000)
  from space 512K, 93% used [0x00000000d6d00000,0x00000000d6d78030,0x00000000d6d80000)
  to   space 3072K, 0% used [0x00000000d6a00000,0x00000000d6a00000,0x00000000d6d00000)
 ParOldGen       total 68608K, used 45092K [0x0000000080000000, 0x0000000084300000, 0x00000000d5580000)
  object space 68608K, 65% used [0x0000000080000000,0x0000000082c090f0,0x0000000084300000)
 Metaspace       used 66405K, committed 67904K, reserved 1114112K
  class space    used 8125K, committed 8768K, reserved 1048576K
}
Event: 91.975 GC heap after
{Heap after GC invocations=52 (full 3):
 PSYoungGen      total 23552K, used 2178K [0x00000000d5580000, 0x00000000d6f00000, 0x0000000100000000)
  eden space 20992K, 0% used [0x00000000d5580000,0x00000000d5580000,0x00000000d6a00000)
  from space 2560K, 85% used [0x00000000d6a00000,0x00000000d6c20810,0x00000000d6c80000)
  to   space 2560K, 0% used [0x00000000d6c80000,0x00000000d6c80000,0x00000000d6f00000)
 ParOldGen       total 68608K, used 45628K [0x0000000080000000, 0x0000000084300000, 0x00000000d5580000)
  object space 68608K, 66% used [0x0000000080000000,0x0000000082c8f120,0x0000000084300000)
 Metaspace       used 66405K, committed 67904K, reserved 1114112K
  class space    used 8125K, committed 8768K, reserved 1048576K
}
Event: 92.018 GC heap before
{Heap before GC invocations=53 (full 3):
 PSYoungGen      total 23552K, used 23170K [0x00000000d5580000, 0x00000000d6f00000, 0x0000000100000000)
  eden space 20992K, 100% used [0x00000000d5580000,0x00000000d6a00000,0x00000000d6a00000)
  from space 2560K, 85% used [0x00000000d6a00000,0x00000000d6c20810,0x00000000d6c80000)
  to   space 2560K, 0% used [0x00000000d6c80000,0x00000000d6c80000,0x00000000d6f00000)
 ParOldGen       total 68608K, used 45628K [0x0000000080000000, 0x0000000084300000, 0x00000000d5580000)
  object space 68608K, 66% used [0x0000000080000000,0x0000000082c8f120,0x0000000084300000)
 Metaspace       used 66450K, committed 67904K, reserved 1114112K
  class space    used 8128K, committed 8768K, reserved 1048576K
}
Event: 92.020 GC heap after
{Heap after GC invocations=53 (full 3):
 PSYoungGen      total 23552K, used 2080K [0x00000000d5580000, 0x00000000d6f00000, 0x0000000100000000)
  eden space 20992K, 0% used [0x00000000d5580000,0x00000000d5580000,0x00000000d6a00000)
  from space 2560K, 81% used [0x00000000d6c80000,0x00000000d6e88010,0x00000000d6f00000)
  to   space 2560K, 0% used [0x00000000d6a00000,0x00000000d6a00000,0x00000000d6c80000)
 ParOldGen       total 68608K, used 47690K [0x0000000080000000, 0x0000000084300000, 0x00000000d5580000)
  object space 68608K, 69% used [0x0000000080000000,0x0000000082e92a60,0x0000000084300000)
 Metaspace       used 66450K, committed 67904K, reserved 1114112K
  class space    used 8128K, committed 8768K, reserved 1048576K
}
Event: 92.077 GC heap before
{Heap before GC invocations=54 (full 3):
 PSYoungGen      total 23552K, used 23072K [0x00000000d5580000, 0x00000000d6f00000, 0x0000000100000000)
  eden space 20992K, 100% used [0x00000000d5580000,0x00000000d6a00000,0x00000000d6a00000)
  from space 2560K, 81% used [0x00000000d6c80000,0x00000000d6e88010,0x00000000d6f00000)
  to   space 2560K, 0% used [0x00000000d6a00000,0x00000000d6a00000,0x00000000d6c80000)
 ParOldGen       total 68608K, used 47690K [0x0000000080000000, 0x0000000084300000, 0x00000000d5580000)
  object space 68608K, 69% used [0x0000000080000000,0x0000000082e92a60,0x0000000084300000)
 Metaspace       used 66461K, committed 67968K, reserved 1114112K
  class space    used 8128K, committed 8768K, reserved 1048576K
}
Event: 92.080 GC heap after
{Heap after GC invocations=54 (full 3):
 PSYoungGen      total 23552K, used 2308K [0x00000000d5580000, 0x00000000d6f00000, 0x0000000100000000)
  eden space 20992K, 0% used [0x00000000d5580000,0x00000000d5580000,0x00000000d6a00000)
  from space 2560K, 90% used [0x00000000d6a00000,0x00000000d6c41000,0x00000000d6c80000)
  to   space 2560K, 0% used [0x00000000d6c80000,0x00000000d6c80000,0x00000000d6f00000)
 ParOldGen       total 68608K, used 49554K [0x0000000080000000, 0x0000000084300000, 0x00000000d5580000)
  object space 68608K, 72% used [0x0000000080000000,0x0000000083064a70,0x0000000084300000)
 Metaspace       used 66461K, committed 67968K, reserved 1114112K
  class space    used 8128K, committed 8768K, reserved 1048576K
}
Event: 92.127 GC heap before
{Heap before GC invocations=55 (full 3):
 PSYoungGen      total 23552K, used 23300K [0x00000000d5580000, 0x00000000d6f00000, 0x0000000100000000)
  eden space 20992K, 100% used [0x00000000d5580000,0x00000000d6a00000,0x00000000d6a00000)
  from space 2560K, 90% used [0x00000000d6a00000,0x00000000d6c41000,0x00000000d6c80000)
  to   space 2560K, 0% used [0x00000000d6c80000,0x00000000d6c80000,0x00000000d6f00000)
 ParOldGen       total 68608K, used 49554K [0x0000000080000000, 0x0000000084300000, 0x00000000d5580000)
  object space 68608K, 72% used [0x0000000080000000,0x0000000083064a70,0x0000000084300000)
 Metaspace       used 66464K, committed 67968K, reserved 1114112K
  class space    used 8128K, committed 8768K, reserved 1048576K
}
Event: 92.129 GC heap after
{Heap after GC invocations=55 (full 3):
 PSYoungGen      total 23552K, used 1920K [0x00000000d5580000, 0x00000000d6f00000, 0x0000000100000000)
  eden space 20992K, 0% used [0x00000000d5580000,0x00000000d5580000,0x00000000d6a00000)
  from space 2560K, 75% used [0x00000000d6c80000,0x00000000d6e60000,0x00000000d6f00000)
  to   space 2560K, 0% used [0x00000000d6a00000,0x00000000d6a00000,0x00000000d6c80000)
 ParOldGen       total 68608K, used 51662K [0x0000000080000000, 0x0000000084300000, 0x00000000d5580000)
  object space 68608K, 75% used [0x0000000080000000,0x0000000083273a98,0x0000000084300000)
 Metaspace       used 66464K, committed 67968K, reserved 1114112K
  class space    used 8128K, committed 8768K, reserved 1048576K
}
Event: 92.215 GC heap before
{Heap before GC invocations=56 (full 3):
 PSYoungGen      total 23552K, used 22912K [0x00000000d5580000, 0x00000000d6f00000, 0x0000000100000000)
  eden space 20992K, 100% used [0x00000000d5580000,0x00000000d6a00000,0x00000000d6a00000)
  from space 2560K, 75% used [0x00000000d6c80000,0x00000000d6e60000,0x00000000d6f00000)
  to   space 2560K, 0% used [0x00000000d6a00000,0x00000000d6a00000,0x00000000d6c80000)
 ParOldGen       total 68608K, used 51662K [0x0000000080000000, 0x0000000084300000, 0x00000000d5580000)
  object space 68608K, 75% used [0x0000000080000000,0x0000000083273a98,0x0000000084300000)
 Metaspace       used 66516K, committed 67968K, reserved 1114112K
  class space    used 8131K, committed 8768K, reserved 1048576K
}
Event: 92.218 GC heap after
{Heap after GC invocations=56 (full 3):
 PSYoungGen      total 23552K, used 2112K [0x00000000d5580000, 0x00000000d6f00000, 0x0000000100000000)
  eden space 20992K, 0% used [0x00000000d5580000,0x00000000d5580000,0x00000000d6a00000)
  from space 2560K, 82% used [0x00000000d6a00000,0x00000000d6c10010,0x00000000d6c80000)
  to   space 2560K, 0% used [0x00000000d6c80000,0x00000000d6c80000,0x00000000d6f00000)
 ParOldGen       total 68608K, used 53414K [0x0000000080000000, 0x0000000084300000, 0x00000000d5580000)
  object space 68608K, 77% used [0x0000000080000000,0x0000000083429a98,0x0000000084300000)
 Metaspace       used 66516K, committed 67968K, reserved 1114112K
  class space    used 8131K, committed 8768K, reserved 1048576K
}
Event: 92.332 GC heap before
{Heap before GC invocations=57 (full 3):
 PSYoungGen      total 23552K, used 23104K [0x00000000d5580000, 0x00000000d6f00000, 0x0000000100000000)
  eden space 20992K, 100% used [0x00000000d5580000,0x00000000d6a00000,0x00000000d6a00000)
  from space 2560K, 82% used [0x00000000d6a00000,0x00000000d6c10010,0x00000000d6c80000)
  to   space 2560K, 0% used [0x00000000d6c80000,0x00000000d6c80000,0x00000000d6f00000)
 ParOldGen       total 68608K, used 53414K [0x0000000080000000, 0x0000000084300000, 0x00000000d5580000)
  object space 68608K, 77% used [0x0000000080000000,0x0000000083429a98,0x0000000084300000)
 Metaspace       used 66716K, committed 68160K, reserved 1114112K
  class space    used 8142K, committed 8768K, reserved 1048576K
}
Event: 92.335 GC heap after
{Heap after GC invocations=57 (full 3):
 PSYoungGen      total 23552K, used 2024K [0x00000000d5580000, 0x00000000d6f00000, 0x0000000100000000)
  eden space 20992K, 0% used [0x00000000d5580000,0x00000000d5580000,0x00000000d6a00000)
  from space 2560K, 79% used [0x00000000d6c80000,0x00000000d6e7a3c0,0x00000000d6f00000)
  to   space 2560K, 0% used [0x00000000d6a00000,0x00000000d6a00000,0x00000000d6c80000)
 ParOldGen       total 68608K, used 55398K [0x0000000080000000, 0x0000000084300000, 0x00000000d5580000)
  object space 68608K, 80% used [0x0000000080000000,0x0000000083619aa8,0x0000000084300000)
 Metaspace       used 66716K, committed 68160K, reserved 1114112K
  class space    used 8142K, committed 8768K, reserved 1048576K
}

Dll operation events (15 events):
Event: 0.163 Loaded shared library c:\Users\hlchy\.vscode\extensions\redhat.java-1.43.2025060608-win32-x64\jre\21.0.7-win32-x86_64\bin\java.dll
Event: 0.309 Loaded shared library c:\Users\hlchy\.vscode\extensions\redhat.java-1.43.2025060608-win32-x64\jre\21.0.7-win32-x86_64\bin\zip.dll
Event: 0.344 Loaded shared library C:\Users\hlchy\.vscode\extensions\redhat.java-1.43.2025060608-win32-x64\jre\21.0.7-win32-x86_64\bin\instrument.dll
Event: 0.466 Loaded shared library C:\Users\hlchy\.vscode\extensions\redhat.java-1.43.2025060608-win32-x64\jre\21.0.7-win32-x86_64\bin\net.dll
Event: 0.476 Loaded shared library C:\Users\hlchy\.vscode\extensions\redhat.java-1.43.2025060608-win32-x64\jre\21.0.7-win32-x86_64\bin\nio.dll
Event: 0.482 Loaded shared library C:\Users\hlchy\.vscode\extensions\redhat.java-1.43.2025060608-win32-x64\jre\21.0.7-win32-x86_64\bin\zip.dll
Event: 0.508 Loaded shared library C:\Users\hlchy\.vscode\extensions\redhat.java-1.43.2025060608-win32-x64\jre\21.0.7-win32-x86_64\bin\jimage.dll
Event: 0.643 Loaded shared library c:\Users\hlchy\.vscode\extensions\redhat.java-1.43.2025060608-win32-x64\jre\21.0.7-win32-x86_64\bin\verify.dll
Event: 2.044 Loaded shared library C:\Users\hlchy\AppData\Roaming\Code\User\globalStorage\redhat.java\1.43.2025060608\config_win\org.eclipse.equinox.launcher\org.eclipse.equinox.launcher.win32.win32.x86_64_1.2.1300.v20250331-1702\eclipse_11911.dll
Event: 15.156 Loaded shared library C:\Users\hlchy\AppData\Local\Temp\jna-99362096\jna13267354435707671119.dll
Event: 18.030 Loaded shared library C:\Users\hlchy\.gradle\native\c067742578af261105cb4f569cf0c3c89f3d7b1fecec35dd04571415982c5e48\windows-amd64\native-platform.dll
Event: 21.186 Loaded shared library C:\Users\hlchy\.vscode\extensions\redhat.java-1.43.2025060608-win32-x64\jre\21.0.7-win32-x86_64\bin\management.dll
Event: 21.194 Loaded shared library C:\Users\hlchy\.vscode\extensions\redhat.java-1.43.2025060608-win32-x64\jre\21.0.7-win32-x86_64\bin\management_ext.dll
Event: 27.498 Loaded shared library C:\Users\hlchy\.vscode\extensions\redhat.java-1.43.2025060608-win32-x64\jre\21.0.7-win32-x86_64\bin\extnet.dll
Event: 38.927 Loaded shared library C:\Users\hlchy\.vscode\extensions\redhat.java-1.43.2025060608-win32-x64\jre\21.0.7-win32-x86_64\bin\sunmscapi.dll

Deoptimization events (20 events):
Event: 97.098 Thread 0x000001f4f2cf4930 Uncommon trap: trap_request=0xffffffde fr.pc=0x000001f4df530944 relative=0x00000000000004e4
Event: 97.098 Thread 0x000001f4f2cf4930 Uncommon trap: reason=class_check action=maybe_recompile pc=0x000001f4df530944 method=java.util.AbstractMap.hashCode()I @ 3 c2
Event: 97.098 Thread 0x000001f4f2cf4930 DEOPT PACKING pc=0x000001f4df530944 sp=0x000000a2daafeab0
Event: 97.098 Thread 0x000001f4f2cf4930 DEOPT UNPACKING pc=0x000001f4de9e3aa2 sp=0x000000a2daafea58 mode 2
Event: 97.143 Thread 0x000001f4f678ef20 Uncommon trap: trap_request=0xffffff45 fr.pc=0x000001f4df28a2e8 relative=0x0000000000000388
Event: 97.143 Thread 0x000001f4f678ef20 Uncommon trap: reason=unstable_if action=reinterpret pc=0x000001f4df28a2e8 method=java.net.URI.equalIgnoringCase(Ljava/lang/String;Ljava/lang/String;)Z @ 8 c2
Event: 97.143 Thread 0x000001f4f678ef20 DEOPT PACKING pc=0x000001f4df28a2e8 sp=0x000000a2dcefe1d0
Event: 97.144 Thread 0x000001f4f678ef20 DEOPT UNPACKING pc=0x000001f4de9e3aa2 sp=0x000000a2dcefe170 mode 2
Event: 97.144 Thread 0x000001f4f678ef20 Uncommon trap: trap_request=0xffffff45 fr.pc=0x000001f4df4fafb4 relative=0x0000000000000e74
Event: 97.144 Thread 0x000001f4f678ef20 Uncommon trap: reason=unstable_if action=reinterpret pc=0x000001f4df4fafb4 method=java.net.URI.decode(Ljava/lang/String;Z)Ljava/lang/String; @ 12 c2
Event: 97.144 Thread 0x000001f4f678ef20 DEOPT PACKING pc=0x000001f4df4fafb4 sp=0x000000a2dcefe180
Event: 97.144 Thread 0x000001f4f678ef20 DEOPT UNPACKING pc=0x000001f4de9e3aa2 sp=0x000000a2dcefe138 mode 2
Event: 97.178 Thread 0x000001f4f678ef20 Uncommon trap: trap_request=0xffffffde fr.pc=0x000001f4df530944 relative=0x00000000000004e4
Event: 97.178 Thread 0x000001f4f678ef20 Uncommon trap: reason=class_check action=maybe_recompile pc=0x000001f4df530944 method=java.util.AbstractMap.hashCode()I @ 3 c2
Event: 97.178 Thread 0x000001f4f678ef20 DEOPT PACKING pc=0x000001f4df530944 sp=0x000000a2dcefe180
Event: 97.178 Thread 0x000001f4f678ef20 DEOPT UNPACKING pc=0x000001f4de9e3aa2 sp=0x000000a2dcefe128 mode 2
Event: 97.180 Thread 0x000001f4f678ef20 Uncommon trap: trap_request=0xffffffde fr.pc=0x000001f4df530944 relative=0x00000000000004e4
Event: 97.180 Thread 0x000001f4f678ef20 Uncommon trap: reason=class_check action=maybe_recompile pc=0x000001f4df530944 method=java.util.AbstractMap.hashCode()I @ 3 c2
Event: 97.180 Thread 0x000001f4f678ef20 DEOPT PACKING pc=0x000001f4df530944 sp=0x000000a2dcefe1c0
Event: 97.180 Thread 0x000001f4f678ef20 DEOPT UNPACKING pc=0x000001f4de9e3aa2 sp=0x000000a2dcefe168 mode 2

Classes loaded (20 events):
Event: 91.698 Loading class jdk/internal/jrtfs/JrtPath
Event: 91.698 Loading class jdk/internal/jrtfs/JrtPath done
Event: 91.698 Loading class jdk/internal/jimage/ImageReader$Node
Event: 91.698 Loading class jdk/internal/jimage/ImageReader$Node done
Event: 91.708 Loading class java/nio/ByteBufferAsIntBufferL
Event: 91.709 Loading class java/nio/ByteBufferAsIntBufferL done
Event: 91.713 Loading class jdk/internal/jimage/ImageReader$Directory
Event: 91.714 Loading class jdk/internal/jimage/ImageReader$Directory done
Event: 91.952 Loading class java/nio/channels/Channels$ReadableByteChannelImpl
Event: 91.953 Loading class java/nio/channels/Channels$ReadableByteChannelImpl done
Event: 91.954 Loading class java/nio/channels/NonWritableChannelException
Event: 91.954 Loading class java/nio/channels/NonWritableChannelException done
Event: 92.662 Loading class java/io/SequenceInputStream
Event: 92.663 Loading class java/io/SequenceInputStream done
Event: 96.994 Loading class java/util/concurrent/CompletableFuture$UniApply
Event: 96.995 Loading class java/util/concurrent/CompletableFuture$UniApply done
Event: 96.996 Loading class java/util/concurrent/CompletableFuture$UniExceptionally
Event: 96.997 Loading class java/util/concurrent/CompletableFuture$UniExceptionally done
Event: 97.032 Loading class java/util/Hashtable$KeySet
Event: 97.033 Loading class java/util/Hashtable$KeySet done

Classes unloaded (18 events):
Event: 15.886 Thread 0x000001f4d42e4140 Unloading class 0x000001f4811a5400 'java/lang/invoke/LambdaForm$MH+0x000001f4811a5400'
Event: 15.886 Thread 0x000001f4d42e4140 Unloading class 0x000001f4811a5000 'java/lang/invoke/LambdaForm$MH+0x000001f4811a5000'
Event: 15.886 Thread 0x000001f4d42e4140 Unloading class 0x000001f4811a4c00 'java/lang/invoke/LambdaForm$MH+0x000001f4811a4c00'
Event: 15.886 Thread 0x000001f4d42e4140 Unloading class 0x000001f4811a4800 'java/lang/invoke/LambdaForm$MH+0x000001f4811a4800'
Event: 15.886 Thread 0x000001f4d42e4140 Unloading class 0x000001f4811a4400 'java/lang/invoke/LambdaForm$BMH+0x000001f4811a4400'
Event: 15.886 Thread 0x000001f4d42e4140 Unloading class 0x000001f4811a4000 'java/lang/invoke/LambdaForm$DMH+0x000001f4811a4000'
Event: 15.886 Thread 0x000001f4d42e4140 Unloading class 0x000001f4811a2c00 'java/lang/invoke/LambdaForm$DMH+0x000001f4811a2c00'
Event: 17.008 Thread 0x000001f4d42e4140 Unloading class 0x000001f4813b3400 'java/lang/invoke/LambdaForm$MH+0x000001f4813b3400'
Event: 17.008 Thread 0x000001f4d42e4140 Unloading class 0x000001f4813b2c00 'java/lang/invoke/LambdaForm$MH+0x000001f4813b2c00'
Event: 17.008 Thread 0x000001f4d42e4140 Unloading class 0x000001f4813b2400 'java/lang/invoke/LambdaForm$MH+0x000001f4813b2400'
Event: 17.008 Thread 0x000001f4d42e4140 Unloading class 0x000001f4813b1800 'java/lang/invoke/LambdaForm$MH+0x000001f4813b1800'
Event: 17.008 Thread 0x000001f4d42e4140 Unloading class 0x000001f4813b1400 'java/lang/invoke/LambdaForm$DMH+0x000001f4813b1400'
Event: 17.008 Thread 0x000001f4d42e4140 Unloading class 0x000001f4813b0800 'java/lang/invoke/LambdaForm$MH+0x000001f4813b0800'
Event: 17.008 Thread 0x000001f4d42e4140 Unloading class 0x000001f4813a9400 'java/lang/invoke/LambdaForm$MH+0x000001f4813a9400'
Event: 17.008 Thread 0x000001f4d42e4140 Unloading class 0x000001f4813a8800 'java/lang/invoke/LambdaForm$MH+0x000001f4813a8800'
Event: 17.008 Thread 0x000001f4d42e4140 Unloading class 0x000001f4813a8000 'java/lang/invoke/LambdaForm$MH+0x000001f4813a8000'
Event: 17.008 Thread 0x000001f4d42e4140 Unloading class 0x000001f4813a5800 'java/lang/invoke/LambdaForm$MH+0x000001f4813a5800'
Event: 17.008 Thread 0x000001f4d42e4140 Unloading class 0x000001f4813a5000 'java/lang/invoke/LambdaForm$MH+0x000001f4813a5000'

Classes redefined (0 events):
No events

Internal exceptions (20 events):
Event: 92.629 Thread 0x000001f4f2cf2860 Exception <a 'java/lang/NoSuchMethodError'{0x00000000d567cea8}: 'java.lang.Object java.lang.invoke.DirectMethodHandle$Holder.invokeStatic(java.lang.Object, java.lang.Object, int, java.lang.Object)'> (0x00000000d567cea8) 
thrown [s\src\hotspot\share\interpreter\linkResolver.cpp, line 773]
Event: 92.700 Thread 0x000001f4f2cf2860 Exception <a 'java/io/FileNotFoundException'{0x00000000d58e3e08}> (0x00000000d58e3e08) 
thrown [s\src\hotspot\share\prims\jni.cpp, line 520]
Event: 92.701 Thread 0x000001f4f2cf2860 Exception <a 'java/io/FileNotFoundException'{0x00000000d58e4e40}> (0x00000000d58e4e40) 
thrown [s\src\hotspot\share\prims\jni.cpp, line 520]
Event: 96.892 Thread 0x000001f4f6792a30 Implicit null exception at 0x000001f4df5ff9d6 to 0x000001f4df6042c8
Event: 96.986 Thread 0x000001f4f4bf7120 Exception <a 'java/lang/IncompatibleClassChangeError'{0x00000000d5a0fcf8}: Found class java.lang.Object, but interface was expected> (0x00000000d5a0fcf8) 
thrown [s\src\hotspot\share\interpreter\linkResolver.cpp, line 840]
Event: 97.061 Thread 0x000001f4f2cf4930 Exception <a 'sun/nio/fs/WindowsException'{0x00000000d5bd0d30}> (0x00000000d5bd0d30) 
thrown [s\src\hotspot\share\prims\jni.cpp, line 520]
Event: 97.061 Thread 0x000001f4f2cf4930 Exception <a 'sun/nio/fs/WindowsException'{0x00000000d5bd1360}> (0x00000000d5bd1360) 
thrown [s\src\hotspot\share\prims\jni.cpp, line 520]
Event: 97.062 Thread 0x000001f4f2cf4930 Exception <a 'sun/nio/fs/WindowsException'{0x00000000d5bd1df8}> (0x00000000d5bd1df8) 
thrown [s\src\hotspot\share\prims\jni.cpp, line 520]
Event: 97.062 Thread 0x000001f4f2cf4930 Exception <a 'sun/nio/fs/WindowsException'{0x00000000d5bd2428}> (0x00000000d5bd2428) 
thrown [s\src\hotspot\share\prims\jni.cpp, line 520]
Event: 97.067 Thread 0x000001f4f2cf4930 Exception <a 'java/io/FileNotFoundException'{0x00000000d5be9990}> (0x00000000d5be9990) 
thrown [s\src\hotspot\share\prims\jni.cpp, line 520]
Event: 97.067 Thread 0x000001f4f2cf4930 Exception <a 'java/io/FileNotFoundException'{0x00000000d5bea730}> (0x00000000d5bea730) 
thrown [s\src\hotspot\share\prims\jni.cpp, line 520]
Event: 97.082 Thread 0x000001f4f2cf4930 Exception <a 'sun/nio/fs/WindowsException'{0x00000000d5c52a90}> (0x00000000d5c52a90) 
thrown [s\src\hotspot\share\prims\jni.cpp, line 520]
Event: 97.082 Thread 0x000001f4f2cf4930 Exception <a 'sun/nio/fs/WindowsException'{0x00000000d5c530c0}> (0x00000000d5c530c0) 
thrown [s\src\hotspot\share\prims\jni.cpp, line 520]
Event: 97.143 Thread 0x000001f4f678ef20 Implicit null exception at 0x000001f4df289f8d to 0x000001f4df28a2d8
Event: 97.166 Thread 0x000001f4f678ef20 Exception <a 'sun/nio/fs/WindowsException'{0x00000000d5cd5418}> (0x00000000d5cd5418) 
thrown [s\src\hotspot\share\prims\jni.cpp, line 520]
Event: 97.167 Thread 0x000001f4f678ef20 Exception <a 'sun/nio/fs/WindowsException'{0x00000000d5cd5d18}> (0x00000000d5cd5d18) 
thrown [s\src\hotspot\share\prims\jni.cpp, line 520]
Event: 97.168 Thread 0x000001f4f678ef20 Exception <a 'sun/nio/fs/WindowsException'{0x00000000d5cd6a60}> (0x00000000d5cd6a60) 
thrown [s\src\hotspot\share\prims\jni.cpp, line 520]
Event: 97.169 Thread 0x000001f4f678ef20 Exception <a 'sun/nio/fs/WindowsException'{0x00000000d5cd7340}> (0x00000000d5cd7340) 
thrown [s\src\hotspot\share\prims\jni.cpp, line 520]
Event: 97.170 Thread 0x000001f4f678ef20 Exception <a 'sun/nio/fs/WindowsException'{0x00000000d5cd8a18}> (0x00000000d5cd8a18) 
thrown [s\src\hotspot\share\prims\jni.cpp, line 520]
Event: 97.170 Thread 0x000001f4f678ef20 Exception <a 'sun/nio/fs/WindowsException'{0x00000000d5cd9580}> (0x00000000d5cd9580) 
thrown [s\src\hotspot\share\prims\jni.cpp, line 520]

ZGC Phase Switch (0 events):
No events

VM Operations (20 events):
Event: 91.971 Executing VM operation: ParallelGCFailedAllocation (Allocation Failure)
Event: 91.975 Executing VM operation: ParallelGCFailedAllocation (Allocation Failure) done
Event: 92.018 Executing VM operation: ParallelGCFailedAllocation (Allocation Failure)
Event: 92.020 Executing VM operation: ParallelGCFailedAllocation (Allocation Failure) done
Event: 92.077 Executing VM operation: ParallelGCFailedAllocation (Allocation Failure)
Event: 92.080 Executing VM operation: ParallelGCFailedAllocation (Allocation Failure) done
Event: 92.127 Executing VM operation: ParallelGCFailedAllocation (Allocation Failure)
Event: 92.129 Executing VM operation: ParallelGCFailedAllocation (Allocation Failure) done
Event: 92.215 Executing VM operation: ParallelGCFailedAllocation (Allocation Failure)
Event: 92.218 Executing VM operation: ParallelGCFailedAllocation (Allocation Failure) done
Event: 92.327 Executing VM operation: HandshakeAllThreads (Deoptimize)
Event: 92.327 Executing VM operation: HandshakeAllThreads (Deoptimize) done
Event: 92.332 Executing VM operation: ParallelGCFailedAllocation (Allocation Failure)
Event: 92.335 Executing VM operation: ParallelGCFailedAllocation (Allocation Failure) done
Event: 94.336 Executing VM operation: Cleanup
Event: 94.336 Executing VM operation: Cleanup done
Event: 96.336 Executing VM operation: Cleanup
Event: 96.336 Executing VM operation: Cleanup done
Event: 97.336 Executing VM operation: Cleanup
Event: 97.336 Executing VM operation: Cleanup done

Memory protections (0 events):
No events

Nmethod flushes (20 events):
Event: 24.293 Thread 0x000001f4d42e4140 flushing  nmethod 0x000001f4d7ec2d10
Event: 24.293 Thread 0x000001f4d42e4140 flushing  nmethod 0x000001f4d7ec3410
Event: 24.293 Thread 0x000001f4d42e4140 flushing  nmethod 0x000001f4d7ec3a10
Event: 24.293 Thread 0x000001f4d42e4140 flushing  nmethod 0x000001f4d7ec4990
Event: 24.293 Thread 0x000001f4d42e4140 flushing  nmethod 0x000001f4d7ec5210
Event: 24.293 Thread 0x000001f4d42e4140 flushing  nmethod 0x000001f4d7ec7110
Event: 24.293 Thread 0x000001f4d42e4140 flushing  nmethod 0x000001f4d7ecad10
Event: 24.293 Thread 0x000001f4d42e4140 flushing  nmethod 0x000001f4d7ed6690
Event: 24.293 Thread 0x000001f4d42e4140 flushing  nmethod 0x000001f4d7f07b90
Event: 24.293 Thread 0x000001f4d42e4140 flushing  nmethod 0x000001f4d7f1e510
Event: 24.293 Thread 0x000001f4d42e4140 flushing  nmethod 0x000001f4d7f4c290
Event: 24.293 Thread 0x000001f4d42e4140 flushing  nmethod 0x000001f4d7f4cc90
Event: 24.293 Thread 0x000001f4d42e4140 flushing  nmethod 0x000001f4d7f4e790
Event: 24.293 Thread 0x000001f4d42e4140 flushing  nmethod 0x000001f4d7f50090
Event: 24.293 Thread 0x000001f4d42e4140 flushing  nmethod 0x000001f4d7f50510
Event: 24.293 Thread 0x000001f4d42e4140 flushing  nmethod 0x000001f4d7f50d90
Event: 24.293 Thread 0x000001f4d42e4140 flushing  nmethod 0x000001f4d7f51790
Event: 24.293 Thread 0x000001f4d42e4140 flushing  nmethod 0x000001f4d7f5d690
Event: 24.294 Thread 0x000001f4d42e4140 flushing  nmethod 0x000001f4d7f6e290
Event: 24.294 Thread 0x000001f4d42e4140 flushing  nmethod 0x000001f4d7f86990

Events (20 events):
Event: 91.722 Thread 0x000001f4ec0b7b50 Thread added: 0x000001f4f32bd760
Event: 91.722 Thread 0x000001f4ec0b7b50 Thread added: 0x000001f4f49c84e0
Event: 91.727 Thread 0x000001f4ec0b7b50 Thread added: 0x000001f4f49c9950
Event: 91.729 Thread 0x000001f4f49c84e0 Thread added: 0x000001f4f49cadc0
Event: 91.733 Thread 0x000001f4f49cadc0 Thread added: 0x000001f4f49c9280
Event: 91.823 Thread 0x000001f4ec0b7b50 Thread added: 0x000001f4f49ca020
Event: 92.608 Thread 0x000001f4f49ca020 Thread exited: 0x000001f4f49ca020
Event: 92.608 Thread 0x000001f4f49c9280 Thread exited: 0x000001f4f49c9280
Event: 92.609 Thread 0x000001f4f49cadc0 Thread exited: 0x000001f4f49cadc0
Event: 92.612 Thread 0x000001f4f6791d10 Thread added: 0x000001f4f2cf14b0
Event: 92.673 Thread 0x000001f4d440d950 Thread added: 0x000001f4f49ca020
Event: 95.805 Thread 0x000001f4f2cf0e20 Thread exited: 0x000001f4f2cf0e20
Event: 95.805 Thread 0x000001f4f4bf3ca0 Thread exited: 0x000001f4f4bf3ca0
Event: 95.807 Thread 0x000001f4f49c9950 Thread exited: 0x000001f4f49c9950
Event: 95.807 Thread 0x000001f4f49ca020 Thread exited: 0x000001f4f49ca020
Event: 95.808 Thread 0x000001f4f49c84e0 Thread exited: 0x000001f4f49c84e0
Event: 96.575 Thread 0x000001f4f32bd760 Thread exited: 0x000001f4f32bd760
Event: 96.998 Thread 0x000001f4f4bf7120 Thread added: 0x000001f4f2cf0e20
Event: 97.153 Thread 0x000001f4ec0b7b50 Thread added: 0x000001f4f32bd760
Event: 99.283 Thread 0x000001f4f32bd760 Thread exited: 0x000001f4f32bd760


Dynamic libraries:
0x00007ff64f270000 - 0x00007ff64f27e000 	c:\Users\hlchy\.vscode\extensions\redhat.java-1.43.2025060608-win32-x64\jre\21.0.7-win32-x86_64\bin\java.exe
0x00007ffaa53c0000 - 0x00007ffaa5625000 	C:\WINDOWS\SYSTEM32\ntdll.dll
0x00007ffaa4f50000 - 0x00007ffaa5019000 	C:\WINDOWS\System32\KERNEL32.DLL
0x00007ffaa2510000 - 0x00007ffaa28f8000 	C:\WINDOWS\System32\KERNELBASE.dll
0x00007ffaa3010000 - 0x00007ffaa315b000 	C:\WINDOWS\System32\ucrtbase.dll
0x00007ffa6f7a0000 - 0x00007ffa6f7b8000 	c:\Users\hlchy\.vscode\extensions\redhat.java-1.43.2025060608-win32-x64\jre\21.0.7-win32-x86_64\bin\jli.dll
0x00007ffaa4850000 - 0x00007ffaa4a1a000 	C:\WINDOWS\System32\USER32.dll
0x00007ffaa2f30000 - 0x00007ffaa2f57000 	C:\WINDOWS\System32\win32u.dll
0x00007ffaa3710000 - 0x00007ffaa373b000 	C:\WINDOWS\System32\GDI32.dll
0x00007ffaa2bd0000 - 0x00007ffaa2d07000 	C:\WINDOWS\System32\gdi32full.dll
0x00007ffaa2f60000 - 0x00007ffaa3003000 	C:\WINDOWS\System32\msvcp_win.dll
0x00007ffa6f7c0000 - 0x00007ffa6f7de000 	c:\Users\hlchy\.vscode\extensions\redhat.java-1.43.2025060608-win32-x64\jre\21.0.7-win32-x86_64\bin\VCRUNTIME140.dll
0x00007ffa872d0000 - 0x00007ffa8756a000 	C:\WINDOWS\WinSxS\amd64_microsoft.windows.common-controls_6595b64144ccf1df_6.0.26100.4202_none_3e0698d4e335f517\COMCTL32.dll
0x00007ffaa3c80000 - 0x00007ffaa3d29000 	C:\WINDOWS\System32\msvcrt.dll
0x00007ffaa50f0000 - 0x00007ffaa5120000 	C:\WINDOWS\System32\IMM32.DLL
0x00007ffa7cc00000 - 0x00007ffa7cc0c000 	c:\Users\hlchy\.vscode\extensions\redhat.java-1.43.2025060608-win32-x64\jre\21.0.7-win32-x86_64\bin\vcruntime140_1.dll
0x00007ffa227c0000 - 0x00007ffa2284d000 	c:\Users\hlchy\.vscode\extensions\redhat.java-1.43.2025060608-win32-x64\jre\21.0.7-win32-x86_64\bin\msvcp140.dll
0x00007ffa10780000 - 0x00007ffa11510000 	c:\Users\hlchy\.vscode\extensions\redhat.java-1.43.2025060608-win32-x64\jre\21.0.7-win32-x86_64\bin\server\jvm.dll
0x00007ffaa5020000 - 0x00007ffaa50d3000 	C:\WINDOWS\System32\ADVAPI32.dll
0x00007ffaa3b50000 - 0x00007ffaa3bf6000 	C:\WINDOWS\System32\sechost.dll
0x00007ffaa3740000 - 0x00007ffaa3855000 	C:\WINDOWS\System32\RPCRT4.dll
0x00007ffaa3c00000 - 0x00007ffaa3c74000 	C:\WINDOWS\System32\WS2_32.dll
0x00007ffa99160000 - 0x00007ffa99195000 	C:\WINDOWS\SYSTEM32\WINMM.dll
0x00007ffaa2360000 - 0x00007ffaa23be000 	C:\WINDOWS\SYSTEM32\POWRPROF.dll
0x00007ffa9a630000 - 0x00007ffa9a63b000 	C:\WINDOWS\SYSTEM32\VERSION.dll
0x00007ffaa2340000 - 0x00007ffaa2354000 	C:\WINDOWS\SYSTEM32\UMPDC.dll
0x00007ffaa1290000 - 0x00007ffaa12ab000 	C:\WINDOWS\SYSTEM32\kernel.appcore.dll
0x00007ffa7c420000 - 0x00007ffa7c42a000 	c:\Users\hlchy\.vscode\extensions\redhat.java-1.43.2025060608-win32-x64\jre\21.0.7-win32-x86_64\bin\jimage.dll
0x00007ffa9fcc0000 - 0x00007ffa9ff01000 	C:\WINDOWS\SYSTEM32\DBGHELP.DLL
0x00007ffaa4a20000 - 0x00007ffaa4da5000 	C:\WINDOWS\System32\combase.dll
0x00007ffaa4760000 - 0x00007ffaa4841000 	C:\WINDOWS\System32\OLEAUT32.dll
0x00007ffa7a630000 - 0x00007ffa7a669000 	C:\WINDOWS\SYSTEM32\dbgcore.DLL
0x00007ffaa2e90000 - 0x00007ffaa2f29000 	C:\WINDOWS\System32\bcryptPrimitives.dll
0x00007ffa7ab70000 - 0x00007ffa7ab7f000 	c:\Users\hlchy\.vscode\extensions\redhat.java-1.43.2025060608-win32-x64\jre\21.0.7-win32-x86_64\bin\instrument.dll
0x00007ffa64340000 - 0x00007ffa6435f000 	c:\Users\hlchy\.vscode\extensions\redhat.java-1.43.2025060608-win32-x64\jre\21.0.7-win32-x86_64\bin\java.dll
0x00007ffaa3d30000 - 0x00007ffaa4472000 	C:\WINDOWS\System32\SHELL32.dll
0x00007ffaa2900000 - 0x00007ffaa2a74000 	C:\WINDOWS\System32\wintypes.dll
0x00007ffaa0130000 - 0x00007ffaa0987000 	C:\WINDOWS\SYSTEM32\windows.storage.dll
0x00007ffaa51b0000 - 0x00007ffaa52a1000 	C:\WINDOWS\System32\SHCORE.dll
0x00007ffaa35f0000 - 0x00007ffaa365a000 	C:\WINDOWS\System32\shlwapi.dll
0x00007ffaa2420000 - 0x00007ffaa244f000 	C:\WINDOWS\SYSTEM32\profapi.dll
0x00007ffa62dc0000 - 0x00007ffa62dd8000 	c:\Users\hlchy\.vscode\extensions\redhat.java-1.43.2025060608-win32-x64\jre\21.0.7-win32-x86_64\bin\zip.dll
0x00007ffa7c320000 - 0x00007ffa7c330000 	C:\Users\hlchy\.vscode\extensions\redhat.java-1.43.2025060608-win32-x64\jre\21.0.7-win32-x86_64\bin\net.dll
0x00007ffa9bba0000 - 0x00007ffa9bcbe000 	C:\WINDOWS\SYSTEM32\WINHTTP.dll
0x00007ffaa17e0000 - 0x00007ffaa184a000 	C:\WINDOWS\system32\mswsock.dll
0x00007ffa62bf0000 - 0x00007ffa62c06000 	C:\Users\hlchy\.vscode\extensions\redhat.java-1.43.2025060608-win32-x64\jre\21.0.7-win32-x86_64\bin\nio.dll
0x00007ffa7ab20000 - 0x00007ffa7ab30000 	c:\Users\hlchy\.vscode\extensions\redhat.java-1.43.2025060608-win32-x64\jre\21.0.7-win32-x86_64\bin\verify.dll
0x00007ffa29c40000 - 0x00007ffa29c85000 	C:\Users\hlchy\AppData\Roaming\Code\User\globalStorage\redhat.java\1.43.2025060608\config_win\org.eclipse.equinox.launcher\org.eclipse.equinox.launcher.win32.win32.x86_64_1.2.1300.v20250331-1702\eclipse_11911.dll
0x00007ffaa44e0000 - 0x00007ffaa467e000 	C:\WINDOWS\System32\ole32.dll
0x00007ffaa1bc0000 - 0x00007ffaa1bdb000 	C:\WINDOWS\SYSTEM32\CRYPTSP.dll
0x00007ffaa11f0000 - 0x00007ffaa122a000 	C:\WINDOWS\system32\rsaenh.dll
0x00007ffaa1880000 - 0x00007ffaa18ab000 	C:\WINDOWS\SYSTEM32\USERENV.dll
0x00007ffaa23f0000 - 0x00007ffaa2416000 	C:\WINDOWS\SYSTEM32\bcrypt.dll
0x00007ffaa1a20000 - 0x00007ffaa1a2c000 	C:\WINDOWS\SYSTEM32\CRYPTBASE.dll
0x00007ffaa0ca0000 - 0x00007ffaa0cd3000 	C:\WINDOWS\SYSTEM32\IPHLPAPI.DLL
0x00007ffaa50e0000 - 0x00007ffaa50ea000 	C:\WINDOWS\System32\NSI.dll
0x00007ffa6f690000 - 0x00007ffa6f6d9000 	C:\Users\hlchy\AppData\Local\Temp\jna-99362096\jna13267354435707671119.dll
0x00007ffaa4720000 - 0x00007ffaa4728000 	C:\WINDOWS\System32\PSAPI.DLL
0x00007ffa9bf60000 - 0x00007ffa9bf7f000 	C:\WINDOWS\SYSTEM32\dhcpcsvc6.DLL
0x00007ffa9bd70000 - 0x00007ffa9bd95000 	C:\WINDOWS\SYSTEM32\dhcpcsvc.DLL
0x00007ffa6f3a0000 - 0x00007ffa6f3c7000 	C:\Users\hlchy\.gradle\native\c067742578af261105cb4f569cf0c3c89f3d7b1fecec35dd04571415982c5e48\windows-amd64\native-platform.dll
0x00007ffa7bac0000 - 0x00007ffa7baca000 	C:\Users\hlchy\.vscode\extensions\redhat.java-1.43.2025060608-win32-x64\jre\21.0.7-win32-x86_64\bin\management.dll
0x00007ffa7ba30000 - 0x00007ffa7ba3b000 	C:\Users\hlchy\.vscode\extensions\redhat.java-1.43.2025060608-win32-x64\jre\21.0.7-win32-x86_64\bin\management_ext.dll
0x00007ffa7ab30000 - 0x00007ffa7ab39000 	C:\Users\hlchy\.vscode\extensions\redhat.java-1.43.2025060608-win32-x64\jre\21.0.7-win32-x86_64\bin\extnet.dll
0x00007ffa7ab00000 - 0x00007ffa7ab0e000 	C:\Users\hlchy\.vscode\extensions\redhat.java-1.43.2025060608-win32-x64\jre\21.0.7-win32-x86_64\bin\sunmscapi.dll
0x00007ffaa2d10000 - 0x00007ffaa2e87000 	C:\WINDOWS\System32\CRYPT32.dll
0x00007ffaa1d10000 - 0x00007ffaa1d40000 	C:\WINDOWS\SYSTEM32\ncrypt.dll
0x00007ffaa1cc0000 - 0x00007ffaa1cff000 	C:\WINDOWS\SYSTEM32\NTASN1.dll
0x00007ffa9f0a0000 - 0x00007ffa9f0a8000 	C:\WINDOWS\system32\wshunix.dll

dbghelp: loaded successfully - version: 4.0.5 - missing functions: none
symbol engine: initialized successfully - sym options: 0x614 - pdb path: .;c:\Users\hlchy\.vscode\extensions\redhat.java-1.43.2025060608-win32-x64\jre\21.0.7-win32-x86_64\bin;C:\WINDOWS\SYSTEM32;C:\WINDOWS\WinSxS\amd64_microsoft.windows.common-controls_6595b64144ccf1df_6.0.26100.4202_none_3e0698d4e335f517;c:\Users\hlchy\.vscode\extensions\redhat.java-1.43.2025060608-win32-x64\jre\21.0.7-win32-x86_64\bin\server;C:\Users\hlchy\AppData\Roaming\Code\User\globalStorage\redhat.java\1.43.2025060608\config_win\org.eclipse.equinox.launcher\org.eclipse.equinox.launcher.win32.win32.x86_64_1.2.1300.v20250331-1702;C:\Users\hlchy\AppData\Local\Temp\jna-99362096;C:\Users\hlchy\.gradle\native\c067742578af261105cb4f569cf0c3c89f3d7b1fecec35dd04571415982c5e48\windows-amd64

VM Arguments:
jvm_args: --add-modules=ALL-SYSTEM --add-opens=java.base/java.util=ALL-UNNAMED --add-opens=java.base/java.lang=ALL-UNNAMED --add-opens=java.base/sun.nio.fs=ALL-UNNAMED -Declipse.application=org.eclipse.jdt.ls.core.id1 -Dosgi.bundles.defaultStartLevel=4 -Declipse.product=org.eclipse.jdt.ls.core.product -Djava.import.generatesMetadataFilesAtProjectRoot=false -DDetectVMInstallationsJob.disabled=true -Dfile.encoding=utf8 -XX:+UseParallelGC -XX:GCTimeRatio=4 -XX:AdaptiveSizePolicyWeight=90 -Dsun.zip.disableMemoryMapping=true -Xmx2G -Xms100m -Xlog:disable -javaagent:c:\Users\hlchy\.vscode\extensions\redhat.java-1.43.2025060608-win32-x64\lombok\lombok-1.18.36.jar -XX:+HeapDumpOnOutOfMemoryError -XX:HeapDumpPath=c:\Users\hlchy\AppData\Roaming\Code\User\workspaceStorage\fd9e1de10c08622e06fee4a1f2984d2a\redhat.java -Daether.dependencyCollector.impl=bf 
java_command: c:\Users\hlchy\.vscode\extensions\redhat.java-1.43.2025060608-win32-x64\server\plugins\org.eclipse.equinox.launcher_1.7.0.v20250519-0528.jar -configuration c:\Users\hlchy\AppData\Roaming\Code\User\globalStorage\redhat.java\1.43.2025060608\config_win -data c:\Users\hlchy\AppData\Roaming\Code\User\workspaceStorage\fd9e1de10c08622e06fee4a1f2984d2a\redhat.java\jdt_ws --pipe=\\.\pipe\lsp-a3cdf77db2c49230b9292cc3c30d5020-sock
java_class_path (initial): c:\Users\hlchy\.vscode\extensions\redhat.java-1.43.2025060608-win32-x64\server\plugins\org.eclipse.equinox.launcher_1.7.0.v20250519-0528.jar
Launcher Type: SUN_STANDARD

[Global flags]
    uintx AdaptiveSizePolicyWeight                 = 90                                        {product} {command line}
     intx CICompilerCount                          = 12                                        {product} {ergonomic}
    uintx GCTimeRatio                              = 4                                         {product} {command line}
     bool HeapDumpOnOutOfMemoryError               = true                                   {manageable} {command line}
    ccstr HeapDumpPath                             = c:\Users\hlchy\AppData\Roaming\Code\User\workspaceStorage\fd9e1de10c08622e06fee4a1f2984d2a\redhat.java         {manageable} {command line}
   size_t InitialHeapSize                          = 104857600                                 {product} {command line}
   size_t MaxHeapSize                              = 2147483648                                {product} {command line}
   size_t MaxNewSize                               = 715653120                                 {product} {ergonomic}
   size_t MinHeapDeltaBytes                        = 524288                                    {product} {ergonomic}
   size_t MinHeapSize                              = 104857600                                 {product} {command line}
   size_t NewSize                                  = 34603008                                  {product} {ergonomic}
    uintx NonNMethodCodeHeapSize                   = 7602480                                {pd product} {ergonomic}
    uintx NonProfiledCodeHeapSize                  = 122027880                              {pd product} {ergonomic}
   size_t OldSize                                  = 70254592                                  {product} {ergonomic}
    uintx ProfiledCodeHeapSize                     = 122027880                              {pd product} {ergonomic}
    uintx ReservedCodeCacheSize                    = 251658240                              {pd product} {ergonomic}
     bool SegmentedCodeCache                       = true                                      {product} {ergonomic}
   size_t SoftMaxHeapSize                          = 2147483648                             {manageable} {ergonomic}
     bool UseCompressedOops                        = true                           {product lp64_product} {ergonomic}
     bool UseLargePagesIndividualAllocation        = false                                  {pd product} {ergonomic}
     bool UseParallelGC                            = true                                      {product} {command line}

Logging:
Log output configuration:
 #0: stdout all=off uptime,level,tags foldmultilines=false
 #1: stderr all=off uptime,level,tags foldmultilines=false

Environment Variables:
JAVA_HOME=C:\Program Files\Java\jdk-23
PATH=C:\Program Files\Eclipse Adoptium\jdk-17.0.15.6-hotspot\bin;c:\Users\hlchy\AppData\Local\Programs\cursor\resources\app\bin;C:\Program Files\Google\Chrome\Application;C:\Program Files\Common Files\Oracle\Java\javapath;C:\Python312\Scripts\;C:\Python312\;C:\Windows\system32;C:\Windows;C:\Windows\System32\Wbem;C:\Windows\System32\WindowsPowerShell\v1.0\;C:\Windows\System32\OpenSSH\;C:\Program Files (x86)\NVIDIA Corporation\PhysX\Common;C:\Program Files\NVIDIA Corporation\NVIDIA NvDLISR;C:\WINDOWS\system32;C:\WINDOWS;C:\WINDOWS\System32\Wbem;C:\WINDOWS\System32\WindowsPowerShell\v1.0\;C:\WINDOWS\System32\OpenSSH\;C:\Program Files\Cloudflare\Cloudflare WARP\;C:\Program Files\nodejs\;C:\ProgramData\chocolatey\bin;C:\Program Files\Microsoft SQL Server\150\Tools\Binn\;C:\Program Files\Microsoft SQL Server\Client SDK\ODBC\170\Tools\Binn\;C:\Program Files\dotnet\;C:\Program Files\Git\cmd;C:\Program Files (x86)\Microsoft SQL Server\160\Tools\Binn\;C:\Program Files\Microsoft SQL Server\160\Tools\Binn\;C:\Program Files\Microsoft SQL Server\160\DTS\Binn\;C:\Users\hlchy\AppData\Loca;C:\Program Files (x86)\Microsoft SQL Server\160\DTS\Binn\;C:\Program Files\Java\jdk-23\bin;C:\Users\hlchy\Downloads\apache-tomcat-10.1.39-windows-x64\apache-tomcat-10.1.39\bin;C:\Program Files\Kubernetes\Minikube;C:\minikube;C:\Program Files\Docker\Docker\resources\bin;C:\WINDOWS\system32;C:\WINDOWS;C:\WINDOWS\System32\Wbem;C:\WINDOWS\System32\WindowsPowerShell\v1.0\;C:\WINDOWS\System32\OpenSSH\;C:\Users\hlchy\AppData\Local\Android\Sdk\platform-tools;C:\Users\hlchy\AppData\Local\Android\Sdk\tools;C:\Users\hlchy\AppData\Local\Microsoft\WindowsApps;C:\Users\hlchy\AppData\Local\Programs\oh-my-posh\bin;C:\Users\hlchy\AppData\Local\Programs\Microsoft VS Code\bin;C:\Users\hlchy\AppData\Local\Microsoft\WinGet\Packages\Schniz.fnm_Microsoft.Winget.Source_8wekyb3d8bbwe;C:\Users\hlchy\AppData\Roaming\npm;C:\Users\hlchy\.dotnet\tools;C:\Program Files\JetBrains\PyCharm 2024.3\bin;;D:\BaiTap\Cross Platform\flutter\bin;C:\Users\hlchy\AppData\Local\Programs\cursor\resources\app\bin;D:\IntelliJ IDEA 2024.3.4.1\bin;;C:\Users\hlchy\AppData\Local\GitHubDesktop\bin
USERNAME=hlchy
OS=Windows_NT
PROCESSOR_IDENTIFIER=AMD64 Family 25 Model 68 Stepping 1, AuthenticAMD
TMP=C:\Users\hlchy\AppData\Local\Temp
TEMP=C:\Users\hlchy\AppData\Local\Temp




Periodic native trim disabled

---------------  S Y S T E M  ---------------

OS:
 Windows 11 , 64 bit Build 26100 (10.0.26100.4202)
OS uptime: 0 days 6:45 hours
Hyper-V role detected

CPU: total 16 (initial active 16) (16 cores per cpu, 2 threads per core) family 25 model 68 stepping 1 microcode 0xa404102, cx8, cmov, fxsr, ht, mmx, 3dnowpref, sse, sse2, sse3, ssse3, sse4a, sse4.1, sse4.2, popcnt, lzcnt, tsc, tscinvbit, avx, avx2, aes, erms, clmul, bmi1, bmi2, adx, sha, fma, vzeroupper, clflush, clflushopt, hv, rdtscp, rdpid, fsrm, f16c, cet_ss
Processor Information for the first 16 processors :
  Max Mhz: 3201, Current Mhz: 3201, Mhz Limit: 3201

Memory: 4k page, system-wide physical 7436M (422M free)
TotalPageFile size 29964M (AvailPageFile size 8M)
current process WorkingSet (physical memory assigned to process): 190M, peak: 288M
current process commit charge ("private bytes"): 404M, peak: 419M

vm_info: OpenJDK 64-Bit Server VM (21.0.7+6-LTS) for windows-amd64 JRE (21.0.7+6-LTS), built on 2025-04-15T00:00:00Z by "admin" with MS VC++ 17.7 (VS2022)

END.
